Checking PR-3147 from smartlogwms/swm-fe and branch 1.9.6/SWMS-4752
Checking PR-1517 from smartlogwms/swm-fe and branch 1.6.5/grid
Checking PR-3083 from smartlogwms/swm-fe and branch 1.9.4/SWMS-4745-fix-conflict
Checking PR-3043 from smartlogwms/swm-fe and branch origin/multi-platform
Checking PR-3041 from smartlogwms/swm-fe and branch origin/multi-platform
Checking PR-1762 from smartlogwms/swm-fe and branch kafka/1.7.1/SWMS-1494_1499_4
Checking PR-1761 from smartlogwms/swm-fe and branch kafka/1.7.1/SWMS-1494_1499_2
Checking PR-1760 from smartlogwms/swm-fe and branch kafka/1.7.1/SWMS-1494_1499_1
Checking PR-1007 from smartlogwms/swm-fe and branch 1.5.0/swms-fix-thienviet

  9 pull requests were processed
[Sat Apr 15 15:32:53 UTC 2023] com.cloudbees.jenkins.plugins.bitbucket.hooks.PushHookProcessor$1 UPDATED event from 192.168.24.66 ⇒ http://jenkins-smartlog.danghung.xyz/bitbucket-scmsource-hook/notify with timestamp Sat Apr 15 15:32:31 UTC 2023 processed in 16 sec
[Sat Apr 15 15:33:32 UTC 2023] Received com.cloudbees.jenkins.plugins.bitbucket.hooks.PushHookProcessor$1 UPDATED event from 192.168.39.0 ⇒ http://jenkins-smartlog.danghung.xyz/bitbucket-scmsource-hook/notify with timestamp Sat Apr 15 15:33:27 UTC 2023
Connecting to https://bitbucket.org using oauth-swm
Repository type: Git
Looking up smartlogwms/swm-fe for branches
Checking branch Release/1.9.8_2 from smartlogwms/swm-fe
Checking branch dev from smartlogwms/swm-fe
      ‘Jenkinsfile’ found
    Met criteria
Changes detected: dev (8486b4fde92f6ff4587f24a134475c61d914eab5 → c88d50470028967f443b2bd5d2cc14e964c1c24d)
Scheduled build for branch: dev

  2 branches were processed (query completed)
[Sat Apr 15 15:33:47 UTC 2023] com.cloudbees.jenkins.plugins.bitbucket.hooks.PushHookProcessor$1 UPDATED event from 192.168.39.0 ⇒ http://jenkins-smartlog.danghung.xyz/bitbucket-scmsource-hook/notify with timestamp Sat Apr 15 15:33:27 UTC 2023 processed in 15 sec
