Started
[Mon Feb 20 10:11:26 UTC 2023] Starting branch indexing...
Connecting to https://bitbucket.org using oauth-swm
Repository type: Git
Looking up smartlogwms/swm-fe for branches
Checking branch fix/arm64-build from smartlogwms/swm-fe
Checking branch 1.3.9/SWM-1808 from smartlogwms/swm-fe
Checking branch 1.4.0-SWM-1904 from smartlogwms/swm-fe
Checking branch 1.4.0/1.4.0/Add_Status_Close from smartlogwms/swm-fe
Checking branch 1.4.0/SWM-1797 from smartlogwms/swm-fe
Checking branch 1.4.0/SWM-1804 from smartlogwms/swm-fe
Checking branch 1.4.0/SWM-1845 from smartlogwms/swm-fe
Checking branch 1.4.0/SWM-1858 from smartlogwms/swm-fe
Checking branch 1.4.0/SWM-1912 from smartlogwms/swm-fe
Checking branch 1.4.0/SWM-1912-2 from smartlogwms/swm-fe
Checking branch 1.4.0/SWM-2035 from smartlogwms/swm-fe
Checking branch 1.4.0/SWM-2052 from smartlogwms/swm-fe
Checking branch 1.4.0/swm-2012-confict from smartlogwms/swm-fe
Checking branch 1.4.0/swm-2042 from smartlogwms/swm-fe
Checking branch 1.4.1/Add-ConditioncodeSaleOrder from smartlogwms/swm-fe
Checking branch 1.4.1/AddTransportationMode from smartlogwms/swm-fe
Checking branch 1.4.1/FixAllocateManual from smartlogwms/swm-fe
Checking branch 1.4.1/SWM-1882-1996 from smartlogwms/swm-fe
Checking branch 1.4.1/SWM-1983 from smartlogwms/swm-fe
Checking branch 1.4.1/SWM-1983FIXCF from smartlogwms/swm-fe
Checking branch 1.4.1/SWM-2057 from smartlogwms/swm-fe
Checking branch 1.4.1/SWM-2085 from smartlogwms/swm-fe
Checking branch 1.4.1/UnpalletizationCFS from smartlogwms/swm-fe
Checking branch 1.4.1/conflict-swm-2054 from smartlogwms/swm-fe
Checking branch 1.4.1/fix-report-test from smartlogwms/swm-fe
Checking branch 1.4.1/swm-1740 from smartlogwms/swm-fe
Checking branch 1.4.1/swm-1907 from smartlogwms/swm-fe
Checking branch 1.4.1/swm-1918 from smartlogwms/swm-fe
Checking branch 1.4.1/swm-1961 from smartlogwms/swm-fe
Checking branch 1.4.1/swm-1961-conflict from smartlogwms/swm-fe
Checking branch 1.4.1/swm-1982 from smartlogwms/swm-fe
Checking branch 1.4.1/swm-1983-conflic from smartlogwms/swm-fe
Checking branch 1.4.1/swm-1983-fix-conflict from smartlogwms/swm-fe
Checking branch 1.4.1/swm-2007 from smartlogwms/swm-fe
Checking branch 1.4.1/swm-2011 from smartlogwms/swm-fe
Checking branch 1.4.1/swm-2018 from smartlogwms/swm-fe
Checking branch 1.4.1/swm-2054 from smartlogwms/swm-fe
Checking branch 1.4.1/swm-2054-conflict from smartlogwms/swm-fe
Checking branch 1.4.1/swm-2059 from smartlogwms/swm-fe
Checking branch 1.4.1/swm-2059-conflict from smartlogwms/swm-fe
Checking branch 1.4.1/swm-2072 from smartlogwms/swm-fe
Checking branch 1.4.1/swm-2073 from smartlogwms/swm-fe
Checking branch 1.4.2/SWM-1884 from smartlogwms/swm-fe
Checking branch 1.4.2/SWM-1912 from smartlogwms/swm-fe
Checking branch 1.4.2/SWM-1983NEW from smartlogwms/swm-fe
Checking branch 1.4.2/SWM-1986 from smartlogwms/swm-fe
Checking branch 1.4.2/SWM-2055 from smartlogwms/swm-fe
Checking branch 1.4.2/SWM-2056 from smartlogwms/swm-fe
Checking branch 1.4.2/SWM-2070 from smartlogwms/swm-fe
Checking branch 1.4.2/SWM-2083 from smartlogwms/swm-fe
Checking branch 1.4.2/SWM-2125 from smartlogwms/swm-fe
Checking branch 1.4.2/SWM-2137 from smartlogwms/swm-fe
Checking branch 1.4.2/SWM-2165 from smartlogwms/swm-fe
Checking branch 1.4.2/SWM-2180 from smartlogwms/swm-fe
Checking branch 1.4.2/swm-1836-fix from smartlogwms/swm-fe
Checking branch 1.4.2/swm-1836-fix-conflict from smartlogwms/swm-fe
Checking branch 1.4.2/swm-1903 from smartlogwms/swm-fe
Checking branch 1.4.2/swm-1907 from smartlogwms/swm-fe
Checking branch 1.4.2/swm-1994 from smartlogwms/swm-fe
Checking branch 1.4.2/swm-2016 from smartlogwms/swm-fe
Checking branch 1.4.2/swm-2023N from smartlogwms/swm-fe
Checking branch 1.4.2/swm-2039 from smartlogwms/swm-fe
Checking branch 1.4.2/swm-2039-conflict from smartlogwms/swm-fe
Checking branch 1.4.2/swm-2041 from smartlogwms/swm-fe
Checking branch 1.4.2/swm-2058 from smartlogwms/swm-fe
Checking branch 1.4.2/swm-2073 from smartlogwms/swm-fe
Checking branch 1.4.2/swm-2081 from smartlogwms/swm-fe
Checking branch 1.4.2/swm-2084 from smartlogwms/swm-fe
Checking branch 1.4.2/swm-2095 from smartlogwms/swm-fe
Checking branch 1.4.2/swm-2099 from smartlogwms/swm-fe
Checking branch 1.4.2/swm-2101 from smartlogwms/swm-fe
Checking branch 1.4.2/swm-2101-conflict from smartlogwms/swm-fe
Checking branch 1.4.2/swm-2111 from smartlogwms/swm-fe
Checking branch 1.4.2/swm-2112 from smartlogwms/swm-fe
Checking branch 1.4.2/swm-2112-conflict from smartlogwms/swm-fe
Checking branch 1.4.2/swm-2116 from smartlogwms/swm-fe
Checking branch 1.4.2/swm-2134-ff from smartlogwms/swm-fe
Checking branch 1.4.2/swm-2138 from smartlogwms/swm-fe
Checking branch 1.4.2/swm-2170 from smartlogwms/swm-fe
Checking branch 1.4.2/swm-2231 from smartlogwms/swm-fe
Checking branch 1.4.2/swm-fix-pallet from smartlogwms/swm-fe
Checking branch 1.4.2/swm-fix-pallet-conflict from smartlogwms/swm-fe
Checking branch 1.4.3/SWM-1522 from smartlogwms/swm-fe
Checking branch 1.4.3/SWM-2087 from smartlogwms/swm-fe
Checking branch 1.4.3/SWM-2143 from smartlogwms/swm-fe
Checking branch 1.4.3/SWM-2168 from smartlogwms/swm-fe
Checking branch 1.4.3/SWM-2221 from smartlogwms/swm-fe
Checking branch 1.4.3/SWM-2249 from smartlogwms/swm-fe
Checking branch 1.4.3/SWM-2249FIX from smartlogwms/swm-fe
Checking branch 1.4.3/SWM-2249FIXCONF from smartlogwms/swm-fe
Checking branch 1.4.3/bug-swm-2144 from smartlogwms/swm-fe
Checking branch 1.4.3/swm-1922 from smartlogwms/swm-fe
Checking branch 1.4.3/swm-1960 from smartlogwms/swm-fe
Checking branch 1.4.3/swm-1992 from smartlogwms/swm-fe
Checking branch 1.4.3/swm-2078 from smartlogwms/swm-fe
Checking branch 1.4.3/swm-2099 from smartlogwms/swm-fe
Checking branch 1.4.3/swm-2101 from smartlogwms/swm-fe
Checking branch 1.4.3/swm-2101-conflict from smartlogwms/swm-fe
Checking branch 1.4.3/swm-2111 from smartlogwms/swm-fe
Checking branch 1.4.3/swm-2138 from smartlogwms/swm-fe
Checking branch 1.4.3/swm-2144 from smartlogwms/swm-fe
Checking branch 1.4.3/swm-2159 from smartlogwms/swm-fe
Checking branch 1.4.3/swm-2230 from smartlogwms/swm-fe
Checking branch 1.4.4/Fix_Palletization from smartlogwms/swm-fe
Checking branch 1.4.4/SWM-2104 from smartlogwms/swm-fe
Checking branch 1.4.4/SWM-2106 from smartlogwms/swm-fe
Checking branch 1.4.4/SWM-2132 from smartlogwms/swm-fe
Checking branch 1.4.4/SWM-2146 from smartlogwms/swm-fe
Checking branch 1.4.4/SWM-2160 from smartlogwms/swm-fe
Checking branch 1.4.4/SWM-2205 from smartlogwms/swm-fe
Checking branch 1.4.4/SWM-2208 from smartlogwms/swm-fe
Checking branch 1.4.4/SWM-2214 from smartlogwms/swm-fe
Checking branch 1.4.4/SWM-2226 from smartlogwms/swm-fe
Checking branch 1.4.4/SWM-2243 from smartlogwms/swm-fe
Checking branch 1.4.4/SWM-2251 from smartlogwms/swm-fe
Checking branch 1.4.4/SWM-2261 from smartlogwms/swm-fe
Checking branch 1.4.4/SWM-2284 from smartlogwms/swm-fe
Checking branch 1.4.4/SWM-2323 from smartlogwms/swm-fe
Checking branch 1.4.4/swm-2069 from smartlogwms/swm-fe
Checking branch 1.4.4/swm-2119 from smartlogwms/swm-fe
Checking branch 1.4.4/swm-2119-con from smartlogwms/swm-fe
Checking branch 1.4.4/swm-2119-conflict from smartlogwms/swm-fe
Checking branch 1.4.4/swm-2136 from smartlogwms/swm-fe
Checking branch 1.4.4/swm-2163 from smartlogwms/swm-fe
Checking branch 1.4.4/swm-2207 from smartlogwms/swm-fe
Checking branch 1.4.4/swm-2209 from smartlogwms/swm-fe
Checking branch 1.4.4/swm-2210 from smartlogwms/swm-fe
Checking branch 1.4.4/swm-2228 from smartlogwms/swm-fe
Checking branch 1.4.4/swm-2237 from smartlogwms/swm-fe
Checking branch 1.4.4/swm-2240 from smartlogwms/swm-fe
Checking branch 1.4.4/swm-2244 from smartlogwms/swm-fe
Checking branch 1.4.4/swm-2266 from smartlogwms/swm-fe
Checking branch 1.4.4/swm-2286 from smartlogwms/swm-fe
Checking branch 1.4.5/Fix_SaleorderTracking from smartlogwms/swm-fe
Checking branch 1.4.5/SWM-2072 from smartlogwms/swm-fe
Checking branch 1.4.5/SWM-2091 from smartlogwms/swm-fe
Checking branch 1.4.5/SWM-2093 from smartlogwms/swm-fe
Checking branch 1.4.5/SWM-2105 from smartlogwms/swm-fe
Checking branch 1.4.5/SWM-2251 from smartlogwms/swm-fe
Checking branch 1.4.5/SWM-2251-fix-conflict from smartlogwms/swm-fe
Checking branch 1.4.5/SWM-2251-fix-conflict-1 from smartlogwms/swm-fe
Checking branch 1.4.5/SWM-2316 from smartlogwms/swm-fe
Checking branch 1.4.5/SWM-2330 from smartlogwms/swm-fe
Checking branch 1.4.5/SWM-2348 from smartlogwms/swm-fe
Checking branch 1.4.5/SWM-2360 from smartlogwms/swm-fe
Checking branch 1.4.5/SWM-2395 from smartlogwms/swm-fe
Checking branch 1.4.5/SWM-2396 from smartlogwms/swm-fe
Checking branch 1.4.5/SWM-2436 from smartlogwms/swm-fe
Checking branch 1.4.5/SWM-2445 from smartlogwms/swm-fe
Checking branch 1.4.5/SWM-2455 from smartlogwms/swm-fe
Checking branch 1.4.5/SWM-2460 from smartlogwms/swm-fe
Checking branch 1.4.5/swm-2163 from smartlogwms/swm-fe
Checking branch 1.4.5/swm-2317 from smartlogwms/swm-fe
Checking branch 1.4.5/swm-2331 from smartlogwms/swm-fe
Checking branch 1.4.5/swm-2331-con from smartlogwms/swm-fe
Checking branch 1.4.5/swm-2353 from smartlogwms/swm-fe
Checking branch 1.4.5/swm-2462 from smartlogwms/swm-fe
Checking branch 1.4.5/swm-2485 from smartlogwms/swm-fe
Checking branch 1.4.5/swms-751 from smartlogwms/swm-fe
Checking branch 1.4.6/SWM-2523 from smartlogwms/swm-fe
Checking branch 1.4.6/SWM-2554 from smartlogwms/swm-fe
Checking branch 1.4.6/SWM-2555 from smartlogwms/swm-fe
Checking branch 1.4.6/SWM-2571 from smartlogwms/swm-fe
Checking branch 1.4.6/SWM-2579 from smartlogwms/swm-fe
Checking branch 1.4.6/SWM-2579FIXCONFLICT from smartlogwms/swm-fe
Checking branch 1.4.6/SWM-2580 from smartlogwms/swm-fe
Checking branch 1.4.6/SWM-2581 from smartlogwms/swm-fe
Checking branch 1.4.6/SWM-2613 from smartlogwms/swm-fe
Checking branch 1.4.6/SWM-2634 from smartlogwms/swm-fe
Checking branch 1.4.6/SWM-2637 from smartlogwms/swm-fe
Checking branch 1.4.6/Visualize from smartlogwms/swm-fe
Checking branch 1.4.6/conflict-swm-2558 from smartlogwms/swm-fe
Checking branch 1.4.6/conflict-swm-2559 from smartlogwms/swm-fe
Checking branch 1.4.6/conflict-swm-2561 from smartlogwms/swm-fe
Checking branch 1.4.6/swm-2336 from smartlogwms/swm-fe
Checking branch 1.4.6/swm-2558 from smartlogwms/swm-fe
Checking branch 1.4.6/swm-2559 from smartlogwms/swm-fe
Checking branch 1.4.6/swm-2561 from smartlogwms/swm-fe
Checking branch 1.4.6/swm-2568 from smartlogwms/swm-fe
Checking branch 1.4.7/SWM-2251 from smartlogwms/swm-fe
Checking branch 1.4.7/SWM-2265 from smartlogwms/swm-fe
Checking branch 1.4.7/SWM-2346 from smartlogwms/swm-fe
Checking branch 1.4.7/SWM-2415 from smartlogwms/swm-fe
Checking branch 1.4.7/SWM-2433 from smartlogwms/swm-fe
Checking branch 1.4.7/SWM-2451 from smartlogwms/swm-fe
Checking branch 1.4.7/SWM-2475 from smartlogwms/swm-fe
Checking branch 1.4.7/SWM-2475-DEV from smartlogwms/swm-fe
Checking branch 1.4.7/SWM-2594 from smartlogwms/swm-fe
Checking branch 1.4.7/SWM-2648 from smartlogwms/swm-fe
Checking branch 1.4.7/SWM-2685 from smartlogwms/swm-fe
Checking branch 1.4.7/SWM-70 from smartlogwms/swm-fe
Checking branch 1.4.7/SWMS-119 from smartlogwms/swm-fe
Checking branch 1.4.7/SWMS-56 from smartlogwms/swm-fe
Checking branch 1.4.7/SWMS-56FIXCONFLICT from smartlogwms/swm-fe
Checking branch 1.4.7/conflict-swm-2643 from smartlogwms/swm-fe
Checking branch 1.4.7/conflict-swms-76 from smartlogwms/swm-fe
Checking branch 1.4.7/conflict-swms-78 from smartlogwms/swm-fe
Checking branch 1.4.7/swm-2406 from smartlogwms/swm-fe
Checking branch 1.4.7/swm-2408 from smartlogwms/swm-fe
Checking branch 1.4.7/swm-2409 from smartlogwms/swm-fe
Checking branch 1.4.7/swm-2573 from smartlogwms/swm-fe
Checking branch 1.4.7/swm-2643 from smartlogwms/swm-fe
Checking branch 1.4.7/swm-2646 from smartlogwms/swm-fe
Checking branch 1.4.7/swms-76 from smartlogwms/swm-fe
Checking branch 1.4.7/swms-78 from smartlogwms/swm-fe
Checking branch 1.4.8/SWM-215 from smartlogwms/swm-fe
Checking branch 1.4.8/SWM-2475 from smartlogwms/swm-fe
Checking branch 1.4.8/SWMS-202 from smartlogwms/swm-fe
Checking branch 1.4.8/SWMS-227 from smartlogwms/swm-fe
Checking branch 1.4.8/SWMS-227-conflict from smartlogwms/swm-fe
Checking branch 1.4.8/SWMS-56 from smartlogwms/swm-fe
Checking branch 1.4.8/conflict-swms-216 from smartlogwms/swm-fe
Checking branch 1.4.8/conflict-swms-218 from smartlogwms/swm-fe
Checking branch 1.4.8/conflict-swms-283 from smartlogwms/swm-fe
Checking branch 1.4.8/swms-123 from smartlogwms/swm-fe
Checking branch 1.4.8/swms-216 from smartlogwms/swm-fe
Checking branch 1.4.8/swms-218 from smartlogwms/swm-fe
Checking branch 1.4.8/swms-219 from smartlogwms/swm-fe
Checking branch 1.4.8/swms-2442 from smartlogwms/swm-fe
Checking branch 1.4.8/swms-256 from smartlogwms/swm-fe
Checking branch 1.4.8/swms-283 from smartlogwms/swm-fe
Checking branch 1.4.9/ChangeURLResource from smartlogwms/swm-fe
Checking branch 1.4.9/Fix-Enviroment from smartlogwms/swm-fe
Checking branch 1.4.9/SWMS-203 from smartlogwms/swm-fe
Checking branch 1.4.9/SWMS-271 from smartlogwms/swm-fe
Checking branch 1.4.9/SWMS-282+314 from smartlogwms/swm-fe
Checking branch 1.4.9/SWMS-290 from smartlogwms/swm-fe
Checking branch 1.4.9/SWMS-290FIXCONFLCIT from smartlogwms/swm-fe
Checking branch 1.4.9/SWMS-301 from smartlogwms/swm-fe
Checking branch 1.4.9/SWMS-329 from smartlogwms/swm-fe
Checking branch 1.4.9/SWMS-fixconflict290 from smartlogwms/swm-fe
Checking branch 1.4.9/conflict-swms-180 from smartlogwms/swm-fe
Checking branch 1.4.9/conflict-swms-270 from smartlogwms/swm-fe
Checking branch 1.4.9/conflict-swms-preallocate from smartlogwms/swm-fe
Checking branch 1.4.9/swms-177 from smartlogwms/swm-fe
Checking branch 1.4.9/swms-180 from smartlogwms/swm-fe
Checking branch 1.4.9/swms-198 from smartlogwms/swm-fe
Checking branch 1.4.9/swms-254 from smartlogwms/swm-fe
Checking branch 1.4.9/swms-270 from smartlogwms/swm-fe
Checking branch 1.4.9/swms-298 from smartlogwms/swm-fe
Checking branch 1.4.9/swms-356 from smartlogwms/swm-fe
Checking branch 1.4.9/swms-preallocate from smartlogwms/swm-fe
Checking branch 1.5.0.SWMS-432 from smartlogwms/swm-fe
Checking branch 1.5.0/KeoTowhseid from smartlogwms/swm-fe
Checking branch 1.5.0/SWMS-203 from smartlogwms/swm-fe
Checking branch 1.5.0/SWMS-259Fixconflict from smartlogwms/swm-fe
Checking branch 1.5.0/SWMS-277 from smartlogwms/swm-fe
Checking branch 1.5.0/SWMS-311 from smartlogwms/swm-fe
Checking branch 1.5.0/SWMS-347 from smartlogwms/swm-fe
Checking branch 1.5.0/SWMS-358 from smartlogwms/swm-fe
Checking branch 1.5.0/SWMS-359 from smartlogwms/swm-fe
Checking branch 1.5.0/SWMS-387 from smartlogwms/swm-fe
Checking branch 1.5.0/SWMS-393 from smartlogwms/swm-fe
Checking branch 1.5.0/SWMS-405 from smartlogwms/swm-fe
Checking branch 1.5.0/SWMS-405-CONFLICT from smartlogwms/swm-fe
Checking branch 1.5.0/SWMS-413 from smartlogwms/swm-fe
Checking branch 1.5.0/Themdata-cy from smartlogwms/swm-fe
Checking branch 1.5.0/changebackground from smartlogwms/swm-fe
Checking branch 1.5.0/conflict-swms-344 from smartlogwms/swm-fe
Checking branch 1.5.0/swms-322 from smartlogwms/swm-fe
Checking branch 1.5.0/swms-334 from smartlogwms/swm-fe
Checking branch 1.5.0/swms-344 from smartlogwms/swm-fe
Checking branch 1.5.0/swms-400 from smartlogwms/swm-fe
Checking branch 1.5.0/swms-432-conflict-prod from smartlogwms/swm-fe
Checking branch 1.5.0/swms-fix-thienviet from smartlogwms/swm-fe
Checking branch 1.5.1/SWMS-307 from smartlogwms/swm-fe
Checking branch 1.5.1/SWMS-396 from smartlogwms/swm-fe
Checking branch 1.5.1/SWMS-450 from smartlogwms/swm-fe
Checking branch 1.5.1/SWMS-478 from smartlogwms/swm-fe
Checking branch 1.5.1/SWMS-481 from smartlogwms/swm-fe
Checking branch 1.5.1/SWMS-539 from smartlogwms/swm-fe
Checking branch 1.5.1/SyncTietTrung from smartlogwms/swm-fe
Checking branch 1.5.1/swms-328 from smartlogwms/swm-fe
Checking branch 1.5.1/swms-363 from smartlogwms/swm-fe
Checking branch 1.5.1/swms-452 from smartlogwms/swm-fe
Checking branch 1.5.1/swms-473 from smartlogwms/swm-fe
Checking branch 1.5.2/ChangelinkReceive from smartlogwms/swm-fe
Checking branch 1.5.2/Fix-SyncQuangQuan from smartlogwms/swm-fe
Checking branch 1.5.2/SWMS-568 from smartlogwms/swm-fe
Checking branch 1.5.2/SWMS-581 from smartlogwms/swm-fe
Checking branch 1.5.2/swms-500 from smartlogwms/swm-fe
Checking branch 1.5.2/swms-565 from smartlogwms/swm-fe
Checking branch 1.5.2/swms-566 from smartlogwms/swm-fe
Checking branch 1.5.2/swms-566-conflict from smartlogwms/swm-fe
Checking branch 1.5.2/swms-582 from smartlogwms/swm-fe
Checking branch 1.5.3/SWMS-149 from smartlogwms/swm-fe
Checking branch 1.5.3/SWMS-149-fix-conflict from smartlogwms/swm-fe
Checking branch 1.5.3/SWMS-592 from smartlogwms/swm-fe
Checking branch 1.5.3/SWMS-599 from smartlogwms/swm-fe
Checking branch 1.5.3/SWMS-624 from smartlogwms/swm-fe
Checking branch 1.5.3/SWMS-642 from smartlogwms/swm-fe
Checking branch 1.5.3/SWMS-647 from smartlogwms/swm-fe
Checking branch 1.5.3/SWMS-650 from smartlogwms/swm-fe
Checking branch 1.5.3/SWMS-655 from smartlogwms/swm-fe
Checking branch 1.5.3/SWMS-659 from smartlogwms/swm-fe
Checking branch 1.5.3/SWMS-689 from smartlogwms/swm-fe
Checking branch 1.5.3/SWMS-691 from smartlogwms/swm-fe
Checking branch 1.5.3/SWMS-713 from smartlogwms/swm-fe
Checking branch 1.5.3/SWWMS-573 from smartlogwms/swm-fe
Checking branch 1.5.3/conflict-579 from smartlogwms/swm-fe
Checking branch 1.5.3/fixNotiDelete from smartlogwms/swm-fe
Checking branch 1.5.3/swms-583 from smartlogwms/swm-fe
Checking branch 1.5.3/swms-591 from smartlogwms/swm-fe
Checking branch 1.5.3/swms-593 from smartlogwms/swm-fe
Checking branch 1.5.3/swms-597 from smartlogwms/swm-fe
Checking branch 1.5.3/swms-651 from smartlogwms/swm-fe
Checking branch 1.5.3/swms-658 from smartlogwms/swm-fe
Checking branch 1.5.3/swms-665 from smartlogwms/swm-fe
Checking branch 1.5.3/swms-715 from smartlogwms/swm-fe
Checking branch 1.5.4/SWMS-643 from smartlogwms/swm-fe
Checking branch 1.5.4/SWMS-643-FIXCONFLICT from smartlogwms/swm-fe
Checking branch 1.5.4/SWMS-644 from smartlogwms/swm-fe
Checking branch 1.5.4/SWMS-656 from smartlogwms/swm-fe
Checking branch 1.5.4/SWMS-656-FIXCONFLICT from smartlogwms/swm-fe
Checking branch 1.5.4/SWMS-685 from smartlogwms/swm-fe
Checking branch 1.5.4/SWMS-754 from smartlogwms/swm-fe
Checking branch 1.5.4/SWMS-754-FIXCONFLICT from smartlogwms/swm-fe
Checking branch 1.5.4/SWMS-763 from smartlogwms/swm-fe
Checking branch 1.5.4/SWMS-787 from smartlogwms/swm-fe
Checking branch 1.5.4/conflict-682 from smartlogwms/swm-fe
Checking branch 1.5.4/conflict-749 from smartlogwms/swm-fe
Checking branch 1.5.4/conflict-752 from smartlogwms/swm-fe
Checking branch 1.5.4/conflict-759 from smartlogwms/swm-fe
Checking branch 1.5.4/conflict-788 from smartlogwms/swm-fe
Checking branch 1.5.4/oms-camco from smartlogwms/swm-fe
Checking branch 1.5.4/swm-713-chart from smartlogwms/swm-fe
Checking branch 1.5.4/swms-573-tv from smartlogwms/swm-fe
Checking branch 1.5.4/swms-651 from smartlogwms/swm-fe
Checking branch 1.5.4/swms-651-fixconflict from smartlogwms/swm-fe
Checking branch 1.5.4/swms-682 from smartlogwms/swm-fe
Checking branch 1.5.4/swms-684 from smartlogwms/swm-fe
Checking branch 1.5.4/swms-702 from smartlogwms/swm-fe
Checking branch 1.5.4/swms-730 from smartlogwms/swm-fe
Checking branch 1.5.4/swms-749 from smartlogwms/swm-fe
Checking branch 1.5.4/swms-751 from smartlogwms/swm-fe
Checking branch 1.5.4/swms-752 from smartlogwms/swm-fe
Checking branch 1.5.4/swms-753 from smartlogwms/swm-fe
Checking branch 1.5.4/swms-758 from smartlogwms/swm-fe
Checking branch 1.5.4/swms-759 from smartlogwms/swm-fe
Checking branch 1.5.4/swms-776 from smartlogwms/swm-fe
Checking branch 1.5.4/swms-788 from smartlogwms/swm-fe
Checking branch 1.5.4/swms-801-xixconflict from smartlogwms/swm-fe
Checking branch 1.5.4/swms-conflict-751 from smartlogwms/swm-fe
Checking branch 1.5.5/SWMS-782 from smartlogwms/swm-fe
Checking branch 1.5.5/SWMS-784 from smartlogwms/swm-fe
Checking branch 1.5.5/SWMS-792 from smartlogwms/swm-fe
Checking branch 1.5.5/SWMS-822 from smartlogwms/swm-fe
Checking branch 1.5.5/SWMS-848 from smartlogwms/swm-fe
Checking branch 1.5.5/SWMS-848-fixconflic from smartlogwms/swm-fe
Checking branch 1.5.5/SWMS-857 from smartlogwms/swm-fe
Checking branch 1.5.5/SWMS-876 from smartlogwms/swm-fe
Checking branch 1.5.5/SWMS-876-fix-conflict from smartlogwms/swm-fe
Checking branch 1.5.5/conflict-652 from smartlogwms/swm-fe
Checking branch 1.5.5/swms-651 from smartlogwms/swm-fe
Checking branch 1.5.5/swms-651-fixconflict from smartlogwms/swm-fe
Checking branch 1.5.5/swms-652 from smartlogwms/swm-fe
Checking branch 1.5.5/swms-801 from smartlogwms/swm-fe
Checking branch 1.5.5/swms-863-copy from smartlogwms/swm-fe
Checking branch 1.5.6/SWMS-796 from smartlogwms/swm-fe
Checking branch 1.5.6/SWMS-796cfonlict from smartlogwms/swm-fe
Checking branch 1.5.6/SWMS-932 from smartlogwms/swm-fe
Checking branch 1.5.6/SWMS-933 from smartlogwms/swm-fe
Checking branch 1.5.6/SWMS-953 from smartlogwms/swm-fe
Checking branch 1.5.6/conflict-921 from smartlogwms/swm-fe
Checking branch 1.5.6/swm-735-fixconflic from smartlogwms/swm-fe
Checking branch 1.5.6/swms-593 from smartlogwms/swm-fe
Checking branch 1.5.6/swms-735 from smartlogwms/swm-fe
Checking branch 1.5.6/swms-795 from smartlogwms/swm-fe
Checking branch 1.5.6/swms-795-fixconflict from smartlogwms/swm-fe
Checking branch 1.5.6/swms-809 from smartlogwms/swm-fe
Checking branch 1.5.6/swms-873 from smartlogwms/swm-fe
Checking branch 1.5.6/swms-911 from smartlogwms/swm-fe
Checking branch 1.5.6/swms-921 from smartlogwms/swm-fe
Checking branch 1.5.6/swms-924 from smartlogwms/swm-fe
Checking branch 1.5.6/swms-929 from smartlogwms/swm-fe
Checking branch 1.5.6/swms-936 from smartlogwms/swm-fe
Checking branch 1.5.6/swms-942 from smartlogwms/swm-fe
Checking branch 1.5.6/swms-944 from smartlogwms/swm-fe
Checking branch 1.5.6/swms-958 from smartlogwms/swm-fe
Checking branch 1.5.7/SWMS-1024 from smartlogwms/swm-fe
Checking branch 1.5.7/SWMS-960 from smartlogwms/swm-fe
Checking branch 1.5.7/SWMS-993 from smartlogwms/swm-fe
Checking branch 1.5.7/conflict-996 from smartlogwms/swm-fe
Checking branch 1.5.7/hotfix from smartlogwms/swm-fe
Checking branch 1.5.7/swm-723 from smartlogwms/swm-fe
Checking branch 1.5.7/swm-863 from smartlogwms/swm-fe
Checking branch 1.5.7/swms-1034 from smartlogwms/swm-fe
Checking branch 1.5.7/swms-1054 from smartlogwms/swm-fe
Checking branch 1.5.7/swms-1062 from smartlogwms/swm-fe
Checking branch 1.5.7/swms-713-chart from smartlogwms/swm-fe
Checking branch 1.5.7/swms-877 from smartlogwms/swm-fe
Checking branch 1.5.7/swms-946 from smartlogwms/swm-fe
Checking branch 1.5.7/swms-949 from smartlogwms/swm-fe
Checking branch 1.5.7/swms-959 from smartlogwms/swm-fe
Checking branch 1.5.7/swms-985 from smartlogwms/swm-fe
Checking branch 1.5.7/swms-988 from smartlogwms/swm-fe
Checking branch 1.5.7/swms-991 from smartlogwms/swm-fe
Checking branch 1.5.7/swms-995 from smartlogwms/swm-fe
Checking branch 1.5.7/swms-996 from smartlogwms/swm-fe
Checking branch 1.5.7/swms-997 from smartlogwms/swm-fe
Checking branch 1.5.8/SWMS-1067 from smartlogwms/swm-fe
Checking branch 1.5.8/SWMS-1092 from smartlogwms/swm-fe
Checking branch 1.5.8/SWMS-1092fix from smartlogwms/swm-fe
Checking branch 1.5.8/fix-import-location from smartlogwms/swm-fe
Checking branch 1.5.8/swms-1008 from smartlogwms/swm-fe
Checking branch 1.5.8/swms-1049 from smartlogwms/swm-fe
Checking branch 1.5.8/swms-1063 from smartlogwms/swm-fe
Checking branch 1.5.8/swms-1068 from smartlogwms/swm-fe
Checking branch 1.5.8/swms-1077 from smartlogwms/swm-fe
Checking branch 1.5.8/swms-1091 from smartlogwms/swm-fe
Checking branch 1.5.8/swms-1091-conflict from smartlogwms/swm-fe
Checking branch 1.5.8/swms-1093 from smartlogwms/swm-fe
Checking branch 1.5.8/swms-1106 from smartlogwms/swm-fe
Checking branch 1.5.8/swms-651 from smartlogwms/swm-fe
Checking branch 1.5.8/swms-919 from smartlogwms/swm-fe
Checking branch 1.5.8/swms-957 from smartlogwms/swm-fe
Checking branch 1.5.8/swms-991 from smartlogwms/swm-fe
Checking branch 1.5.8/swms-991-conflict from smartlogwms/swm-fe
Checking branch 1.5.9/SWMS-1131 from smartlogwms/swm-fe
Checking branch 1.5.9/conflict-1111 from smartlogwms/swm-fe
Checking branch 1.5.9/conflict-912 from smartlogwms/swm-fe
Checking branch 1.5.9/swm-723 from smartlogwms/swm-fe
Checking branch 1.5.9/swm-723-fixconflict from smartlogwms/swm-fe
Checking branch 1.5.9/swms-1053 from smartlogwms/swm-fe
Checking branch 1.5.9/swms-1069 from smartlogwms/swm-fe
Checking branch 1.5.9/swms-1069-fixconflict from smartlogwms/swm-fe
Checking branch 1.5.9/swms-1111 from smartlogwms/swm-fe
Checking branch 1.5.9/swms-1128 from smartlogwms/swm-fe
Checking branch 1.5.9/swms-912 from smartlogwms/swm-fe
Checking branch 1.5.9/swms-913 from smartlogwms/swm-fe
Checking branch 1.5.x/return-allocated from smartlogwms/swm-fe
Checking branch 1.6.0/Fix-ViewShipmentOrder from smartlogwms/swm-fe
Checking branch 1.6.0/SWMS-1100 from smartlogwms/swm-fe
Checking branch 1.6.0/SWMS-1134 from smartlogwms/swm-fe
Checking branch 1.6.0/SWMS-1190 from smartlogwms/swm-fe
Checking branch 1.6.0/SWMS-1193 from smartlogwms/swm-fe
Checking branch 1.6.0/fix-whseidbyzone-icdst from smartlogwms/swm-fe
Checking branch 1.6.0/swms-1098 from smartlogwms/swm-fe
Checking branch 1.6.0/swms-1144 from smartlogwms/swm-fe
Checking branch 1.6.0/swms-1157 from smartlogwms/swm-fe
Checking branch 1.6.0/swms-1184 from smartlogwms/swm-fe
Checking branch 1.6.0/swms-1189 from smartlogwms/swm-fe
Checking branch 1.6.0/swms-1204 from smartlogwms/swm-fe
Checking branch 1.6.0/swms-1208 from smartlogwms/swm-fe
Checking branch 1.6.1/SWMS-1180 from smartlogwms/swm-fe
Checking branch 1.6.1/SWMS-1229 from smartlogwms/swm-fe
Checking branch 1.6.1/swms-1044 from smartlogwms/swm-fe
Checking branch 1.6.1/swms-1220 from smartlogwms/swm-fe
Checking branch 1.6.1/swms-1230 from smartlogwms/swm-fe
Checking branch 1.6.1/swms-1237 from smartlogwms/swm-fe
Checking branch 1.6.2/SWMS-1168 from smartlogwms/swm-fe
Checking branch 1.6.2/SWMS-1243 from smartlogwms/swm-fe
Checking branch 1.6.2/SWMS-1267 from smartlogwms/swm-fe
Checking branch 1.6.2/conflict-1250 from smartlogwms/swm-fe
Checking branch 1.6.2/fix-backgroundvnpt from smartlogwms/swm-fe
Checking branch 1.6.2/swms-1247 from smartlogwms/swm-fe
Checking branch 1.6.2/swms-1250 from smartlogwms/swm-fe
Checking branch 1.6.2/swms-1252 from smartlogwms/swm-fe
Checking branch 1.6.2/swms-1255 from smartlogwms/swm-fe
Checking branch 1.6.2/swms-1259 from smartlogwms/swm-fe
Checking branch 1.6.2/swms-1274 from smartlogwms/swm-fe
Checking branch 1.6.3/SWMS-1292 from smartlogwms/swm-fe
Checking branch 1.6.3/SWMS-1293 from smartlogwms/swm-fe
Checking branch 1.6.3/SWMS-1304 from smartlogwms/swm-fe
Checking branch 1.6.3/swms-1257 from smartlogwms/swm-fe
Checking branch 1.6.3/swms-1271 from smartlogwms/swm-fe
Checking branch 1.6.3/swms-1300 from smartlogwms/swm-fe
Checking branch 1.6.3/swms-1301 from smartlogwms/swm-fe
Checking branch 1.6.3/swms-1314 from smartlogwms/swm-fe
Checking branch 1.6.3/swms-1318 from smartlogwms/swm-fe
Checking branch 1.6.3/swms-1319 from smartlogwms/swm-fe
Checking branch 1.6.3/swms-1321 from smartlogwms/swm-fe
Checking branch 1.6.3/swms-1324 from smartlogwms/swm-fe
Checking branch 1.6.4/Enterprise from smartlogwms/swm-fe
Checking branch 1.6.4/SWMS-1143 from smartlogwms/swm-fe
Checking branch 1.6.4/SWMS-1335 from smartlogwms/swm-fe
Checking branch 1.6.4/SWMS-1338 from smartlogwms/swm-fe
Checking branch 1.6.4/SWMS-1342 from smartlogwms/swm-fe
Checking branch 1.6.4/SWMS-1357 from smartlogwms/swm-fe
Checking branch 1.6.4/SWMS-1373 from smartlogwms/swm-fe
Checking branch 1.6.4/SWMS-1374 from smartlogwms/swm-fe
Checking branch 1.6.4/SWMS-1375 from smartlogwms/swm-fe
Checking branch 1.6.4/SWMS-1381 from smartlogwms/swm-fe
Checking branch 1.6.4/SWMS-1382 from smartlogwms/swm-fe
Checking branch 1.6.4/clone-fix-grid from smartlogwms/swm-fe
Checking branch 1.6.4/conflict-1381 from smartlogwms/swm-fe
Checking branch 1.6.4/enterprise-sgb from smartlogwms/swm-fe
Checking branch 1.6.4/enterprise-sgb-2 from smartlogwms/swm-fe
Checking branch 1.6.4/enterprise-sgb-2-fixconflict from smartlogwms/swm-fe
Checking branch 1.6.4/enterprise-sgb-fix from smartlogwms/swm-fe
Checking branch 1.6.4/fix-some-error from smartlogwms/swm-fe
Checking branch 1.6.4/prod-active-conflict from smartlogwms/swm-fe
Checking branch 1.6.4/production-active-report-sgb from smartlogwms/swm-fe
Checking branch 1.6.4/swms-1320 from smartlogwms/swm-fe
Checking branch 1.6.4/swms-1390 from smartlogwms/swm-fe
Checking branch 1.6.5/FixPackEnterprise from smartlogwms/swm-fe
Checking branch 1.6.5/SWMS-1305 from smartlogwms/swm-fe
Checking branch 1.6.5/SWMS-1323 from smartlogwms/swm-fe
Checking branch 1.6.5/SWMS-1346 from smartlogwms/swm-fe
Checking branch 1.6.5/SWMS-1356 from smartlogwms/swm-fe
Checking branch 1.6.5/SWMS-1380 from smartlogwms/swm-fe
Checking branch 1.6.5/SWMS-1389 from smartlogwms/swm-fe
Checking branch 1.6.5/SWMS-1399 from smartlogwms/swm-fe
Checking branch 1.6.5/SWMS-1407 from smartlogwms/swm-fe
Checking branch 1.6.5/SWMS-1412 from smartlogwms/swm-fe
Checking branch 1.6.5/SWMS-1416 from smartlogwms/swm-fe
Checking branch 1.6.5/SWMS-1430 from smartlogwms/swm-fe
Checking branch 1.6.5/SWMS-1458 from smartlogwms/swm-fe
Checking branch 1.6.5/SWMS-1465 from smartlogwms/swm-fe
Checking branch 1.6.5/change-background from smartlogwms/swm-fe
Checking branch 1.6.5/conflict-1399 from smartlogwms/swm-fe
Checking branch 1.6.5/fix-load-pack2 from smartlogwms/swm-fe
Checking branch 1.6.5/fix-loadpack from smartlogwms/swm-fe
Checking branch 1.6.5/grid from smartlogwms/swm-fe
Checking branch 1.6.5/limit-row-statistics from smartlogwms/swm-fe
Checking branch 1.6.5/swms-1383 from smartlogwms/swm-fe
Checking branch 1.6.5/swms-1394 from smartlogwms/swm-fe
Checking branch 1.6.6/SWMS-1229 from smartlogwms/swm-fe
Checking branch 1.6.6/SWMS-1497 from smartlogwms/swm-fe
Checking branch 1.6.6/SWMS-1581 from smartlogwms/swm-fe
Checking branch 1.6.6/SWMS-1645 from smartlogwms/swm-fe
Checking branch 1.6.6/hotfixUnpalletization from smartlogwms/swm-fe
Checking branch 1.6.6/swms-1502 from smartlogwms/swm-fe
Checking branch 1.6.7/Change-background from smartlogwms/swm-fe
Checking branch 1.6.7/SWMS-1308 from smartlogwms/swm-fe
Checking branch 1.6.7/SWMS-1408 from smartlogwms/swm-fe
Checking branch 1.6.7/SWMS-1611 from smartlogwms/swm-fe
Checking branch 1.6.7/SWMS-1612 from smartlogwms/swm-fe
Checking branch 1.6.7/SWMS-1615 from smartlogwms/swm-fe
Checking branch 1.6.7/SWMS-1628 from smartlogwms/swm-fe
Checking branch 1.6.7/SWMS-1642 from smartlogwms/swm-fe
Checking branch 1.6.7/SWMS-1647 from smartlogwms/swm-fe
Checking branch 1.6.7/conflict-1615 from smartlogwms/swm-fe
Checking branch 1.6.8/SWMS-1658 from smartlogwms/swm-fe
Checking branch 1.6.8/SWMS-1662 from smartlogwms/swm-fe
Checking branch 1.6.8/SWMS-1670 from smartlogwms/swm-fe
Checking branch 1.6.8/SWMS-1678 from smartlogwms/swm-fe
Checking branch 1.6.8/SWMS-1682 from smartlogwms/swm-fe
Checking branch 1.6.8/SWMS-1701 from smartlogwms/swm-fe
Checking branch 1.6.8/SWMS-1705 from smartlogwms/swm-fe
Checking branch 1.6.8/SWMS-1712 from smartlogwms/swm-fe
Checking branch 1.6.8/SWMS-1725 from smartlogwms/swm-fe
Checking branch 1.6.8/conflict-1662 from smartlogwms/swm-fe
Checking branch 1.6.8/fix-favicon-logio from smartlogwms/swm-fe
Checking branch 1.6.8/mutiple-server-report from smartlogwms/swm-fe
Checking branch 1.6.9/SWMS-1408 from smartlogwms/swm-fe
Checking branch 1.6.9/SWMS-1585 from smartlogwms/swm-fe
Checking branch 1.6.9/SWMS-1683 from smartlogwms/swm-fe
Checking branch 1.6.9/SWMS-1684 from smartlogwms/swm-fe
Checking branch 1.6.9/SWMS-1685 from smartlogwms/swm-fe
Checking branch 1.6.9/SWMS-1687 from smartlogwms/swm-fe
Checking branch 1.6.9/SWMS-1757 from smartlogwms/swm-fe
Checking branch 1.6.9/SWMS-1767 from smartlogwms/swm-fe
Checking branch 1.6.9/SWMS-1828 from smartlogwms/swm-fe
Checking branch 1.6.9/conflict-1683 from smartlogwms/swm-fe
Checking branch 1.6.9/conflict-1685 from smartlogwms/swm-fe
Checking branch 1.6.9/conflict-1687 from smartlogwms/swm-fe
Checking branch 1.6.9/conflict-1767 from smartlogwms/swm-fe
Checking branch 1.6.9/swms-1633 from smartlogwms/swm-fe
Checking branch 1.6.9/swms-1636 from smartlogwms/swm-fe
Checking branch 1.6.9/trasas-online from smartlogwms/swm-fe
Checking branch 1.7.0/SWMS-1585fix from smartlogwms/swm-fe
Checking branch 1.7.0/SWMS-1663 from smartlogwms/swm-fe
Checking branch 1.7.0/SWMS-1812 from smartlogwms/swm-fe
Checking branch 1.7.0/SWMS-1813 from smartlogwms/swm-fe
Checking branch 1.7.0/SWMS-1824 from smartlogwms/swm-fe
Checking branch 1.7.0/SWMS-1833 from smartlogwms/swm-fe
Checking branch 1.7.0/SWMS-1835 from smartlogwms/swm-fe
Checking branch 1.7.0/SWMS-1867 from smartlogwms/swm-fe
Checking branch 1.7.0/SWMS-1877 from smartlogwms/swm-fe
Checking branch 1.7.0/SWMS-1879 from smartlogwms/swm-fe
Checking branch 1.7.0/SWMS-1880 from smartlogwms/swm-fe
Checking branch 1.7.0/SWMS-1946 from smartlogwms/swm-fe
Checking branch 1.7.0/SWMS-1953 from smartlogwms/swm-fe
Checking branch 1.7.0/SWMS-1954 from smartlogwms/swm-fe
Checking branch 1.7.0/SWMS-1955 from smartlogwms/swm-fe
Checking branch 1.7.0/SWMS-1988 from smartlogwms/swm-fe
Checking branch 1.7.0/conflict-1663 from smartlogwms/swm-fe
Checking branch 1.7.0/conflict-1953 from smartlogwms/swm-fe
Checking branch 1.7.0/conflict-1953-1954 from smartlogwms/swm-fe
Checking branch 1.7.0/swms-1636-conflict from smartlogwms/swm-fe
Checking branch 1.7.0/swms-1815 from smartlogwms/swm-fe
Checking branch 1.7.0/swms-1815-conflict from smartlogwms/swm-fe
Checking branch 1.7.0/swms-1849 from smartlogwms/swm-fe
Checking branch 1.7.0/swms-1933 from smartlogwms/swm-fe
Checking branch 1.7.0/swms-1952 from smartlogwms/swm-fe
Checking branch 1.7.0/swms-1981 from smartlogwms/swm-fe
Checking branch 1.7.0/swms-1981-conflict from smartlogwms/swm-fe
Checking branch 1.7.0/swms-2047 from smartlogwms/swm-fe
Checking branch 1.7.0/swms-2162 from smartlogwms/swm-fe
Checking branch 1.7.0/swms-2162-conflict from smartlogwms/swm-fe
Checking branch 1.7.0/trasas-01 from smartlogwms/swm-fe
Checking branch 1.7.1/SWMS-1829 from smartlogwms/swm-fe
Checking branch 1.7.1/SWMS-1830 from smartlogwms/swm-fe
Checking branch 1.7.1/SWMS-1832 from smartlogwms/swm-fe
Checking branch 1.7.1/SWMS-1834 from smartlogwms/swm-fe
Checking branch 1.7.1/SWMS-1843 from smartlogwms/swm-fe
Checking branch 1.7.1/SWMS-1844 from smartlogwms/swm-fe
Checking branch 1.7.1/SWMS-1845 from smartlogwms/swm-fe
Checking branch 1.7.1/SWMS-1846 from smartlogwms/swm-fe
Checking branch 1.7.1/SWMS-1848 from smartlogwms/swm-fe
Checking branch 1.7.1/SWMS-1941 from smartlogwms/swm-fe
Checking branch 1.7.1/SWMS-2065 from smartlogwms/swm-fe
Checking branch 1.7.1/conflict-1830 from smartlogwms/swm-fe
Checking branch 1.7.1/conflict-1834 from smartlogwms/swm-fe
Checking branch 1.7.1/conflict-1843 from smartlogwms/swm-fe
Checking branch 1.7.1/conflict-1845 from smartlogwms/swm-fe
Checking branch 1.7.1/fix-SWMS-1830 from smartlogwms/swm-fe
Checking branch 1.7.1/swms-2613 from smartlogwms/swm-fe
Checking branch 1.7.2/Fix-SWMS-1835 from smartlogwms/swm-fe
Checking branch 1.7.2/SWMS-1753 from smartlogwms/swm-fe
Checking branch 1.7.2/SWMS-1786 from smartlogwms/swm-fe
Checking branch 1.7.2/SWMS-1836 from smartlogwms/swm-fe
Checking branch 1.7.2/SWMS-1906 from smartlogwms/swm-fe
Checking branch 1.7.2/SWMS-1942 from smartlogwms/swm-fe
Checking branch 1.7.2/SWMS-1947 from smartlogwms/swm-fe
Checking branch 1.7.2/SWMS-2011 from smartlogwms/swm-fe
Checking branch 1.7.2/SWMS-2013 from smartlogwms/swm-fe
Checking branch 1.7.2/SWMS-2096 from smartlogwms/swm-fe
Checking branch 1.7.2/SWMS-2100 from smartlogwms/swm-fe
Checking branch 1.7.2/SWMS-2139 from smartlogwms/swm-fe
Checking branch 1.7.2/SWMS-2144 from smartlogwms/swm-fe
Checking branch 1.7.2/SWMS-2151 from smartlogwms/swm-fe
Checking branch 1.7.2/conflict-1906 from smartlogwms/swm-fe
Checking branch 1.7.2/conflict-1942 from smartlogwms/swm-fe
Checking branch 1.7.2/conflict-2011 from smartlogwms/swm-fe
Checking branch 1.7.2/conflict-2144 from smartlogwms/swm-fe
Checking branch 1.7.2/swms-1952 from smartlogwms/swm-fe
Checking branch 1.7.2/swms-2149 from smartlogwms/swm-fe
Checking branch 1.7.2/swms-2163 from smartlogwms/swm-fe
Checking branch 1.7.3/SWMS-1837 from smartlogwms/swm-fe
Checking branch 1.7.3/SWMS-1838 from smartlogwms/swm-fe
Checking branch 1.7.3/SWMS-1935 from smartlogwms/swm-fe
Checking branch 1.7.3/SWMS-1963 from smartlogwms/swm-fe
Checking branch 1.7.3/SWMS-1964 from smartlogwms/swm-fe
Checking branch 1.7.3/SWMS-2073 from smartlogwms/swm-fe
Checking branch 1.7.3/SWMS-2113 from smartlogwms/swm-fe
Checking branch 1.7.3/SWMS-2137 from smartlogwms/swm-fe
Checking branch 1.7.3/SWMS-2138 from smartlogwms/swm-fe
Checking branch 1.7.3/SWMS-2148 from smartlogwms/swm-fe
Checking branch 1.7.3/SWMS-2167 from smartlogwms/swm-fe
Checking branch 1.7.3/SWMS-2179 from smartlogwms/swm-fe
Checking branch 1.7.3/SWMS-2232 from smartlogwms/swm-fe
Checking branch 1.7.3/conflict-1838 from smartlogwms/swm-fe
Checking branch 1.7.3/conflict-1963 from smartlogwms/swm-fe
Checking branch 1.7.3/conflict-2113 from smartlogwms/swm-fe
Checking branch 1.7.3/swms-1781 from smartlogwms/swm-fe
Checking branch 1.7.3/swms-1815 from smartlogwms/swm-fe
Checking branch 1.7.3/swms-2058 from smartlogwms/swm-fe
Checking branch 1.7.3/swms-2173 from smartlogwms/swm-fe
Checking branch 1.7.3/swms-2215 from smartlogwms/swm-fe
Checking branch 1.7.3/swms-2278 from smartlogwms/swm-fe
Checking branch 1.7.4/SWMS-1853 from smartlogwms/swm-fe
Checking branch 1.7.4/SWMS-1863 from smartlogwms/swm-fe
Checking branch 1.7.4/SWMS-2061 from smartlogwms/swm-fe
Checking branch 1.7.4/SWMS-2136 from smartlogwms/swm-fe
Checking branch 1.7.4/SWMS-2201 from smartlogwms/swm-fe
Checking branch 1.7.4/SWMS-2237 from smartlogwms/swm-fe
Checking branch 1.7.4/SWMS-2277 from smartlogwms/swm-fe
Checking branch 1.7.4/SWMS-2281 from smartlogwms/swm-fe
Checking branch 1.7.4/SWMS-2293 from smartlogwms/swm-fe
Checking branch 1.7.4/SWMS-2309 from smartlogwms/swm-fe
Checking branch 1.7.4/approve-so-tm from smartlogwms/swm-fe
Checking branch 1.7.4/conflict-2061 from smartlogwms/swm-fe
Checking branch 1.7.4/conflict-2201 from smartlogwms/swm-fe
Checking branch 1.7.4/conflict-2277 from smartlogwms/swm-fe
Checking branch 1.7.4/edit-chart-sgb from smartlogwms/swm-fe
Checking branch 1.7.4/fix-menu-nandio from smartlogwms/swm-fe
Checking branch 1.7.4/swms-2165 from smartlogwms/swm-fe
Checking branch 1.7.4/swms-fix-menu from smartlogwms/swm-fe
Checking branch 1.7.5.Revert-unreceive-to-old-version from smartlogwms/swm-fe
Checking branch 1.7.5/SWMS-1839 from smartlogwms/swm-fe
Checking branch 1.7.5/SWMS-2280_SWMS-2350 from smartlogwms/swm-fe
Checking branch 1.7.5/SWMS-2284 from smartlogwms/swm-fe
Checking branch 1.7.5/SWMS-2296 from smartlogwms/swm-fe
Checking branch 1.7.5/SWMS-2298 from smartlogwms/swm-fe
Checking branch 1.7.5/SWMS-2306 from smartlogwms/swm-fe
Checking branch 1.7.5/SWMS-2308 from smartlogwms/swm-fe
Checking branch 1.7.5/SWMS-2308-CONFLICT from smartlogwms/swm-fe
Checking branch 1.7.5/SWMS-2324 from smartlogwms/swm-fe
Checking branch 1.7.5/SWMS-2326 from smartlogwms/swm-fe
Checking branch 1.7.5/SWMS-2326-CONFLICT from smartlogwms/swm-fe
Checking branch 1.7.5/SWMS-2346 from smartlogwms/swm-fe
Checking branch 1.7.5/SWMS-2365 from smartlogwms/swm-fe
Checking branch 1.7.5/conflict-1839 from smartlogwms/swm-fe
Checking branch 1.7.5/fix-qtyexpected from smartlogwms/swm-fe
Checking branch 1.7.5/swms-2292 from smartlogwms/swm-fe
Checking branch 1.7.5/swms-2325 from smartlogwms/swm-fe
Checking branch 1.7.6/SWMS-2367 from smartlogwms/swm-fe
Checking branch 1.7.6/SWMS-2383 from smartlogwms/swm-fe
Checking branch 1.7.6/SWMS-2383-CONFLICT from smartlogwms/swm-fe
Checking branch 1.7.6/SWMS-2405 from smartlogwms/swm-fe
Checking branch 1.7.6/SWMS-2405-CONFLICT from smartlogwms/swm-fe
Checking branch 1.7.6/SWMS-2423 from smartlogwms/swm-fe
Checking branch 1.7.6/SWMS-2453 from smartlogwms/swm-fe
Checking branch 1.7.6/SWMS-2490 from smartlogwms/swm-fe
Checking branch 1.7.6/SWWMS-2366 from smartlogwms/swm-fe
Checking branch 1.7.6/pvm-confirm-approved from smartlogwms/swm-fe
Checking branch 1.7.6/swms-2360 from smartlogwms/swm-fe
Checking branch 1.7.6/swms-2360-dev from smartlogwms/swm-fe
Checking branch 1.7.7/SWMS-1841 from smartlogwms/swm-fe
Checking branch 1.7.7/SWMS-1842 from smartlogwms/swm-fe
Checking branch 1.7.7/SWMS-2373 from smartlogwms/swm-fe
Checking branch 1.7.7/SWMS-2393 from smartlogwms/swm-fe
Checking branch 1.7.7/SWMS-2406 from smartlogwms/swm-fe
Checking branch 1.7.7/SWMS-2508 from smartlogwms/swm-fe
Checking branch 1.7.7/SWMS-2509 from smartlogwms/swm-fe
Checking branch 1.7.7/SWMS-2572 from smartlogwms/swm-fe
Checking branch 1.7.7/SWMS-2599 from smartlogwms/swm-fe
Checking branch 1.7.7/SWMS-2620 from smartlogwms/swm-fe
Checking branch 1.7.7/swms-2370 from smartlogwms/swm-fe
Checking branch 1.7.7/swms-2370-dev from smartlogwms/swm-fe
Checking branch 1.7.7/swms-2615 from smartlogwms/swm-fe
Checking branch 1.7.7/test-datepicker from smartlogwms/swm-fe
Checking branch 1.7.8/SWMS-1729 from smartlogwms/swm-fe
Checking branch 1.7.8/SWMS-2409 from smartlogwms/swm-fe
Checking branch 1.7.8/SWMS-2583 from smartlogwms/swm-fe
Checking branch 1.7.8/SWMS-2624 from smartlogwms/swm-fe
Checking branch 1.7.8/SWMS-2645 from smartlogwms/swm-fe
Checking branch 1.7.8/SWMS-2655 from smartlogwms/swm-fe
Checking branch 1.7.8/SWMS-2658 from smartlogwms/swm-fe
Checking branch 1.7.8/SWMS-2717 from smartlogwms/swm-fe
Checking branch 1.7.8/SWMS-2721 from smartlogwms/swm-fe
Checking branch 1.7.8/SWMS-2804 from smartlogwms/swm-fe
Checking branch 1.7.8/SWWMS-2166 from smartlogwms/swm-fe
Checking branch 1.7.8/SWWMS-2655 from smartlogwms/swm-fe
Checking branch 1.7.8/fix-location-all-stock from smartlogwms/swm-fe
Checking branch 1.7.8/swms-2396 from smartlogwms/swm-fe
Checking branch 1.7.8/swms-2396-dev from smartlogwms/swm-fe
Checking branch 1.7.8/swms-2654 from smartlogwms/swm-fe
Checking branch 1.7.8/swms-2683 from smartlogwms/swm-fe
Checking branch 1.7.8/swms-2683-dev from smartlogwms/swm-fe
Checking branch 1.7.8/swms-2714 from smartlogwms/swm-fe
Checking branch 1.7.8/swms-654 from smartlogwms/swm-fe
Checking branch 1.7.9/SWMS-2519 from smartlogwms/swm-fe
Checking branch 1.7.9/SWMS-2519-2 from smartlogwms/swm-fe
Checking branch 1.7.9/SWMS-2519CONFLICT from smartlogwms/swm-fe
Checking branch 1.7.9/SWMS-2575 from smartlogwms/swm-fe
Checking branch 1.7.9/SWMS-2685 from smartlogwms/swm-fe
Checking branch 1.7.9/SWMS-2694 from smartlogwms/swm-fe
Checking branch 1.7.9/SWMS-2698 from smartlogwms/swm-fe
Checking branch 1.7.9/SWMS-2699 from smartlogwms/swm-fe
Checking branch 1.7.9/SWMS-2713 from smartlogwms/swm-fe
Checking branch 1.7.9/SWMS-2721 from smartlogwms/swm-fe
Checking branch 1.7.9/SWMS-2723 from smartlogwms/swm-fe
Checking branch 1.7.9/SWMS-2752 from smartlogwms/swm-fe
Checking branch 1.7.9/conflict-2698 from smartlogwms/swm-fe
Checking branch 1.7.9/hotfix_stockcount from smartlogwms/swm-fe
Checking branch 1.7.9/swms-2503 from smartlogwms/swm-fe
Checking branch 1.7.9/swms-2503-dev from smartlogwms/swm-fe
Checking branch 1.7.9/swms-2591 from smartlogwms/swm-fe
Checking branch 1.7.9/swms-2591-con from smartlogwms/swm-fe
Checking branch 1.7.9/swms-2591-dev from smartlogwms/swm-fe
Checking branch 1.7.9/swms-2683-dev from smartlogwms/swm-fe
Checking branch 1.7.9/swms-654-prod from smartlogwms/swm-fe
Checking branch 1.8.0/SWMS-2684 from smartlogwms/swm-fe
Checking branch 1.8.0/SWMS-2729 from smartlogwms/swm-fe
Checking branch 1.8.0/SWMS-2760 from smartlogwms/swm-fe
Checking branch 1.8.0/SWMS-2778 from smartlogwms/swm-fe
Checking branch 1.8.0/SWMS-2857_2925 from smartlogwms/swm-fe
Checking branch 1.8.0/SWMS-2861 from smartlogwms/swm-fe
Checking branch 1.8.0/SWMS-2862 from smartlogwms/swm-fe
Checking branch 1.8.0/SWMS-2870 from smartlogwms/swm-fe
Checking branch 1.8.0/SWMS-2871 from smartlogwms/swm-fe
Checking branch 1.8.0/SWMS-2938 from smartlogwms/swm-fe
Checking branch 1.8.0/SWMS-2942 from smartlogwms/swm-fe
Checking branch 1.8.0/SWMS-2957 from smartlogwms/swm-fe
Checking branch 1.8.0/conflict-2684 from smartlogwms/swm-fe
Checking branch 1.8.0/fix-billing from smartlogwms/swm-fe
Checking branch 1.8.0/swms-2833 from smartlogwms/swm-fe
Checking branch 1.8.0/swms-2860 from smartlogwms/swm-fe
Checking branch 1.8.1/SWMS-2933 from smartlogwms/swm-fe
Checking branch 1.8.1/SWMS-3011 from smartlogwms/swm-fe
Checking branch 1.8.1/SWMS-3018 from smartlogwms/swm-fe
Checking branch 1.8.1/SWMS-3031 from smartlogwms/swm-fe
Checking branch 1.8.1/SWMS-3077 from smartlogwms/swm-fe
Checking branch 1.8.1/SWMS-3092 from smartlogwms/swm-fe
Checking branch 1.8.1/SWMS-3093 from smartlogwms/swm-fe
Checking branch 1.8.1/SWMS-3094 from smartlogwms/swm-fe
Checking branch 1.8.1/SWMS-3113 from smartlogwms/swm-fe
Checking branch 1.8.1/SWMS-3222 from smartlogwms/swm-fe
Checking branch 1.8.1/conflict-3093 from smartlogwms/swm-fe
Checking branch 1.8.1/swms-2360-dev from smartlogwms/swm-fe
Checking branch 1.8.1/swms-2396-dev from smartlogwms/swm-fe
Checking branch 1.8.1/swms-2882 from smartlogwms/swm-fe
Checking branch 1.8.1/uncomment-ship40 from smartlogwms/swm-fe
Checking branch 1.8.2/Fix_GetListReceipt from smartlogwms/swm-fe
Checking branch 1.8.2/SWMS-1966 from smartlogwms/swm-fe
Checking branch 1.8.2/SWMS-3118 from smartlogwms/swm-fe
Checking branch 1.8.2/SWMS-3192 from smartlogwms/swm-fe
Checking branch 1.8.2/SWMS-3196 from smartlogwms/swm-fe
Checking branch 1.8.2/SWMS-3200 from smartlogwms/swm-fe
Checking branch 1.8.2/SWMS-3230 from smartlogwms/swm-fe
Checking branch 1.8.2/SWMS-3231 from smartlogwms/swm-fe
Checking branch 1.8.2/SWMS-3232 from smartlogwms/swm-fe
Checking branch 1.8.2/SWMS-3233 from smartlogwms/swm-fe
Checking branch 1.8.2/SWMS-3311 from smartlogwms/swm-fe
Checking branch 1.8.2/SWMS-3316 from smartlogwms/swm-fe
Checking branch 1.8.2/SWMS-3324 from smartlogwms/swm-fe
Checking branch 1.8.2/crv from smartlogwms/swm-fe
Checking branch 1.8.2/crv-conflict from smartlogwms/swm-fe
Checking branch 1.8.2/frt-hni from smartlogwms/swm-fe
Checking branch 1.8.2/translate-dropdown from smartlogwms/swm-fe
Checking branch 1.8.3/SWMS-2304 from smartlogwms/swm-fe
Checking branch 1.8.3/SWMS-3168 from smartlogwms/swm-fe
Checking branch 1.8.3/SWMS-3181 from smartlogwms/swm-fe
Checking branch 1.8.3/SWMS-3321 from smartlogwms/swm-fe
Checking branch 1.8.3/SWMS-3399 from smartlogwms/swm-fe
Checking branch 1.8.3/crv-conflict from smartlogwms/swm-fe
Checking branch 1.8.3/mutilple-server from smartlogwms/swm-fe
Checking branch 1.8.3/mutiple-report-conflict from smartlogwms/swm-fe
Checking branch 1.8.3/mutiple-report-dev from smartlogwms/swm-fe
Checking branch 1.8.3/print-empty-loc from smartlogwms/swm-fe
Checking branch 1.8.3/print-report from smartlogwms/swm-fe
Checking branch 1.8.3/swms-2396-con from smartlogwms/swm-fe
Checking branch 1.8.3/swms-3233 from smartlogwms/swm-fe
Checking branch 1.8.3/swms-3233_1 from smartlogwms/swm-fe
Checking branch 1.8.3/swms-3322 from smartlogwms/swm-fe
Checking branch 1.8.4/SWMS-3171 from smartlogwms/swm-fe
Checking branch 1.8.4/SWMS-3258 from smartlogwms/swm-fe
Checking branch 1.8.4/SWMS-3323 from smartlogwms/swm-fe
Checking branch 1.8.4/SWMS-3371 from smartlogwms/swm-fe
Checking branch 1.8.4/SWMS-3427 from smartlogwms/swm-fe
Checking branch 1.8.4/SWMS-3438 from smartlogwms/swm-fe
Checking branch 1.8.4/SWMS-3447 from smartlogwms/swm-fe
Checking branch 1.8.4/SWMS-3454 from smartlogwms/swm-fe
Checking branch 1.8.4/SWMS-3472 from smartlogwms/swm-fe
Checking branch 1.8.4/SWMS-3472-CONFLICT from smartlogwms/swm-fe
Checking branch 1.8.4/SWMS-816 from smartlogwms/swm-fe
Checking branch 1.8.4/conflict-3427 from smartlogwms/swm-fe
Checking branch 1.8.4/swms-3023 from smartlogwms/swm-fe
Checking branch 1.8.5/SWMS-3372 from smartlogwms/swm-fe
Checking branch 1.8.5/SWMS-3375 from smartlogwms/swm-fe
Checking branch 1.8.5/SWMS-3463 from smartlogwms/swm-fe
Checking branch 1.8.5/SWMS-3485 from smartlogwms/swm-fe
Checking branch 1.8.5/SWMS-3498 from smartlogwms/swm-fe
Checking branch 1.8.5/SWMS-3506 from smartlogwms/swm-fe
Checking branch 1.8.5/SWMS-3515 from smartlogwms/swm-fe
Checking branch 1.8.5/SWMS-3568 from smartlogwms/swm-fe
Checking branch 1.8.5/SWMS-3568-CONFLICT from smartlogwms/swm-fe
Checking branch 1.8.5/SWMS-3570 from smartlogwms/swm-fe
Checking branch 1.8.5/SWMS-3575 from smartlogwms/swm-fe
Checking branch 1.8.5/SWMS-3576 from smartlogwms/swm-fe
Checking branch 1.8.5/SWMS-3579 from smartlogwms/swm-fe
Checking branch 1.8.5/SWMS-3581 from smartlogwms/swm-fe
Checking branch 1.8.5/SWMS-3582 from smartlogwms/swm-fe
Checking branch 1.8.5/SWMS-3588 from smartlogwms/swm-fe
Checking branch 1.8.5/SWMS-3589 from smartlogwms/swm-fe
Checking branch 1.8.5/SWMS-3655 from smartlogwms/swm-fe
Checking branch 1.8.5/chage-lang from smartlogwms/swm-fe
Checking branch 1.8.5/change-lang from smartlogwms/swm-fe
Checking branch 1.8.5/conflict-3498 from smartlogwms/swm-fe
Checking branch 1.8.5/conflict-3515 from smartlogwms/swm-fe
Checking branch 1.8.5/conflict-3576 from smartlogwms/swm-fe
Checking branch 1.8.5/swms-3567 from smartlogwms/swm-fe
Checking branch 1.8.5/swms-3567-conflict from smartlogwms/swm-fe
Checking branch 1.8.5/swms-3583 from smartlogwms/swm-fe
Checking branch 1.8.5/swms-3614 from smartlogwms/swm-fe
Checking branch 1.8.5/swms-3614-conflict from smartlogwms/swm-fe
Checking branch 1.8.5/swms-3640 from smartlogwms/swm-fe
Checking branch 1.8.6/SWMMS-3435 from smartlogwms/swm-fe
Checking branch 1.8.6/SWMMS-3792 from smartlogwms/swm-fe
Checking branch 1.8.6/SWMMS-3840 from smartlogwms/swm-fe
Checking branch 1.8.6/SWMMS-3840-DEV from smartlogwms/swm-fe
Checking branch 1.8.6/SWMMS-3869 from smartlogwms/swm-fe
Checking branch 1.8.6/SWMMS-3869-CONFLICT from smartlogwms/swm-fe
Checking branch 1.8.6/SWMMS-3870 from smartlogwms/swm-fe
Checking branch 1.8.6/SWMMS-3870-dev from smartlogwms/swm-fe
Checking branch 1.8.6/SWMS-3664 from smartlogwms/swm-fe
Checking branch 1.8.6/SWMS-3704 from smartlogwms/swm-fe
Checking branch 1.8.6/SWMS-3705 from smartlogwms/swm-fe
Checking branch 1.8.6/SWMS-3731 from smartlogwms/swm-fe
Checking branch 1.8.6/SWMS-3748 from smartlogwms/swm-fe
Checking branch 1.8.6/SWMS-3749 from smartlogwms/swm-fe
Checking branch 1.8.6/SWMS-3752 from smartlogwms/swm-fe
Checking branch 1.8.6/SWMS-3801 from smartlogwms/swm-fe
Checking branch 1.8.6/conflict-3664 from smartlogwms/swm-fe
Checking branch 1.8.6/conflict-3752 from smartlogwms/swm-fe
Checking branch 1.8.6/explode from smartlogwms/swm-fe
Checking branch 1.8.6/explode-dev from smartlogwms/swm-fe
Checking branch 1.8.6/fix-allForDock from smartlogwms/swm-fe
Checking branch 1.8.6/fix-assign-masterpick from smartlogwms/swm-fe
Checking branch 1.8.6/fix-detailstorage from smartlogwms/swm-fe
Checking branch 1.8.6/merger-4.0 from smartlogwms/swm-fe
Checking branch 1.8.6/swms-1870 from smartlogwms/swm-fe
Checking branch 1.8.6/swms-3619 from smartlogwms/swm-fe
Checking branch 1.8.6/swms-3841-conflict from smartlogwms/swm-fe
Checking branch 1.8.6/swms-3846 from smartlogwms/swm-fe
Checking branch 1.8.7/SWMS-3656 from smartlogwms/swm-fe
Checking branch 1.8.7/SWMS-3656-CONFLICT from smartlogwms/swm-fe
Checking branch 1.8.7/SWMS-3790 from smartlogwms/swm-fe
Checking branch 1.8.7/SWMS-3799 from smartlogwms/swm-fe
Checking branch 1.8.7/SWMS-3839 from smartlogwms/swm-fe
Checking branch 1.8.7/SWMS-3844 from smartlogwms/swm-fe
Checking branch 1.8.7/SWMS-3861 from smartlogwms/swm-fe
Checking branch 1.8.7/SWMS-3899 from smartlogwms/swm-fe
Checking branch 1.8.7/SWMS-3912 from smartlogwms/swm-fe
Checking branch 1.8.7/SWMS-3914 from smartlogwms/swm-fe
Checking branch 1.8.7/detailstorage-enterprise from smartlogwms/swm-fe
Checking branch 1.8.7/fix-detailstorage from smartlogwms/swm-fe
Checking branch 1.8.7/fix_saleorder from smartlogwms/swm-fe
Checking branch 1.8.7/swms-3841 from smartlogwms/swm-fe
Checking branch 1.8.8/SWMS-3792-REAL from smartlogwms/swm-fe
Checking branch 1.8.8/SWMS-3824 from smartlogwms/swm-fe
Checking branch 1.8.8/SWMS-3917 from smartlogwms/swm-fe
Checking branch 1.8.8/SWMS-3960 from smartlogwms/swm-fe
Checking branch 1.8.8/SWMS-3964 from smartlogwms/swm-fe
Checking branch 1.8.8/SWMS-3974 from smartlogwms/swm-fe
Checking branch 1.8.8/SWMS-3975 from smartlogwms/swm-fe
Checking branch 1.8.8/SWMS-3984 from smartlogwms/swm-fe
Checking branch 1.8.8/SWMS-3984-CONFLICT from smartlogwms/swm-fe
Checking branch 1.8.8/SWMS-3993 from smartlogwms/swm-fe
Checking branch 1.8.8/SWMS-4018 from smartlogwms/swm-fe
Checking branch 1.8.8/SWMS-4050 from smartlogwms/swm-fe
Checking branch 1.8.8/SWMS-4068 from smartlogwms/swm-fe
Checking branch 1.8.8/SWMS-4085 from smartlogwms/swm-fe
Checking branch 1.8.8/conflict-3993 from smartlogwms/swm-fe
Checking branch 1.8.8/remove-notification from smartlogwms/swm-fe
Checking branch 1.8.8/swms-3309 from smartlogwms/swm-fe
Checking branch 1.8.8/swms-3614-conflict from smartlogwms/swm-fe
Checking branch 1.8.8/swms-3992 from smartlogwms/swm-fe
Checking branch 1.8.9/3614-mix-release189 from smartlogwms/swm-fe
Checking branch 1.8.9/SWMS-3394 from smartlogwms/swm-fe
Checking branch 1.8.9/SWMS-4040 from smartlogwms/swm-fe
Checking branch 1.8.9/SWMS-4047 from smartlogwms/swm-fe
Checking branch 1.8.9/SWMS-4133 from smartlogwms/swm-fe
Checking branch 1.8.9/SWMS-4164 from smartlogwms/swm-fe
Checking branch 1.8.9/SWMS-4168 from smartlogwms/swm-fe
Checking branch 1.8.9/SWMS-4186 from smartlogwms/swm-fe
Checking branch 1.8.9/SWMS-4212 from smartlogwms/swm-fe
Checking branch 1.8.9/SWMS-4233 from smartlogwms/swm-fe
Checking branch 1.8.9/SWMS-4283 from smartlogwms/swm-fe
Checking branch 1.8.9/crv-conflict from smartlogwms/swm-fe
Checking branch 1.8.9/swms-3986 from smartlogwms/swm-fe
Checking branch 1.8.9/swms-3998 from smartlogwms/swm-fe
Checking branch 1.9.0/SWMS-2985 from smartlogwms/swm-fe
Checking branch 1.9.0/SWMS-3446 from smartlogwms/swm-fe
Checking branch 1.9.0/SWMS-3780 from smartlogwms/swm-fe
Checking branch 1.9.0/SWMS-4309 from smartlogwms/swm-fe
Checking branch 1.9.0/SWMS-4359 from smartlogwms/swm-fe
Checking branch 1.9.0/SWMS-4382 from smartlogwms/swm-fe
Checking branch 1.9.0/SWMS-4389 from smartlogwms/swm-fe
Checking branch 1.9.0/swms-4031 from smartlogwms/swm-fe
Checking branch 1.9.0/swms-4095 from smartlogwms/swm-fe
Checking branch 1.9.1/SWMS-4094 from smartlogwms/swm-fe
Checking branch 1.9.1/SWMS-4192 from smartlogwms/swm-fe
Checking branch 1.9.1/SWMS-4408 from smartlogwms/swm-fe
Checking branch 1.9.1/SWMS-4411 from smartlogwms/swm-fe
Checking branch 1.9.1/SWMS-4447 from smartlogwms/swm-fe
Checking branch 1.9.1/SWMS-4472 from smartlogwms/swm-fe
Checking branch 1.9.1/change-url-qrcode from smartlogwms/swm-fe
Checking branch 1.9.1/hotfix_checkordertype from smartlogwms/swm-fe
Checking branch 1.9.1/print-mutiple-cartonlabel from smartlogwms/swm-fe
Checking branch 1.9.1/print-mutiple-items from smartlogwms/swm-fe
Checking branch 1.9.1/swms-4305 from smartlogwms/swm-fe
Checking branch 1.9.1/swms-4398 from smartlogwms/swm-fe
Checking branch 1.9.2/SWMS-3837 from smartlogwms/swm-fe
Checking branch 1.9.2/SWMS-4468 from smartlogwms/swm-fe
Checking branch 1.9.2/SWMS-4473 from smartlogwms/swm-fe
Checking branch 1.9.2/SWMS-4476 from smartlogwms/swm-fe
Checking branch 1.9.2/SWMS-4508 from smartlogwms/swm-fe
Checking branch 1.9.2/SWMS-4521 from smartlogwms/swm-fe
Checking branch 1.9.2/SWMS-4536 from smartlogwms/swm-fe
Checking branch 1.9.2/SWMS-4567 from smartlogwms/swm-fe
Checking branch 1.9.2/SWMS-4570 from smartlogwms/swm-fe
Checking branch 1.9.2/SWMS-4575 from smartlogwms/swm-fe
Checking branch 1.9.2/SWMS-4577 from smartlogwms/swm-fe
Checking branch 1.9.2/SWMS-4591 from smartlogwms/swm-fe
Checking branch 1.9.2/crv-merge-dev from smartlogwms/swm-fe
Checking branch 1.9.2/swms-4504 from smartlogwms/swm-fe
Checking branch 1.9.3/SWMS-4464 from smartlogwms/swm-fe
Checking branch 1.9.3/SWMS-4512 from smartlogwms/swm-fe
Checking branch 1.9.3/SWMS-4621 from smartlogwms/swm-fe
Checking branch 1.9.3/hotfix_sycnAnsbySo from smartlogwms/swm-fe
Checking branch 1.9.3/swm-crv from smartlogwms/swm-fe
Checking branch 1.9.3/swms-3998 from smartlogwms/swm-fe
Checking branch 1.9.3/swms-4301 from smartlogwms/swm-fe
Checking branch 1.9.3/swms-4568 from smartlogwms/swm-fe
Checking branch 1.9.3/swms-4568-CF from smartlogwms/swm-fe
Checking branch 1.9.3/swms-4610 from smartlogwms/swm-fe
Checking branch 1.9.4/SWMS-4611 from smartlogwms/swm-fe
Checking branch 1.9.4/SWMS-4668 from smartlogwms/swm-fe
Checking branch 1.9.4/SWMS-4668-CF from smartlogwms/swm-fe
Checking branch 1.9.4/SWMS-4675 from smartlogwms/swm-fe
Checking branch 1.9.4/SWMS-4676-2 from smartlogwms/swm-fe
Checking branch 1.9.4/SWMS-4728 from smartlogwms/swm-fe
Checking branch 1.9.4/SWMS-4730 from smartlogwms/swm-fe
Checking branch 1.9.4/SWMS-4732 from smartlogwms/swm-fe
Checking branch 1.9.4/SWMS-4745 from smartlogwms/swm-fe
Checking branch 1.9.4/SWMS-4745-fix-conflict from smartlogwms/swm-fe
Checking branch 1.9.4/conflict-4730 from smartlogwms/swm-fe
Checking branch 1.9.4/conflict-4732 from smartlogwms/swm-fe
Checking branch 1.9.4/fix-rep-queue from smartlogwms/swm-fe
Checking branch 1.9.4/hotfixleadtime from smartlogwms/swm-fe
Checking branch 1.9.4/resolve-conflict-4729 from smartlogwms/swm-fe
Checking branch 1.9.4/swms-4729 from smartlogwms/swm-fe
Checking branch 1.9.4/swms-4731 from smartlogwms/swm-fe
Checking branch 1.9.4/swms-4760 from smartlogwms/swm-fe
Checking branch 1.9.5/hiepphu-printpl from smartlogwms/swm-fe
Checking branch 1338-fixconflict from smartlogwms/swm-fe
Checking branch 1338-fixconflict-codelkup from smartlogwms/swm-fe
Checking branch 2065-fixconflict from smartlogwms/swm-fe
Checking branch 2648+56 from smartlogwms/swm-fe
Checking branch 2648+70 from smartlogwms/swm-fe
Checking branch 2694-FIXCONFLICT from smartlogwms/swm-fe
Checking branch 3655-CONFLICT from smartlogwms/swm-fe
Checking branch 3792-Dev from smartlogwms/swm-fe
Checking branch 4.0-GETEMMTY-EXPLODE-UPDATELOCATION from smartlogwms/swm-fe
Checking branch 4.0-IMPORT-ASN from smartlogwms/swm-fe
Checking branch 4.0-IMPORT-PO from smartlogwms/swm-fe
Checking branch 4.0/allocate from smartlogwms/swm-fe
Checking branch 4.0/conflict-allocate from smartlogwms/swm-fe
Checking branch 4.0/upgrade-4.0 from smartlogwms/swm-fe
Checking branch 4.0/upgrade-4.0-dev from smartlogwms/swm-fe
Checking branch CHANGE-API-DELETE-SO from smartlogwms/swm-fe
Checking branch CHANGE-HOST-STT from smartlogwms/swm-fe
Checking branch CONFLICT-UN-PALLET-CARTON from smartlogwms/swm-fe
Checking branch CONVERTSOURCE-UNPALLETIZATION-4.0 from smartlogwms/swm-fe
Checking branch CONVERTSOURCE-UNPALLETIZATION-CONFLICT from smartlogwms/swm-fe
Checking branch CONVERTSOURCE-UNPALLETIZATION-UNCARTONIZATION-4.0 from smartlogwms/swm-fe
Checking branch CONVERTSOURCE-UNPALLETIZATION-UNCARTONIZATION-CONFLICT from smartlogwms/swm-fe
Checking branch ChangeURL-ASNSOList from smartlogwms/swm-fe
Checking branch FIX-BOM from smartlogwms/swm-fe
Checking branch FIX-CONFLICT-UN from smartlogwms/swm-fe
Checking branch FIX-SEARCH-INVENTORY from smartlogwms/swm-fe
Checking branch FIX-branch_convertview_inventory_03 from smartlogwms/swm-fe
Checking branch FIXCONFLICT-1092 from smartlogwms/swm-fe
Checking branch FIXCONFLICT-1836 from smartlogwms/swm-fe
Checking branch HOT-FIX-MENU from smartlogwms/swm-fe
Checking branch HOTFIX-1988 from smartlogwms/swm-fe
Checking branch OnOffChatWoot from smartlogwms/swm-fe
Checking branch REMOVE-APPROVE from smartlogwms/swm-fe
Checking branch Release/1.4.0 from smartlogwms/swm-fe
Checking branch Release/1.4.1 from smartlogwms/swm-fe
Checking branch Release/1.4.2 from smartlogwms/swm-fe
Checking branch Release/1.4.3 from smartlogwms/swm-fe
Checking branch Release/1.4.4 from smartlogwms/swm-fe
Checking branch Release/1.4.5 from smartlogwms/swm-fe
Checking branch Release/1.4.6 from smartlogwms/swm-fe
Checking branch Release/1.4.7 from smartlogwms/swm-fe
Checking branch Release/1.4.8 from smartlogwms/swm-fe
Checking branch Release/1.4.9 from smartlogwms/swm-fe
Checking branch Release/1.5.0 from smartlogwms/swm-fe
Checking branch Release/1.5.1 from smartlogwms/swm-fe
Checking branch Release/1.5.2 from smartlogwms/swm-fe
Checking branch Release/1.5.3 from smartlogwms/swm-fe
Checking branch Release/1.5.4 from smartlogwms/swm-fe
Checking branch Release/1.5.5 from smartlogwms/swm-fe
Checking branch Release/1.5.6 from smartlogwms/swm-fe
Checking branch Release/1.5.7 from smartlogwms/swm-fe
Checking branch Release/1.5.8 from smartlogwms/swm-fe
Checking branch Release/1.5.9 from smartlogwms/swm-fe
Checking branch Release/1.6.0 from smartlogwms/swm-fe
Checking branch Release/1.6.1 from smartlogwms/swm-fe
Checking branch Release/1.6.2 from smartlogwms/swm-fe
Checking branch Release/1.6.3 from smartlogwms/swm-fe
Checking branch Release/1.6.4 from smartlogwms/swm-fe
Checking branch Release/1.6.5 from smartlogwms/swm-fe
Checking branch Release/1.6.6 from smartlogwms/swm-fe
Checking branch Release/1.6.7 from smartlogwms/swm-fe
Checking branch Release/1.6.8 from smartlogwms/swm-fe
Checking branch Release/1.6.9 from smartlogwms/swm-fe
Checking branch Release/1.7.0 from smartlogwms/swm-fe
Checking branch Release/1.7.1 from smartlogwms/swm-fe
Checking branch Release/1.7.2 from smartlogwms/swm-fe
Checking branch Release/1.7.3 from smartlogwms/swm-fe
Checking branch Release/1.7.4 from smartlogwms/swm-fe
Checking branch Release/1.7.5 from smartlogwms/swm-fe
Checking branch Release/1.7.6 from smartlogwms/swm-fe
Checking branch Release/1.7.7 from smartlogwms/swm-fe
Checking branch Release/1.7.8 from smartlogwms/swm-fe
Checking branch Release/1.7.9 from smartlogwms/swm-fe
Checking branch Release/1.8.0 from smartlogwms/swm-fe
Checking branch Release/1.8.1 from smartlogwms/swm-fe
Checking branch Release/1.8.2 from smartlogwms/swm-fe
Checking branch Release/1.8.2_2 from smartlogwms/swm-fe
Checking branch Release/1.8.3 from smartlogwms/swm-fe
Checking branch Release/1.8.4 from smartlogwms/swm-fe
Checking branch Release/1.8.4_2 from smartlogwms/swm-fe
Checking branch Release/1.8.5 from smartlogwms/swm-fe
Checking branch Release/1.8.6 from smartlogwms/swm-fe
Checking branch Release/1.8.7 from smartlogwms/swm-fe
Checking branch Release/1.8.8 from smartlogwms/swm-fe
Checking branch Release/1.8.9 from smartlogwms/swm-fe
Checking branch Release/1.9.0 from smartlogwms/swm-fe
Checking branch Release/1.9.1 from smartlogwms/swm-fe
Checking branch Release/1.9.2 from smartlogwms/swm-fe
Checking branch Release/1.9.3 from smartlogwms/swm-fe
Checking branch Release/1.9.4 from smartlogwms/swm-fe
Checking branch Release/coyote from smartlogwms/swm-fe
      Jenkinsfile found
    Met criteria
No changes detected: Release/coyote (still at 64abb779d2b7439a31bb912349befd21c5864304)
Checking branch Revert_255 from smartlogwms/swm-fe
Checking branch Ricky_V1.3.5 from smartlogwms/swm-fe
Checking branch Ricky_V1.3.6 from smartlogwms/swm-fe
Checking branch Ricky_V1.3.7 from smartlogwms/swm-fe
Checking branch Ricky_V1.3.8 from smartlogwms/swm-fe
Checking branch SWM4.0/SWMS-677 from smartlogwms/swm-fe
Checking branch SWM4.0/SWMS-763 from smartlogwms/swm-fe
Checking branch SWM4.0/SWMS-764 from smartlogwms/swm-fe
Checking branch SWM4.0/SWMS-770 from smartlogwms/swm-fe
Checking branch SWM4.0/SWMS-770-NEW from smartlogwms/swm-fe
Checking branch SWM4.0/SWMS-770-NEW-fix-conflict from smartlogwms/swm-fe
Checking branch SWM4.0/Un_Sort_Un_Pack from smartlogwms/swm-fe
Checking branch SWM4.0/allocate from smartlogwms/swm-fe
Checking branch SWM4.0/conflict/allocate from smartlogwms/swm-fe
Checking branch SWM4.0/createreceiptvsdetail from smartlogwms/swm-fe
Checking branch SWM4.0/listpodetail from smartlogwms/swm-fe
Checking branch SWM4.0/pic-fix-conflict-5 from smartlogwms/swm-fe
Checking branch SWM4.0/pick from smartlogwms/swm-fe
Checking branch SWM4.0/pick-fix-conflict from smartlogwms/swm-fe
Checking branch SWM4.0/pick-fix-conflict-6 from smartlogwms/swm-fe
Checking branch SWM4.0/putaway from smartlogwms/swm-fe
Checking branch SWM4.0/putaway-fix-conflict from smartlogwms/swm-fe
Checking branch SWM4.0/putaway-fix-conflict-1 from smartlogwms/swm-fe
Checking branch SWM4.0/receiveweb from smartlogwms/swm-fe
Checking branch SWM4.0/savePo from smartlogwms/swm-fe
Checking branch SWM4.0/unreceiveweb from smartlogwms/swm-fe
Checking branch SWMS-1247-change-max-size-export from smartlogwms/swm-fe
Checking branch SWMS-2235 from smartlogwms/swm-fe
Checking branch SWMS-2237FIXCONFLICT from smartlogwms/swm-fe
Checking branch SWMS-2778-conflict from smartlogwms/swm-fe
Checking branch SWMS-2830-add-onhand-case-school-to-view-inventory-lists from smartlogwms/swm-fe
Checking branch SWMS-2940-SWM-CONFIGURATION-REPLENISHMENT-adjustment-features-upload-excel-tactical-acquisition from smartlogwms/swm-fe
Checking branch SWMS-2940-SWM-CONFIGURATION-REPLENISHMENT-adjustments-features-upload-excel-acquisitions from smartlogwms/swm-fe
Checking branch SWMS-2940-SWM-CONFIGURATION-REPLENISHMENT-adjustments-features-upload-excel-tactical-acquisitions from smartlogwms/swm-fe
Checking branch SWMS-3193-SWM-CONFIGURATION-REPLENISHMENT-adjustments-features-upload-excel-tactical-acquisitions from smartlogwms/swm-fe
Checking branch SWMS-3440 from smartlogwms/swm-fe
Checking branch SWMS4.0/pick-fix-conflict-7 from smartlogwms/swm-fe
Checking branch SWMS4.0/putaway2-fix-conflict from smartlogwms/swm-fe
Checking branch SWMS4.0/putawayv2 from smartlogwms/swm-fe
Checking branch SWMS4.0/ship from smartlogwms/swm-fe
Checking branch SWMS4.0/ship-fix-conflict from smartlogwms/swm-fe
Checking branch SWMS4.0/ship-fix-conflict-1 from smartlogwms/swm-fe
Checking branch SWMS4.0/ship-fix-conflict-2 from smartlogwms/swm-fe
Checking branch SWMS4.0/ship-fix-conflict-8 from smartlogwms/swm-fe
Checking branch SWWM4.0/pick from smartlogwms/swm-fe
Checking branch TICHHOP-FRT-Huy2k from smartlogwms/swm-fe
Checking branch TICHHOP-GTEX-HUY2k from smartlogwms/swm-fe
Checking branch TinhNguyen from smartlogwms/swm-fe
Checking branch TinhNguyen_11092020 from smartlogwms/swm-fe
Checking branch V4.0/Visualize from smartlogwms/swm-fe
Checking branch add-deploy-qa from smartlogwms/swm-fe
Checking branch add-enterprise-acc from smartlogwms/swm-fe
Checking branch backup-20201013-1.3.7 from smartlogwms/swm-fe
Checking branch backup/dev-1.4.0 from smartlogwms/swm-fe
Checking branch backup/dev-1.4.1 from smartlogwms/swm-fe
Checking branch backup/dev-1.4.2 from smartlogwms/swm-fe
Checking branch backup/dev-1.4.4 from smartlogwms/swm-fe
Checking branch backup/dev-1.4.5 from smartlogwms/swm-fe
Checking branch backup/dev-1.4.8 from smartlogwms/swm-fe
Checking branch backup/dev-1.4.9 from smartlogwms/swm-fe
Checking branch backup/dev-1.5.0 from smartlogwms/swm-fe
Checking branch backup/dev-1.5.1 from smartlogwms/swm-fe
Checking branch backup/dev-1.5.3 from smartlogwms/swm-fe
Checking branch backup/dev-1.5.4 from smartlogwms/swm-fe
Checking branch backup/dev-1.5.5 from smartlogwms/swm-fe
Checking branch backup/dev-1.5.7 from smartlogwms/swm-fe
Checking branch backup/dev-1.5.9 from smartlogwms/swm-fe
Checking branch backup/dev-1.6.1 from smartlogwms/swm-fe
Checking branch backup/dev-1.6.3 from smartlogwms/swm-fe
Checking branch backup/dev-1.6.4 from smartlogwms/swm-fe
Checking branch backup/dev-1.6.5 from smartlogwms/swm-fe
Checking branch backup/dev-1.6.6 from smartlogwms/swm-fe
Checking branch backup/dev-1.6.8 from smartlogwms/swm-fe
Checking branch backup/dev-1.6.9 from smartlogwms/swm-fe
Checking branch backup/dev-1.7.0 from smartlogwms/swm-fe
Checking branch backup/dev-1.7.1 from smartlogwms/swm-fe
Checking branch backup/dev-1.7.2 from smartlogwms/swm-fe
Checking branch backup/dev-1.7.3 from smartlogwms/swm-fe
Checking branch backup/dev-1.7.4 from smartlogwms/swm-fe
Checking branch backup/dev-1.7.5 from smartlogwms/swm-fe
Checking branch backup/dev-1.7.6 from smartlogwms/swm-fe
Checking branch backup/dev-1.7.8 from smartlogwms/swm-fe
Checking branch backup/dev-1.7.9 from smartlogwms/swm-fe
Checking branch backup/dev-1.8.0 from smartlogwms/swm-fe
Checking branch backup/dev-1.8.1 from smartlogwms/swm-fe
Checking branch backup/dev-1.8.2 from smartlogwms/swm-fe
Checking branch backup/dev-1.8.4 from smartlogwms/swm-fe
Checking branch backup/dev1.4.6 from smartlogwms/swm-fe
Checking branch change-get-uoms from smartlogwms/swm-fe
Checking branch chart-co-teo from smartlogwms/swm-fe
Checking branch chartcoteo-conflict from smartlogwms/swm-fe
Checking branch chat from smartlogwms/swm-fe
Checking branch chatwoot from smartlogwms/swm-fe
Checking branch chatwoot_conflict_dev from smartlogwms/swm-fe
Checking branch control/edit-format-date-time-picker-control from smartlogwms/swm-fe
Checking branch control/fix-gridlocal from smartlogwms/swm-fe
Checking branch convert-view/convertview-ASN_DETAIL_LOAD from smartlogwms/swm-fe
Checking branch convert-view/convertview-SO_DETAIL_LOAD from smartlogwms/swm-fe
Checking branch convert-view/convertview-STATISTICS from smartlogwms/swm-fe
Checking branch convert-view/convertview-dev from smartlogwms/swm-fe
Checking branch convert-view/convertview-inventory_01 from smartlogwms/swm-fe
Checking branch convert-view/convertview-inventory_03 from smartlogwms/swm-fe
Checking branch convert-view/convertview-labor from smartlogwms/swm-fe
Checking branch convert-view/convertview-qcverify from smartlogwms/swm-fe
Checking branch convert-view/fix-branch-SO_DETAIL_LOAD from smartlogwms/swm-fe
Checking branch convert-view/saleorder-save from smartlogwms/swm-fe
Checking branch convert-view/shipmentorder-save from smartlogwms/swm-fe
Checking branch convertview/masterreceipt from smartlogwms/swm-fe
Checking branch deploy-coyote from smartlogwms/swm-fe
Checking branch deploy-qa from smartlogwms/swm-fe
Checking branch dev from smartlogwms/swm-fe
      Jenkinsfile found
    Met criteria
No changes detected: dev (still at 0dc28f1f81a2cb051c32f4d04a5cfffe6451121d)
Checking branch dev-task-fix from smartlogwms/swm-fe
Checking branch dev001 from smartlogwms/swm-fe
Checking branch dock-management from smartlogwms/swm-fe
Checking branch duc-dev-change_generatePOandSO from smartlogwms/swm-fe
Checking branch duc-dev-change_generatePOandSO-conflict from smartlogwms/swm-fe
Checking branch duc/Allocate-4.0 from smartlogwms/swm-fe
Checking branch duc/Allocate-4.0-conflict from smartlogwms/swm-fe
Checking branch duc/Allocate-4.0-conflict-2 from smartlogwms/swm-fe
Checking branch duc/Allocate-4.0-conflict-3 from smartlogwms/swm-fe
Checking branch duc/SWMS-2729-conflict from smartlogwms/swm-fe
Checking branch duc/SWMS-2760-conflict from smartlogwms/swm-fe
Checking branch duc/SWMS-2778-conflict from smartlogwms/swm-fe
Checking branch duc/SWMS-2985&2986-allocatemanual from smartlogwms/swm-fe
Checking branch duc/SWMS-3485 from smartlogwms/swm-fe
Checking branch duc/SWMS-3582-backup from smartlogwms/swm-fe
Checking branch duc/SWMS-3975-conflict from smartlogwms/swm-fe
Checking branch duc/Unallocate-4.0 from smartlogwms/swm-fe
Checking branch duc/Unallocate-4.0-conflict from smartlogwms/swm-fe
Checking branch duc/generate-orders-by-so from smartlogwms/swm-fe
Checking branch duc/generate-orders-by-so-confict from smartlogwms/swm-fe
Checking branch duc/generate-shipment-by-so from smartlogwms/swm-fe
Checking branch duc/master-receipt-4.0-save-and-assign from smartlogwms/swm-fe
Checking branch duc/master-receipt-delete-4.0 from smartlogwms/swm-fe
Checking branch duc/master-receipt-delete-4.0-conflict from smartlogwms/swm-fe
Checking branch duc/master-receipt-delete-4.0-conflict-2 from smartlogwms/swm-fe
Checking branch duc/master-receipt-remove-receipt-from-master-receipt from smartlogwms/swm-fe
Checking branch duc/master-receipt-remove-receipt-from-master-receipt-conflict from smartlogwms/swm-fe
Checking branch duc/master-receipt-sync-and-import-excel from smartlogwms/swm-fe
Checking branch duc/master-receipt-sync-and-import-excel-conflict from smartlogwms/swm-fe
Checking branch duc/mastership-4.0 from smartlogwms/swm-fe
Checking branch duc/mastership-4.0-conflict from smartlogwms/swm-fe
Checking branch duc/mastership-4.0-conflict-2 from smartlogwms/swm-fe
Checking branch duc/mastership-4.0-conflict-3 from smartlogwms/swm-fe
Checking branch duc/one-view-receipt-4.0 from smartlogwms/swm-fe
Checking branch duc/one-view-receipt-4.0-conflict from smartlogwms/swm-fe
Checking branch duc/one-view-receipt-4.0-save from smartlogwms/swm-fe
Checking branch duc/order-4.0 from smartlogwms/swm-fe
Checking branch duc/order-4.0-conflict from smartlogwms/swm-fe
Checking branch duc/orderdetail-4.0 from smartlogwms/swm-fe
Checking branch duc/orderdetail-4.0-split from smartlogwms/swm-fe
Checking branch duc/po-4.0-SWMS-2225 from smartlogwms/swm-fe
Checking branch duc/po-4.0-SWMS-2225-conflict from smartlogwms/swm-fe
Checking branch duc/po-4.0-SWMS-2796 from smartlogwms/swm-fe
Checking branch duc/po-4.0-SWMS-2796-conflict from smartlogwms/swm-fe
Checking branch duc/pod-inbound-4.0 from smartlogwms/swm-fe
Checking branch duc/pod-inbound-4.0-conflict from smartlogwms/swm-fe
Checking branch duc/podetail-4.0-SWMS-2795&2809 from smartlogwms/swm-fe
Checking branch duc/rebuild from smartlogwms/swm-fe
Checking branch duc/receipt-4.0 from smartlogwms/swm-fe
Checking branch duc/receipt-4.0-conflict from smartlogwms/swm-fe
Checking branch duc/receipt-4.0-conflict-2 from smartlogwms/swm-fe
Checking branch duc/receipt-4.0-conflict-3 from smartlogwms/swm-fe
Checking branch duc/receipt-4.0-conflict-4 from smartlogwms/swm-fe
Checking branch duc/receipt-4.0-conflict-5 from smartlogwms/swm-fe
Checking branch duc/receipt-4.0-new from smartlogwms/swm-fe
Checking branch duc/receipt-4.0-new-conflict from smartlogwms/swm-fe
Checking branch duc/receiptdetail-4.0-SWMS-2729 from smartlogwms/swm-fe
Checking branch duc/receiptdetail-4.0-SWMS-2729-conflict from smartlogwms/swm-fe
Checking branch duc/receiptdetail-4.0-SWMS-2755 from smartlogwms/swm-fe
Checking branch duc/receiptdetail-4.0-SWMS-2755-conflict from smartlogwms/swm-fe
Checking branch duc/saleorder-import-excel from smartlogwms/swm-fe
Checking branch duc/save-saleorder-fix from smartlogwms/swm-fe
Checking branch duc/so-4.0-SWMS-2753 from smartlogwms/swm-fe
Checking branch duc/so-4.0-SWMS-2757 from smartlogwms/swm-fe
Checking branch duc/so-4.0-SWMS-2963 from smartlogwms/swm-fe
Checking branch duc/so-4.0-SWMS-2965 from smartlogwms/swm-fe
Checking branch duc/so-merge-conflict from smartlogwms/swm-fe
Checking branch duc/sodetail-4.0-SWMS-2759 from smartlogwms/swm-fe
Checking branch duc/taskdetail-4.0-SWMS-2730 from smartlogwms/swm-fe
Checking branch duc/taskdetail-4.0-SWMS-2730-conflict from smartlogwms/swm-fe
Checking branch editcont from smartlogwms/swm-fe
Checking branch feature/intergrate-new-flow-authentication from smartlogwms/swm-fe
Checking branch filterPattern from smartlogwms/swm-fe
Checking branch fix-conflict-tichhop from smartlogwms/swm-fe
Checking branch fix-grid from smartlogwms/swm-fe
Checking branch fix-po-detail from smartlogwms/swm-fe
Checking branch fix-po-detail-dev from smartlogwms/swm-fe
Checking branch fix/changeURLReport-TL from smartlogwms/swm-fe
Checking branch fix/changebg from smartlogwms/swm-fe
Checking branch fix/chat-prod from smartlogwms/swm-fe
Checking branch fix/limitAllocateMP from smartlogwms/swm-fe
Checking branch fix/loadPO from smartlogwms/swm-fe
Checking branch fix/loadpack_PODetail from smartlogwms/swm-fe
Checking branch fix/loadsaleorder from smartlogwms/swm-fe
Checking branch fix/multi-platform from smartlogwms/swm-fe
Checking branch fix/performancelist from smartlogwms/swm-fe
Checking branch fix/rollback-pickship from smartlogwms/swm-fe
Checking branch fix_chatwoot from smartlogwms/swm-fe
Checking branch fixconflict-1338-164 from smartlogwms/swm-fe
Checking branch fixconflict-1836 from smartlogwms/swm-fe
Checking branch fixconflict-2180 from smartlogwms/swm-fe
Checking branch fixconflict-784 from smartlogwms/swm-fe
Checking branch fixconflict-frt from smartlogwms/swm-fe
Checking branch fixconflict-jointasktbs from smartlogwms/swm-fe
Checking branch fixconflict-tichhop from smartlogwms/swm-fe
Checking branch grid-filter-newversion from smartlogwms/swm-fe
Checking branch homeofhuy from smartlogwms/swm-fe
Checking branch hot-fix-pack from smartlogwms/swm-fe
Checking branch hot-fix/4.0-config from smartlogwms/swm-fe
Checking branch hot-fix/4.0-config-merger-allocate from smartlogwms/swm-fe
Checking branch hot-fix/4.0-pick-ship from smartlogwms/swm-fe
Checking branch hot-fix/SWMS-2666 from smartlogwms/swm-fe
Checking branch hot-fix/change-url-queue from smartlogwms/swm-fe
Checking branch hot-fix/import-excell-receipt from smartlogwms/swm-fe
Checking branch hot-fix/import-excell-receipt-fix-conflict from smartlogwms/swm-fe
Checking branch hot-fix/log-out-when-un-author from smartlogwms/swm-fe
Checking branch hot-fix/pick-ship from smartlogwms/swm-fe
Checking branch hot-fix/receive-to-queue from smartlogwms/swm-fe
Checking branch hot-fix/remove-4.0 from smartlogwms/swm-fe
Checking branch hot-fix/save-order-4.0 from smartlogwms/swm-fe
Checking branch hot-fix/save-order-old from smartlogwms/swm-fe
Checking branch hotfix/fix-export-excel from smartlogwms/swm-fe
Checking branch hotfix/fix-grid-newversion from smartlogwms/swm-fe
Checking branch huy2k from smartlogwms/swm-fe
Checking branch huy2kfix from smartlogwms/swm-fe
Checking branch huytesst from smartlogwms/swm-fe
Checking branch jointasktbs from smartlogwms/swm-fe
Checking branch jointasktbs-new from smartlogwms/swm-fe
Checking branch kafka/1.7.1/SWMS-1494_1499 from smartlogwms/swm-fe
Checking branch kafka/1.7.1/SWMS-1494_1499_1 from smartlogwms/swm-fe
Checking branch kafka/1.7.1/SWMS-1494_1499_2 from smartlogwms/swm-fe
Checking branch kafka/1.7.1/SWMS-1494_1499_4 from smartlogwms/swm-fe
Checking branch kafka/1.7.1/SWMS-1494_1499_NEW from smartlogwms/swm-fe
Checking branch keotruong from smartlogwms/swm-fe
Checking branch keotruong-1898 from smartlogwms/swm-fe
Checking branch listClientCode from smartlogwms/swm-fe
Checking branch listClientCode-Conflict from smartlogwms/swm-fe
Checking branch luanle from smartlogwms/swm-fe
Checking branch master from smartlogwms/swm-fe
Checking branch mastership-4.0-conflict from smartlogwms/swm-fe
Checking branch origin/argocd from smartlogwms/swm-fe
Checking branch origin/multi-platform from smartlogwms/swm-fe
Checking branch production from smartlogwms/swm-fe
      Jenkinsfile found
    Met criteria
No changes detected: production (still at 1750e68518ed8ad41fbdb4260fbf62b63601ecda)
Checking branch qa from smartlogwms/swm-fe
      Jenkinsfile found
    Met criteria
No changes detected: qa (still at 7f17daf056ada6fc849b30c1ca3caba48eafa0e2)
Checking branch qc-auto-test from smartlogwms/swm-fe
Checking branch qc/add_cypress_tag from smartlogwms/swm-fe
Checking branch qc/add_cypress_tag_dev from smartlogwms/swm-fe
Checking branch report-local from smartlogwms/swm-fe
Checking branch reportTBS from smartlogwms/swm-fe
Checking branch revert-pr-1264 from smartlogwms/swm-fe
Checking branch swm from smartlogwms/swm-fe
Checking branch task-ngao from smartlogwms/swm-fe
Checking branch taskfortbs from smartlogwms/swm-fe
Checking branch tbs-huy2k from smartlogwms/swm-fe
Checking branch test-resize from smartlogwms/swm-fe
Checking branch testing-a-commit from smartlogwms/swm-fe
Checking branch thaihuy from smartlogwms/swm-fe
Checking branch thanhlong from smartlogwms/swm-fe
Checking branch trihuynh from smartlogwms/swm-fe
Checking branch v4/fix-grid from smartlogwms/swm-fe

  1351 branches were processed
Looking up smartlogwms/swm-fe for pull requests
Checking PR-3057 from smartlogwms/swm-fe and branch fix/arm64-build
Checking PR-3043 from smartlogwms/swm-fe and branch origin/multi-platform
Checking PR-3041 from smartlogwms/swm-fe and branch origin/multi-platform
Checking PR-2016 from smartlogwms/swm-fe and branch SWM4.0/Un_Sort_Un_Pack
Checking PR-1762 from smartlogwms/swm-fe and branch kafka/1.7.1/SWMS-1494_1499_4
Checking PR-1761 from smartlogwms/swm-fe and branch kafka/1.7.1/SWMS-1494_1499_2
Checking PR-1760 from smartlogwms/swm-fe and branch kafka/1.7.1/SWMS-1494_1499_1
Checking PR-1517 from smartlogwms/swm-fe and branch 1.6.5/grid
Checking PR-1007 from smartlogwms/swm-fe and branch 1.5.0/swms-fix-thienviet

  9 pull requests were processed
[Mon Feb 20 10:11:46 UTC 2023] Finished branch indexing. Indexing took 19 sec
Evaluating orphaned items in swm-fe
Will remove fix/multi-platform
Finished: SUCCESS
