Checking branch bugfix/oms-status-sales-channel from smartlogtms/oms-dotnet-be
Checking branch OMS-725-add-owner's_information-when-syncing from smartlogtms/oms-dotnet-be
Checking branch add-message-logisticSku from smartlogtms/oms-dotnet-be
Checking branch bugfix/OMS-698-som-order-shipment-không-cập-nhậ from smartlogtms/oms-dotnet-be
Checking branch bugfix/OMS-736-som-user-lỗi-không-ràng-buộc-the from smartlogtms/oms-dotnet-be
Checking branch bugfix/OMS-788-som-export-excel-lệch-số-lượng-ở from smartlogtms/oms-dotnet-be
Checking branch bugfix/OMS-850-som-customer-fe---lỗi-hiển-thị-m from smartlogtms/oms-dotnet-be
Checking branch bugfix/error_id from smartlogtms/oms-dotnet-be
Checking branch bugfix/fix_upload from smartlogtms/oms-dotnet-be
Checking branch bugfix/index_negative from smartlogtms/oms-dotnet-be
Checking branch bugfix/number_larger_0 from smartlogtms/oms-dotnet-be
Checking branch bugfix/oms-619-error-build from smartlogtms/oms-dotnet-be
Checking branch bugfix/oms-665-error-status from smartlogtms/oms-dotnet-be
Checking branch bugfix/oms-677-download-data from smartlogtms/oms-dotnet-be
Checking branch bugfix/oms-826-disable-data-when-owner-inactive from smartlogtms/oms-dotnet-be
Checking branch bugfix/oms-832-authorization-of-saleschannel from smartlogtms/oms-dotnet-be
Checking branch bugfix/oms-856-fix-error-data-of-seller-sku from smartlogtms/oms-dotnet-be
Checking branch bugfix/oms-900-error-data-shipment-type-and-model from smartlogtms/oms-dotnet-be
Checking branch bugfix/oms-915-dev-owner-template from smartlogtms/oms-dotnet-be
Checking branch bugfix/oms-915-production-owner from smartlogtms/oms-dotnet-be
Checking branch bugfix/oms-915-stage-owner-template from smartlogtms/oms-dotnet-be
Checking branch bugfix/oms-access-current-user from smartlogtms/oms-dotnet-be
Checking branch bugfix/oms-configuration-excel from smartlogtms/oms-dotnet-be
Checking branch bugfix/oms-index-excel from smartlogtms/oms-dotnet-be
Checking branch bugfix/oms-remove-active from smartlogtms/oms-dotnet-be
Checking branch bugfix/oms-rename-shipment-provider from smartlogtms/oms-dotnet-be
Checking branch bugfix/oms-rename-tenant from smartlogtms/oms-dotnet-be
Checking branch bugfix/oms-report-shipment from smartlogtms/oms-dotnet-be
Checking branch bugfix/oms-stage-rename-tenant from smartlogtms/oms-dotnet-be
Checking branch bugfix/oms-user-update-status from smartlogtms/oms-dotnet-be
Checking branch bugfix/order_fliter from smartlogtms/oms-dotnet-be
Checking branch bugfix/quantity_item from smartlogtms/oms-dotnet-be
Checking branch bugfix/revert_appsettings from smartlogtms/oms-dotnet-be
Checking branch bugfix/template_name from smartlogtms/oms-dotnet-be
Checking branch bugfix/upload_excel from smartlogtms/oms-dotnet-be
Checking branch bugfix/upload_excel_order from smartlogtms/oms-dotnet-be
Checking branch bugfix/upload_order_message from smartlogtms/oms-dotnet-be
Checking branch dev from smartlogtms/oms-dotnet-be
Checking branch feature/OMS-484-connect-tiki from smartlogtms/oms-dotnet-be
Checking branch feature/OMS-624 from smartlogtms/oms-dotnet-be
Checking branch feature/OMS-624-v2 from smartlogtms/oms-dotnet-be
Checking branch feature/OMS-635 from smartlogtms/oms-dotnet-be
Checking branch feature/OMS-657 from smartlogtms/oms-dotnet-be
Checking branch feature/OMS-663 from smartlogtms/oms-dotnet-be
Checking branch feature/OMS-666,667 from smartlogtms/oms-dotnet-be
Checking branch feature/OMS-672 from smartlogtms/oms-dotnet-be
Checking branch feature/OMS-676 from smartlogtms/oms-dotnet-be
Checking branch feature/OMS-680 from smartlogtms/oms-dotnet-be
Checking branch feature/OMS-696-oms-permission-cập-nhật-phân-quy from smartlogtms/oms-dotnet-be
Checking branch feature/OMS-697-oms-owner-đồng-bộ-owner-xuống-hệ from smartlogtms/oms-dotnet-be
Checking branch feature/OMS-715-som-orderbe---bổ-sung-tính-năng- from smartlogtms/oms-dotnet-be
Checking branch feature/OMS-719 from smartlogtms/oms-dotnet-be
Checking branch feature/OMS-820-som-localize-be-thiết-lập-đa-ngô from smartlogtms/oms-dotnet-be
Checking branch feature/OMS-868-oms-integration-báo-lỗi-khi-khác from smartlogtms/oms-dotnet-be
Checking branch feature/OMS-869-som-permisson-reset-permission-c from smartlogtms/oms-dotnet-be
Checking branch feature/OMS-872-som-sale-channel-tự-động-tạo-sal from smartlogtms/oms-dotnet-be
Checking branch feature/OMS-874-omscustomer-đổi-tên-trường-group from smartlogtms/oms-dotnet-be
Checking branch feature/OMS-875-oms-notification-send-message-wh from smartlogtms/oms-dotnet-be
Checking branch feature/OMS-878-oms-update-to-dotnet-6 from smartlogtms/oms-dotnet-be
Checking branch feature/OMS-894-owner-report from smartlogtms/oms-dotnet-be
Checking branch feature/OMS-894-stage-owner from smartlogtms/oms-dotnet-be
Checking branch feature/OMS-896-oms-request-order-refacture-requ from smartlogtms/oms-dotnet-be
Checking branch feature/add_fields_products from smartlogtms/oms-dotnet-be
Checking branch feature/bulk-publish-event from smartlogtms/oms-dotnet-be
Checking branch feature/change_template_excel_order from smartlogtms/oms-dotnet-be
Checking branch feature/fix_add_field from smartlogtms/oms-dotnet-be
Checking branch feature/generate-shipment-key from smartlogtms/oms-dotnet-be
Checking branch feature/hasura_controller from smartlogtms/oms-dotnet-be
Checking branch feature/oms-617-create-owner from smartlogtms/oms-dotnet-be
Checking branch feature/oms-617-create-user from smartlogtms/oms-dotnet-be
Checking branch feature/oms-617-rename-sales-channel from smartlogtms/oms-dotnet-be
Checking branch feature/oms-617-save-arr from smartlogtms/oms-dotnet-be
Checking branch feature/oms-619-init-user from smartlogtms/oms-dotnet-be
Checking branch feature/oms-620-map-shop-id-owner from smartlogtms/oms-dotnet-be
Checking branch feature/oms-620-query-shop from smartlogtms/oms-dotnet-be
Checking branch feature/oms-625-add-owner from smartlogtms/oms-dotnet-be
Checking branch feature/oms-625-add-shipment-owner from smartlogtms/oms-dotnet-be
Checking branch feature/oms-625-approved-owner-shipment from smartlogtms/oms-dotnet-be
Checking branch feature/oms-637-constraint-owner from smartlogtms/oms-dotnet-be
Checking branch feature/oms-647-download-custsomer from smartlogtms/oms-dotnet-be
Checking branch feature/oms-651-apply-owner from smartlogtms/oms-dotnet-be
Checking branch feature/oms-665 from smartlogtms/oms-dotnet-be
Checking branch feature/oms-733-role-approve-order from smartlogtms/oms-dotnet-be
Checking branch feature/oms-747-role-ready-to-ship from smartlogtms/oms-dotnet-be
Checking branch feature/oms-757-apply-authorization-for-actions from smartlogtms/oms-dotnet-be
Checking branch feature/oms-769-hot-update from smartlogtms/oms-dotnet-be
Checking branch feature/oms-777-fix-bug-authorization-for-owner from smartlogtms/oms-dotnet-be
Checking branch feature/oms-797-status-between-owner-and-warehouse from smartlogtms/oms-dotnet-be
Checking branch feature/oms-840-refactor-cache-service from smartlogtms/oms-dotnet-be
Checking branch feature/oms-845-add-api-version-for-header-response from smartlogtms/oms-dotnet-be
Checking branch feature/oms-865-add-shipment-sales-channel from smartlogtms/oms-dotnet-be
Checking branch feature/oms-877-add-status-to-user-detail from smartlogtms/oms-dotnet-be
Checking branch feature/oms-920-upload-excel-for-owner from smartlogtms/oms-dotnet-be
Checking branch feature/oms-add-order-event-handler from smartlogtms/oms-dotnet-be
Checking branch feature/oms-api-get-tenant-domain from smartlogtms/oms-dotnet-be
Checking branch feature/oms-change-download-shipment from smartlogtms/oms-dotnet-be
Checking branch feature/oms-dev-status-owner from smartlogtms/oms-dotnet-be
Checking branch feature/oms-download-customer from smartlogtms/oms-dotnet-be
Checking branch feature/oms-download-logistic-sku from smartlogtms/oms-dotnet-be
Checking branch feature/oms-download-master-data from smartlogtms/oms-dotnet-be
Checking branch feature/oms-download-owner from smartlogtms/oms-dotnet-be
Checking branch feature/oms-download-product from smartlogtms/oms-dotnet-be
Checking branch feature/oms-download-product-category from smartlogtms/oms-dotnet-be
Checking branch feature/oms-download-seller-product from smartlogtms/oms-dotnet-be
Checking branch feature/oms-download-seller-sku from smartlogtms/oms-dotnet-be
Checking branch feature/oms-download-shipment from smartlogtms/oms-dotnet-be
Checking branch feature/oms-permission from smartlogtms/oms-dotnet-be
Checking branch feature/oms-production-status-owner from smartlogtms/oms-dotnet-be
Checking branch feature/oms-staging-status-owner from smartlogtms/oms-dotnet-be
Checking branch feature/oms-status-user from smartlogtms/oms-dotnet-be
Checking branch feature/refacture-authorization-data from smartlogtms/oms-dotnet-be
Checking branch feature/status_shipment_item from smartlogtms/oms-dotnet-be
Checking branch feature/using-snowflakeid from smartlogtms/oms-dotnet-be
Checking branch fix-code-duplicate-logic from smartlogtms/oms-dotnet-be
Checking branch fix-order-logic-upload from smartlogtms/oms-dotnet-be
Checking branch fixbug/SOM-852 from smartlogtms/oms-dotnet-be
Checking branch hotfix/check-role-already-exist from smartlogtms/oms-dotnet-be
Checking branch hotfix/create_role from smartlogtms/oms-dotnet-be
Checking branch hotfix/missing-cache from smartlogtms/oms-dotnet-be
Checking branch hotfix/oms-fix-seperate-shipment from smartlogtms/oms-dotnet-be
Checking branch hotfix/oms-save-owner-warehouse from smartlogtms/oms-dotnet-be
Checking branch hotfix/show-warehouse-for-user-fullaccess from smartlogtms/oms-dotnet-be
Checking branch hotfix/user-nothave-tenant from smartlogtms/oms-dotnet-be
Checking branch master from smartlogtms/oms-dotnet-be
Checking branch production from smartlogtms/oms-dotnet-be
Checking branch staging from smartlogtms/oms-dotnet-be

  126 branches were processed
Looking up smartlogtms/oms-dotnet-be for pull requests
Checking PR-1185 from smartlogtms/oms-dotnet-be and branch bugfix/oms-915-production-owner

  1 pull requests were processed
[Tue Dec 13 08:43:58 UTC 2022] com.cloudbees.jenkins.plugins.bitbucket.hooks.PushHookProcessor$1 CREATED event from 192.168.123.184 ⇒ http://jenkins-smartlog.danghung.xyz/bitbucket-scmsource-hook/notify with timestamp Tue Dec 13 08:43:48 UTC 2022 processed in 4.3 sec
[Tue Dec 13 08:44:23 UTC 2022] Received com.cloudbees.jenkins.plugins.bitbucket.hooks.PushHookProcessor$1 REMOVED event from 192.168.179.197 ⇒ http://jenkins-smartlog.danghung.xyz/bitbucket-scmsource-hook/notify with timestamp Tue Dec 13 08:44:18 UTC 2022
Connecting to https://bitbucket.org using f1011a6a-b720-4819-b875-826292740ef0
Repository type: Git
Looking up smartlogtms/oms-dotnet-be for branches
Checking branch bugfix/oms-status-sales-channel from smartlogtms/oms-dotnet-be
Checking branch OMS-725-add-owner's_information-when-syncing from smartlogtms/oms-dotnet-be
Checking branch add-message-logisticSku from smartlogtms/oms-dotnet-be
Checking branch bugfix/OMS-698-som-order-shipment-không-cập-nhậ from smartlogtms/oms-dotnet-be
Checking branch bugfix/OMS-736-som-user-lỗi-không-ràng-buộc-the from smartlogtms/oms-dotnet-be
Checking branch bugfix/OMS-788-som-export-excel-lệch-số-lượng-ở from smartlogtms/oms-dotnet-be
Checking branch bugfix/OMS-850-som-customer-fe---lỗi-hiển-thị-m from smartlogtms/oms-dotnet-be
Checking branch bugfix/error_id from smartlogtms/oms-dotnet-be
Checking branch bugfix/fix_upload from smartlogtms/oms-dotnet-be
Checking branch bugfix/index_negative from smartlogtms/oms-dotnet-be
Checking branch bugfix/number_larger_0 from smartlogtms/oms-dotnet-be
Checking branch bugfix/oms-619-error-build from smartlogtms/oms-dotnet-be
Checking branch bugfix/oms-665-error-status from smartlogtms/oms-dotnet-be
Checking branch bugfix/oms-677-download-data from smartlogtms/oms-dotnet-be
Checking branch bugfix/oms-826-disable-data-when-owner-inactive from smartlogtms/oms-dotnet-be
Checking branch bugfix/oms-832-authorization-of-saleschannel from smartlogtms/oms-dotnet-be
Checking branch bugfix/oms-856-fix-error-data-of-seller-sku from smartlogtms/oms-dotnet-be
Checking branch bugfix/oms-900-error-data-shipment-type-and-model from smartlogtms/oms-dotnet-be
Checking branch bugfix/oms-915-dev-owner-template from smartlogtms/oms-dotnet-be
Checking branch bugfix/oms-915-production-owner from smartlogtms/oms-dotnet-be
Checking branch bugfix/oms-915-stage-owner-template from smartlogtms/oms-dotnet-be
Checking branch bugfix/oms-access-current-user from smartlogtms/oms-dotnet-be
Checking branch bugfix/oms-configuration-excel from smartlogtms/oms-dotnet-be
Checking branch bugfix/oms-index-excel from smartlogtms/oms-dotnet-be
Checking branch bugfix/oms-rename-shipment-provider from smartlogtms/oms-dotnet-be
Checking branch bugfix/oms-rename-tenant from smartlogtms/oms-dotnet-be
Checking branch bugfix/oms-report-shipment from smartlogtms/oms-dotnet-be
Checking branch bugfix/oms-stage-rename-tenant from smartlogtms/oms-dotnet-be
Checking branch bugfix/oms-user-update-status from smartlogtms/oms-dotnet-be
Checking branch bugfix/order_fliter from smartlogtms/oms-dotnet-be
Checking branch bugfix/quantity_item from smartlogtms/oms-dotnet-be
Checking branch bugfix/revert_appsettings from smartlogtms/oms-dotnet-be
Checking branch bugfix/template_name from smartlogtms/oms-dotnet-be
Checking branch bugfix/upload_excel from smartlogtms/oms-dotnet-be
Checking branch bugfix/upload_excel_order from smartlogtms/oms-dotnet-be
Checking branch bugfix/upload_order_message from smartlogtms/oms-dotnet-be
Checking branch dev from smartlogtms/oms-dotnet-be
Checking branch feature/OMS-484-connect-tiki from smartlogtms/oms-dotnet-be
Checking branch feature/OMS-624 from smartlogtms/oms-dotnet-be
Checking branch feature/OMS-624-v2 from smartlogtms/oms-dotnet-be
Checking branch feature/OMS-635 from smartlogtms/oms-dotnet-be
Checking branch feature/OMS-657 from smartlogtms/oms-dotnet-be
Checking branch feature/OMS-663 from smartlogtms/oms-dotnet-be
Checking branch feature/OMS-666,667 from smartlogtms/oms-dotnet-be
Checking branch feature/OMS-672 from smartlogtms/oms-dotnet-be
Checking branch feature/OMS-676 from smartlogtms/oms-dotnet-be
Checking branch feature/OMS-680 from smartlogtms/oms-dotnet-be
Checking branch feature/OMS-696-oms-permission-cập-nhật-phân-quy from smartlogtms/oms-dotnet-be
Checking branch feature/OMS-697-oms-owner-đồng-bộ-owner-xuống-hệ from smartlogtms/oms-dotnet-be
Checking branch feature/OMS-715-som-orderbe---bổ-sung-tính-năng- from smartlogtms/oms-dotnet-be
Checking branch feature/OMS-719 from smartlogtms/oms-dotnet-be
Checking branch feature/OMS-820-som-localize-be-thiết-lập-đa-ngô from smartlogtms/oms-dotnet-be
Checking branch feature/OMS-868-oms-integration-báo-lỗi-khi-khác from smartlogtms/oms-dotnet-be
Checking branch feature/OMS-869-som-permisson-reset-permission-c from smartlogtms/oms-dotnet-be
Checking branch feature/OMS-872-som-sale-channel-tự-động-tạo-sal from smartlogtms/oms-dotnet-be
Checking branch feature/OMS-874-omscustomer-đổi-tên-trường-group from smartlogtms/oms-dotnet-be
Checking branch feature/OMS-875-oms-notification-send-message-wh from smartlogtms/oms-dotnet-be
Checking branch feature/OMS-878-oms-update-to-dotnet-6 from smartlogtms/oms-dotnet-be
Checking branch feature/OMS-894-owner-report from smartlogtms/oms-dotnet-be
Checking branch feature/OMS-894-stage-owner from smartlogtms/oms-dotnet-be
Checking branch feature/OMS-896-oms-request-order-refacture-requ from smartlogtms/oms-dotnet-be
Checking branch feature/add_fields_products from smartlogtms/oms-dotnet-be
Checking branch feature/bulk-publish-event from smartlogtms/oms-dotnet-be
Checking branch feature/change_template_excel_order from smartlogtms/oms-dotnet-be
Checking branch feature/fix_add_field from smartlogtms/oms-dotnet-be
Checking branch feature/generate-shipment-key from smartlogtms/oms-dotnet-be
Checking branch feature/hasura_controller from smartlogtms/oms-dotnet-be
Checking branch feature/oms-617-create-owner from smartlogtms/oms-dotnet-be
Checking branch feature/oms-617-create-user from smartlogtms/oms-dotnet-be
Checking branch feature/oms-617-rename-sales-channel from smartlogtms/oms-dotnet-be
Checking branch feature/oms-617-save-arr from smartlogtms/oms-dotnet-be
Checking branch feature/oms-619-init-user from smartlogtms/oms-dotnet-be
Checking branch feature/oms-620-map-shop-id-owner from smartlogtms/oms-dotnet-be
Checking branch feature/oms-620-query-shop from smartlogtms/oms-dotnet-be
Checking branch feature/oms-625-add-owner from smartlogtms/oms-dotnet-be
Checking branch feature/oms-625-add-shipment-owner from smartlogtms/oms-dotnet-be
Checking branch feature/oms-625-approved-owner-shipment from smartlogtms/oms-dotnet-be
Checking branch feature/oms-637-constraint-owner from smartlogtms/oms-dotnet-be
Checking branch feature/oms-647-download-custsomer from smartlogtms/oms-dotnet-be
Checking branch feature/oms-651-apply-owner from smartlogtms/oms-dotnet-be
Checking branch feature/oms-665 from smartlogtms/oms-dotnet-be
Checking branch feature/oms-733-role-approve-order from smartlogtms/oms-dotnet-be
Checking branch feature/oms-747-role-ready-to-ship from smartlogtms/oms-dotnet-be
Checking branch feature/oms-757-apply-authorization-for-actions from smartlogtms/oms-dotnet-be
Checking branch feature/oms-769-hot-update from smartlogtms/oms-dotnet-be
Checking branch feature/oms-777-fix-bug-authorization-for-owner from smartlogtms/oms-dotnet-be
Checking branch feature/oms-797-status-between-owner-and-warehouse from smartlogtms/oms-dotnet-be
Checking branch feature/oms-840-refactor-cache-service from smartlogtms/oms-dotnet-be
Checking branch feature/oms-845-add-api-version-for-header-response from smartlogtms/oms-dotnet-be
Checking branch feature/oms-865-add-shipment-sales-channel from smartlogtms/oms-dotnet-be
Checking branch feature/oms-877-add-status-to-user-detail from smartlogtms/oms-dotnet-be
Checking branch feature/oms-920-upload-excel-for-owner from smartlogtms/oms-dotnet-be
Checking branch feature/oms-add-order-event-handler from smartlogtms/oms-dotnet-be
Checking branch feature/oms-api-get-tenant-domain from smartlogtms/oms-dotnet-be
Checking branch feature/oms-change-download-shipment from smartlogtms/oms-dotnet-be
Checking branch feature/oms-dev-status-owner from smartlogtms/oms-dotnet-be
Checking branch feature/oms-download-customer from smartlogtms/oms-dotnet-be
Checking branch feature/oms-download-logistic-sku from smartlogtms/oms-dotnet-be
Checking branch feature/oms-download-master-data from smartlogtms/oms-dotnet-be
Checking branch feature/oms-download-owner from smartlogtms/oms-dotnet-be
Checking branch feature/oms-download-product from smartlogtms/oms-dotnet-be
Checking branch feature/oms-download-product-category from smartlogtms/oms-dotnet-be
Checking branch feature/oms-download-seller-product from smartlogtms/oms-dotnet-be
Checking branch feature/oms-download-seller-sku from smartlogtms/oms-dotnet-be
Checking branch feature/oms-download-shipment from smartlogtms/oms-dotnet-be
Checking branch feature/oms-permission from smartlogtms/oms-dotnet-be
Checking branch feature/oms-production-status-owner from smartlogtms/oms-dotnet-be
Checking branch feature/oms-staging-status-owner from smartlogtms/oms-dotnet-be
Checking branch feature/oms-status-user from smartlogtms/oms-dotnet-be
Checking branch feature/refacture-authorization-data from smartlogtms/oms-dotnet-be
Checking branch feature/status_shipment_item from smartlogtms/oms-dotnet-be
Checking branch feature/using-snowflakeid from smartlogtms/oms-dotnet-be
Checking branch fix-code-duplicate-logic from smartlogtms/oms-dotnet-be
Checking branch fix-order-logic-upload from smartlogtms/oms-dotnet-be
Checking branch fixbug/SOM-852 from smartlogtms/oms-dotnet-be
Checking branch hotfix/check-role-already-exist from smartlogtms/oms-dotnet-be
Checking branch hotfix/create_role from smartlogtms/oms-dotnet-be
Checking branch hotfix/missing-cache from smartlogtms/oms-dotnet-be
Checking branch hotfix/oms-fix-seperate-shipment from smartlogtms/oms-dotnet-be
Checking branch hotfix/oms-save-owner-warehouse from smartlogtms/oms-dotnet-be
Checking branch hotfix/show-warehouse-for-user-fullaccess from smartlogtms/oms-dotnet-be
Checking branch hotfix/user-nothave-tenant from smartlogtms/oms-dotnet-be
Checking branch master from smartlogtms/oms-dotnet-be
Checking branch production from smartlogtms/oms-dotnet-be
Checking branch staging from smartlogtms/oms-dotnet-be

  125 branches were processed
Looking up smartlogtms/oms-dotnet-be for pull requests
Checking PR-1185 from smartlogtms/oms-dotnet-be and branch bugfix/oms-915-production-owner

  1 pull requests were processed
[Tue Dec 13 08:44:27 UTC 2022] com.cloudbees.jenkins.plugins.bitbucket.hooks.PushHookProcessor$1 REMOVED event from 192.168.179.197 ⇒ http://jenkins-smartlog.danghung.xyz/bitbucket-scmsource-hook/notify with timestamp Tue Dec 13 08:44:18 UTC 2022 processed in 3.2 sec
[Tue Dec 13 08:48:28 UTC 2022] Received com.cloudbees.jenkins.plugins.bitbucket.hooks.PushHookProcessor$1 CREATED event from 192.168.152.180 ⇒ http://jenkins-smartlog.danghung.xyz/bitbucket-scmsource-hook/notify with timestamp Tue Dec 13 08:48:23 UTC 2022
Connecting to https://bitbucket.org using f1011a6a-b720-4819-b875-826292740ef0
Repository type: Git
Looking up smartlogtms/oms-dotnet-be for branches
Checking branch bugfix/oms-status-sales-channel from smartlogtms/oms-dotnet-be
Checking branch bugfix/oms-status-sales-channel-stage from smartlogtms/oms-dotnet-be
Checking branch OMS-725-add-owner's_information-when-syncing from smartlogtms/oms-dotnet-be
Checking branch add-message-logisticSku from smartlogtms/oms-dotnet-be
Checking branch bugfix/OMS-698-som-order-shipment-không-cập-nhậ from smartlogtms/oms-dotnet-be
Checking branch bugfix/OMS-736-som-user-lỗi-không-ràng-buộc-the from smartlogtms/oms-dotnet-be
Checking branch bugfix/OMS-788-som-export-excel-lệch-số-lượng-ở from smartlogtms/oms-dotnet-be
Checking branch bugfix/OMS-850-som-customer-fe---lỗi-hiển-thị-m from smartlogtms/oms-dotnet-be
Checking branch bugfix/error_id from smartlogtms/oms-dotnet-be
Checking branch bugfix/fix_upload from smartlogtms/oms-dotnet-be
Checking branch bugfix/index_negative from smartlogtms/oms-dotnet-be
Checking branch bugfix/number_larger_0 from smartlogtms/oms-dotnet-be
Checking branch bugfix/oms-619-error-build from smartlogtms/oms-dotnet-be
Checking branch bugfix/oms-665-error-status from smartlogtms/oms-dotnet-be
Checking branch bugfix/oms-677-download-data from smartlogtms/oms-dotnet-be
Checking branch bugfix/oms-826-disable-data-when-owner-inactive from smartlogtms/oms-dotnet-be
Checking branch bugfix/oms-832-authorization-of-saleschannel from smartlogtms/oms-dotnet-be
Checking branch bugfix/oms-856-fix-error-data-of-seller-sku from smartlogtms/oms-dotnet-be
Checking branch bugfix/oms-900-error-data-shipment-type-and-model from smartlogtms/oms-dotnet-be
Checking branch bugfix/oms-915-dev-owner-template from smartlogtms/oms-dotnet-be
Checking branch bugfix/oms-915-production-owner from smartlogtms/oms-dotnet-be
Checking branch bugfix/oms-915-stage-owner-template from smartlogtms/oms-dotnet-be
Checking branch bugfix/oms-access-current-user from smartlogtms/oms-dotnet-be
Checking branch bugfix/oms-configuration-excel from smartlogtms/oms-dotnet-be
Checking branch bugfix/oms-index-excel from smartlogtms/oms-dotnet-be
Checking branch bugfix/oms-rename-shipment-provider from smartlogtms/oms-dotnet-be
Checking branch bugfix/oms-rename-tenant from smartlogtms/oms-dotnet-be
Checking branch bugfix/oms-report-shipment from smartlogtms/oms-dotnet-be
Checking branch bugfix/oms-stage-rename-tenant from smartlogtms/oms-dotnet-be
Checking branch bugfix/oms-user-update-status from smartlogtms/oms-dotnet-be
Checking branch bugfix/order_fliter from smartlogtms/oms-dotnet-be
Checking branch bugfix/quantity_item from smartlogtms/oms-dotnet-be
Checking branch bugfix/revert_appsettings from smartlogtms/oms-dotnet-be
Checking branch bugfix/template_name from smartlogtms/oms-dotnet-be
Checking branch bugfix/upload_excel from smartlogtms/oms-dotnet-be
Checking branch bugfix/upload_excel_order from smartlogtms/oms-dotnet-be
Checking branch bugfix/upload_order_message from smartlogtms/oms-dotnet-be
Checking branch dev from smartlogtms/oms-dotnet-be
Checking branch feature/OMS-484-connect-tiki from smartlogtms/oms-dotnet-be
Checking branch feature/OMS-624 from smartlogtms/oms-dotnet-be
Checking branch feature/OMS-624-v2 from smartlogtms/oms-dotnet-be
Checking branch feature/OMS-635 from smartlogtms/oms-dotnet-be
Checking branch feature/OMS-657 from smartlogtms/oms-dotnet-be
Checking branch feature/OMS-663 from smartlogtms/oms-dotnet-be
Checking branch feature/OMS-666,667 from smartlogtms/oms-dotnet-be
Checking branch feature/OMS-672 from smartlogtms/oms-dotnet-be
Checking branch feature/OMS-676 from smartlogtms/oms-dotnet-be
Checking branch feature/OMS-680 from smartlogtms/oms-dotnet-be
Checking branch feature/OMS-696-oms-permission-cập-nhật-phân-quy from smartlogtms/oms-dotnet-be
Checking branch feature/OMS-697-oms-owner-đồng-bộ-owner-xuống-hệ from smartlogtms/oms-dotnet-be
Checking branch feature/OMS-715-som-orderbe---bổ-sung-tính-năng- from smartlogtms/oms-dotnet-be
Checking branch feature/OMS-719 from smartlogtms/oms-dotnet-be
Checking branch feature/OMS-820-som-localize-be-thiết-lập-đa-ngô from smartlogtms/oms-dotnet-be
Checking branch feature/OMS-868-oms-integration-báo-lỗi-khi-khác from smartlogtms/oms-dotnet-be
Checking branch feature/OMS-869-som-permisson-reset-permission-c from smartlogtms/oms-dotnet-be
Checking branch feature/OMS-872-som-sale-channel-tự-động-tạo-sal from smartlogtms/oms-dotnet-be
Checking branch feature/OMS-874-omscustomer-đổi-tên-trường-group from smartlogtms/oms-dotnet-be
Checking branch feature/OMS-875-oms-notification-send-message-wh from smartlogtms/oms-dotnet-be
Checking branch feature/OMS-878-oms-update-to-dotnet-6 from smartlogtms/oms-dotnet-be
Checking branch feature/OMS-894-owner-report from smartlogtms/oms-dotnet-be
Checking branch feature/OMS-894-stage-owner from smartlogtms/oms-dotnet-be
Checking branch feature/OMS-896-oms-request-order-refacture-requ from smartlogtms/oms-dotnet-be
Checking branch feature/add_fields_products from smartlogtms/oms-dotnet-be
Checking branch feature/bulk-publish-event from smartlogtms/oms-dotnet-be
Checking branch feature/change_template_excel_order from smartlogtms/oms-dotnet-be
Checking branch feature/fix_add_field from smartlogtms/oms-dotnet-be
Checking branch feature/generate-shipment-key from smartlogtms/oms-dotnet-be
Checking branch feature/hasura_controller from smartlogtms/oms-dotnet-be
Checking branch feature/oms-617-create-owner from smartlogtms/oms-dotnet-be
Checking branch feature/oms-617-create-user from smartlogtms/oms-dotnet-be
Checking branch feature/oms-617-rename-sales-channel from smartlogtms/oms-dotnet-be
Checking branch feature/oms-617-save-arr from smartlogtms/oms-dotnet-be
Checking branch feature/oms-619-init-user from smartlogtms/oms-dotnet-be
Checking branch feature/oms-620-map-shop-id-owner from smartlogtms/oms-dotnet-be
Checking branch feature/oms-620-query-shop from smartlogtms/oms-dotnet-be
Checking branch feature/oms-625-add-owner from smartlogtms/oms-dotnet-be
Checking branch feature/oms-625-add-shipment-owner from smartlogtms/oms-dotnet-be
Checking branch feature/oms-625-approved-owner-shipment from smartlogtms/oms-dotnet-be
Checking branch feature/oms-637-constraint-owner from smartlogtms/oms-dotnet-be
Checking branch feature/oms-647-download-custsomer from smartlogtms/oms-dotnet-be
Checking branch feature/oms-651-apply-owner from smartlogtms/oms-dotnet-be
Checking branch feature/oms-665 from smartlogtms/oms-dotnet-be
Checking branch feature/oms-733-role-approve-order from smartlogtms/oms-dotnet-be
Checking branch feature/oms-747-role-ready-to-ship from smartlogtms/oms-dotnet-be
Checking branch feature/oms-757-apply-authorization-for-actions from smartlogtms/oms-dotnet-be
Checking branch feature/oms-769-hot-update from smartlogtms/oms-dotnet-be
Checking branch feature/oms-777-fix-bug-authorization-for-owner from smartlogtms/oms-dotnet-be
Checking branch feature/oms-797-status-between-owner-and-warehouse from smartlogtms/oms-dotnet-be
Checking branch feature/oms-840-refactor-cache-service from smartlogtms/oms-dotnet-be
Checking branch feature/oms-845-add-api-version-for-header-response from smartlogtms/oms-dotnet-be
Checking branch feature/oms-865-add-shipment-sales-channel from smartlogtms/oms-dotnet-be
Checking branch feature/oms-877-add-status-to-user-detail from smartlogtms/oms-dotnet-be
Checking branch feature/oms-920-upload-excel-for-owner from smartlogtms/oms-dotnet-be
Checking branch feature/oms-add-order-event-handler from smartlogtms/oms-dotnet-be
Checking branch feature/oms-api-get-tenant-domain from smartlogtms/oms-dotnet-be
Checking branch feature/oms-change-download-shipment from smartlogtms/oms-dotnet-be
Checking branch feature/oms-dev-status-owner from smartlogtms/oms-dotnet-be
Checking branch feature/oms-download-customer from smartlogtms/oms-dotnet-be
Checking branch feature/oms-download-logistic-sku from smartlogtms/oms-dotnet-be
Checking branch feature/oms-download-master-data from smartlogtms/oms-dotnet-be
Checking branch feature/oms-download-owner from smartlogtms/oms-dotnet-be
Checking branch feature/oms-download-product from smartlogtms/oms-dotnet-be
Checking branch feature/oms-download-product-category from smartlogtms/oms-dotnet-be
Checking branch feature/oms-download-seller-product from smartlogtms/oms-dotnet-be
Checking branch feature/oms-download-seller-sku from smartlogtms/oms-dotnet-be
Checking branch feature/oms-download-shipment from smartlogtms/oms-dotnet-be
Checking branch feature/oms-permission from smartlogtms/oms-dotnet-be
Checking branch feature/oms-production-status-owner from smartlogtms/oms-dotnet-be
Checking branch feature/oms-staging-status-owner from smartlogtms/oms-dotnet-be
Checking branch feature/oms-status-user from smartlogtms/oms-dotnet-be
Checking branch feature/refacture-authorization-data from smartlogtms/oms-dotnet-be
Checking branch feature/status_shipment_item from smartlogtms/oms-dotnet-be
Checking branch feature/using-snowflakeid from smartlogtms/oms-dotnet-be
Checking branch fix-code-duplicate-logic from smartlogtms/oms-dotnet-be
Checking branch fix-order-logic-upload from smartlogtms/oms-dotnet-be
Checking branch fixbug/SOM-852 from smartlogtms/oms-dotnet-be
Checking branch hotfix/check-role-already-exist from smartlogtms/oms-dotnet-be
Checking branch hotfix/create_role from smartlogtms/oms-dotnet-be
Checking branch hotfix/missing-cache from smartlogtms/oms-dotnet-be
Checking branch hotfix/oms-fix-seperate-shipment from smartlogtms/oms-dotnet-be
Checking branch hotfix/oms-save-owner-warehouse from smartlogtms/oms-dotnet-be
Checking branch hotfix/show-warehouse-for-user-fullaccess from smartlogtms/oms-dotnet-be
Checking branch hotfix/user-nothave-tenant from smartlogtms/oms-dotnet-be
Checking branch master from smartlogtms/oms-dotnet-be
Checking branch production from smartlogtms/oms-dotnet-be
Checking branch staging from smartlogtms/oms-dotnet-be

  126 branches were processed
Looking up smartlogtms/oms-dotnet-be for pull requests
Checking PR-1190 from smartlogtms/oms-dotnet-be and branch bugfix/oms-status-sales-channel
Checking PR-1185 from smartlogtms/oms-dotnet-be and branch bugfix/oms-915-production-owner

  2 pull requests were processed
[Tue Dec 13 08:48:32 UTC 2022] com.cloudbees.jenkins.plugins.bitbucket.hooks.PushHookProcessor$1 CREATED event from 192.168.152.180 ⇒ http://jenkins-smartlog.danghung.xyz/bitbucket-scmsource-hook/notify with timestamp Tue Dec 13 08:48:23 UTC 2022 processed in 4.3 sec
[Tue Dec 13 08:50:52 UTC 2022] Received com.cloudbees.jenkins.plugins.bitbucket.hooks.PushHookProcessor$1 CREATED event from 192.168.128.18 ⇒ http://jenkins-smartlog.danghung.xyz/bitbucket-scmsource-hook/notify with timestamp Tue Dec 13 08:50:47 UTC 2022
Connecting to https://bitbucket.org using f1011a6a-b720-4819-b875-826292740ef0
Repository type: Git
Looking up smartlogtms/oms-dotnet-be for branches
Checking branch bugfix/oms-status-sales-channel from smartlogtms/oms-dotnet-be
Checking branch bugfix/oms-status-sales-channel-dev from smartlogtms/oms-dotnet-be
Checking branch bugfix/oms-status-sales-channel-stage from smartlogtms/oms-dotnet-be
Checking branch OMS-725-add-owner's_information-when-syncing from smartlogtms/oms-dotnet-be
Checking branch add-message-logisticSku from smartlogtms/oms-dotnet-be
Checking branch bugfix/OMS-698-som-order-shipment-không-cập-nhậ from smartlogtms/oms-dotnet-be
Checking branch bugfix/OMS-736-som-user-lỗi-không-ràng-buộc-the from smartlogtms/oms-dotnet-be
Checking branch bugfix/OMS-788-som-export-excel-lệch-số-lượng-ở from smartlogtms/oms-dotnet-be
Checking branch bugfix/OMS-850-som-customer-fe---lỗi-hiển-thị-m from smartlogtms/oms-dotnet-be
Checking branch bugfix/error_id from smartlogtms/oms-dotnet-be
Checking branch bugfix/fix_upload from smartlogtms/oms-dotnet-be
Checking branch bugfix/index_negative from smartlogtms/oms-dotnet-be
Checking branch bugfix/number_larger_0 from smartlogtms/oms-dotnet-be
Checking branch bugfix/oms-619-error-build from smartlogtms/oms-dotnet-be
Checking branch bugfix/oms-665-error-status from smartlogtms/oms-dotnet-be
Checking branch bugfix/oms-677-download-data from smartlogtms/oms-dotnet-be
Checking branch bugfix/oms-826-disable-data-when-owner-inactive from smartlogtms/oms-dotnet-be
Checking branch bugfix/oms-832-authorization-of-saleschannel from smartlogtms/oms-dotnet-be
Checking branch bugfix/oms-856-fix-error-data-of-seller-sku from smartlogtms/oms-dotnet-be
Checking branch bugfix/oms-900-error-data-shipment-type-and-model from smartlogtms/oms-dotnet-be
Checking branch bugfix/oms-915-dev-owner-template from smartlogtms/oms-dotnet-be
Checking branch bugfix/oms-915-production-owner from smartlogtms/oms-dotnet-be
Checking branch bugfix/oms-915-stage-owner-template from smartlogtms/oms-dotnet-be
Checking branch bugfix/oms-access-current-user from smartlogtms/oms-dotnet-be
Checking branch bugfix/oms-configuration-excel from smartlogtms/oms-dotnet-be
Checking branch bugfix/oms-index-excel from smartlogtms/oms-dotnet-be
Checking branch bugfix/oms-rename-shipment-provider from smartlogtms/oms-dotnet-be
Checking branch bugfix/oms-rename-tenant from smartlogtms/oms-dotnet-be
Checking branch bugfix/oms-report-shipment from smartlogtms/oms-dotnet-be
Checking branch bugfix/oms-stage-rename-tenant from smartlogtms/oms-dotnet-be
Checking branch bugfix/oms-user-update-status from smartlogtms/oms-dotnet-be
Checking branch bugfix/order_fliter from smartlogtms/oms-dotnet-be
Checking branch bugfix/quantity_item from smartlogtms/oms-dotnet-be
Checking branch bugfix/revert_appsettings from smartlogtms/oms-dotnet-be
Checking branch bugfix/template_name from smartlogtms/oms-dotnet-be
Checking branch bugfix/upload_excel from smartlogtms/oms-dotnet-be
Checking branch bugfix/upload_excel_order from smartlogtms/oms-dotnet-be
Checking branch bugfix/upload_order_message from smartlogtms/oms-dotnet-be
Checking branch dev from smartlogtms/oms-dotnet-be
Checking branch feature/OMS-484-connect-tiki from smartlogtms/oms-dotnet-be
Checking branch feature/OMS-624 from smartlogtms/oms-dotnet-be
Checking branch feature/OMS-624-v2 from smartlogtms/oms-dotnet-be
Checking branch feature/OMS-635 from smartlogtms/oms-dotnet-be
Checking branch feature/OMS-657 from smartlogtms/oms-dotnet-be
Checking branch feature/OMS-663 from smartlogtms/oms-dotnet-be
Checking branch feature/OMS-666,667 from smartlogtms/oms-dotnet-be
Checking branch feature/OMS-672 from smartlogtms/oms-dotnet-be
Checking branch feature/OMS-676 from smartlogtms/oms-dotnet-be
Checking branch feature/OMS-680 from smartlogtms/oms-dotnet-be
Checking branch feature/OMS-696-oms-permission-cập-nhật-phân-quy from smartlogtms/oms-dotnet-be
Checking branch feature/OMS-697-oms-owner-đồng-bộ-owner-xuống-hệ from smartlogtms/oms-dotnet-be
Checking branch feature/OMS-715-som-orderbe---bổ-sung-tính-năng- from smartlogtms/oms-dotnet-be
Checking branch feature/OMS-719 from smartlogtms/oms-dotnet-be
Checking branch feature/OMS-820-som-localize-be-thiết-lập-đa-ngô from smartlogtms/oms-dotnet-be
Checking branch feature/OMS-868-oms-integration-báo-lỗi-khi-khác from smartlogtms/oms-dotnet-be
Checking branch feature/OMS-869-som-permisson-reset-permission-c from smartlogtms/oms-dotnet-be
Checking branch feature/OMS-872-som-sale-channel-tự-động-tạo-sal from smartlogtms/oms-dotnet-be
Checking branch feature/OMS-874-omscustomer-đổi-tên-trường-group from smartlogtms/oms-dotnet-be
Checking branch feature/OMS-875-oms-notification-send-message-wh from smartlogtms/oms-dotnet-be
Checking branch feature/OMS-878-oms-update-to-dotnet-6 from smartlogtms/oms-dotnet-be
Checking branch feature/OMS-894-owner-report from smartlogtms/oms-dotnet-be
Checking branch feature/OMS-894-stage-owner from smartlogtms/oms-dotnet-be
Checking branch feature/OMS-896-oms-request-order-refacture-requ from smartlogtms/oms-dotnet-be
Checking branch feature/add_fields_products from smartlogtms/oms-dotnet-be
Checking branch feature/bulk-publish-event from smartlogtms/oms-dotnet-be
Checking branch feature/change_template_excel_order from smartlogtms/oms-dotnet-be
Checking branch feature/fix_add_field from smartlogtms/oms-dotnet-be
Checking branch feature/generate-shipment-key from smartlogtms/oms-dotnet-be
Checking branch feature/hasura_controller from smartlogtms/oms-dotnet-be
Checking branch feature/oms-617-create-owner from smartlogtms/oms-dotnet-be
Checking branch feature/oms-617-create-user from smartlogtms/oms-dotnet-be
Checking branch feature/oms-617-rename-sales-channel from smartlogtms/oms-dotnet-be
Checking branch feature/oms-617-save-arr from smartlogtms/oms-dotnet-be
Checking branch feature/oms-619-init-user from smartlogtms/oms-dotnet-be
Checking branch feature/oms-620-map-shop-id-owner from smartlogtms/oms-dotnet-be
Checking branch feature/oms-620-query-shop from smartlogtms/oms-dotnet-be
Checking branch feature/oms-625-add-owner from smartlogtms/oms-dotnet-be
Checking branch feature/oms-625-add-shipment-owner from smartlogtms/oms-dotnet-be
Checking branch feature/oms-625-approved-owner-shipment from smartlogtms/oms-dotnet-be
Checking branch feature/oms-637-constraint-owner from smartlogtms/oms-dotnet-be
Checking branch feature/oms-647-download-custsomer from smartlogtms/oms-dotnet-be
Checking branch feature/oms-651-apply-owner from smartlogtms/oms-dotnet-be
Checking branch feature/oms-665 from smartlogtms/oms-dotnet-be
Checking branch feature/oms-733-role-approve-order from smartlogtms/oms-dotnet-be
Checking branch feature/oms-747-role-ready-to-ship from smartlogtms/oms-dotnet-be
Checking branch feature/oms-757-apply-authorization-for-actions from smartlogtms/oms-dotnet-be
Checking branch feature/oms-769-hot-update from smartlogtms/oms-dotnet-be
Checking branch feature/oms-777-fix-bug-authorization-for-owner from smartlogtms/oms-dotnet-be
Checking branch feature/oms-797-status-between-owner-and-warehouse from smartlogtms/oms-dotnet-be
Checking branch feature/oms-840-refactor-cache-service from smartlogtms/oms-dotnet-be
Checking branch feature/oms-845-add-api-version-for-header-response from smartlogtms/oms-dotnet-be
Checking branch feature/oms-865-add-shipment-sales-channel from smartlogtms/oms-dotnet-be
Checking branch feature/oms-877-add-status-to-user-detail from smartlogtms/oms-dotnet-be
Checking branch feature/oms-920-upload-excel-for-owner from smartlogtms/oms-dotnet-be
Checking branch feature/oms-add-order-event-handler from smartlogtms/oms-dotnet-be
Checking branch feature/oms-api-get-tenant-domain from smartlogtms/oms-dotnet-be
Checking branch feature/oms-change-download-shipment from smartlogtms/oms-dotnet-be
Checking branch feature/oms-dev-status-owner from smartlogtms/oms-dotnet-be
Checking branch feature/oms-download-customer from smartlogtms/oms-dotnet-be
Checking branch feature/oms-download-logistic-sku from smartlogtms/oms-dotnet-be
Checking branch feature/oms-download-master-data from smartlogtms/oms-dotnet-be
Checking branch feature/oms-download-owner from smartlogtms/oms-dotnet-be
Checking branch feature/oms-download-product from smartlogtms/oms-dotnet-be
Checking branch feature/oms-download-product-category from smartlogtms/oms-dotnet-be
Checking branch feature/oms-download-seller-product from smartlogtms/oms-dotnet-be
Checking branch feature/oms-download-seller-sku from smartlogtms/oms-dotnet-be
Checking branch feature/oms-download-shipment from smartlogtms/oms-dotnet-be
Checking branch feature/oms-permission from smartlogtms/oms-dotnet-be
Checking branch feature/oms-production-status-owner from smartlogtms/oms-dotnet-be
Checking branch feature/oms-staging-status-owner from smartlogtms/oms-dotnet-be
Checking branch feature/oms-status-user from smartlogtms/oms-dotnet-be
Checking branch feature/refacture-authorization-data from smartlogtms/oms-dotnet-be
Checking branch feature/status_shipment_item from smartlogtms/oms-dotnet-be
Checking branch feature/using-snowflakeid from smartlogtms/oms-dotnet-be
Checking branch fix-code-duplicate-logic from smartlogtms/oms-dotnet-be
Checking branch fix-order-logic-upload from smartlogtms/oms-dotnet-be
Checking branch fixbug/SOM-852 from smartlogtms/oms-dotnet-be
Checking branch hotfix/check-role-already-exist from smartlogtms/oms-dotnet-be
Checking branch hotfix/create_role from smartlogtms/oms-dotnet-be
Checking branch hotfix/missing-cache from smartlogtms/oms-dotnet-be
Checking branch hotfix/oms-fix-seperate-shipment from smartlogtms/oms-dotnet-be
Checking branch hotfix/oms-save-owner-warehouse from smartlogtms/oms-dotnet-be
Checking branch hotfix/show-warehouse-for-user-fullaccess from smartlogtms/oms-dotnet-be
Checking branch hotfix/user-nothave-tenant from smartlogtms/oms-dotnet-be
Checking branch master from smartlogtms/oms-dotnet-be
Checking branch production from smartlogtms/oms-dotnet-be
Checking branch staging from smartlogtms/oms-dotnet-be

  127 branches were processed
Looking up smartlogtms/oms-dotnet-be for pull requests
Checking PR-1191 from smartlogtms/oms-dotnet-be and branch bugfix/oms-status-sales-channel-stage
Checking PR-1190 from smartlogtms/oms-dotnet-be and branch bugfix/oms-status-sales-channel
Checking PR-1185 from smartlogtms/oms-dotnet-be and branch bugfix/oms-915-production-owner

  3 pull requests were processed
[Tue Dec 13 08:50:55 UTC 2022] com.cloudbees.jenkins.plugins.bitbucket.hooks.PushHookProcessor$1 CREATED event from 192.168.128.18 ⇒ http://jenkins-smartlog.danghung.xyz/bitbucket-scmsource-hook/notify with timestamp Tue Dec 13 08:50:47 UTC 2022 processed in 3.6 sec
[Tue Dec 13 08:53:16 UTC 2022] Received com.cloudbees.jenkins.plugins.bitbucket.hooks.PushHookProcessor$1 UPDATED event from 192.168.61.226 ⇒ http://jenkins-smartlog.danghung.xyz/bitbucket-scmsource-hook/notify with timestamp Tue Dec 13 08:53:11 UTC 2022
Connecting to https://bitbucket.org using f1011a6a-b720-4819-b875-826292740ef0
Repository type: Git
Looking up smartlogtms/oms-dotnet-be for branches
Checking branch bugfix/oms-status-sales-channel from smartlogtms/oms-dotnet-be
Checking branch bugfix/oms-status-sales-channel-dev from smartlogtms/oms-dotnet-be
Checking branch bugfix/oms-status-sales-channel-stage from smartlogtms/oms-dotnet-be
Checking branch dev from smartlogtms/oms-dotnet-be
      ‘Jenkinsfile’ found
    Met criteria
Changes detected: dev (668057a3cc3395b3545efc41ff71c6118c72d1d8 → 9b69a57e55b7067cbf5d892316bdf18b42fed2ba)
Scheduled build for branch: dev

  4 branches were processed (query completed)
[Tue Dec 13 08:53:20 UTC 2022] com.cloudbees.jenkins.plugins.bitbucket.hooks.PushHookProcessor$1 UPDATED event from 192.168.61.226 ⇒ http://jenkins-smartlog.danghung.xyz/bitbucket-scmsource-hook/notify with timestamp Tue Dec 13 08:53:11 UTC 2022 processed in 4.1 sec
[Tue Dec 13 09:00:17 UTC 2022] Received com.cloudbees.jenkins.plugins.bitbucket.hooks.PushHookProcessor$1 UPDATED event from 192.168.122.141 ⇒ http://jenkins-smartlog.danghung.xyz/bitbucket-scmsource-hook/notify with timestamp Tue Dec 13 09:00:12 UTC 2022
Connecting to https://bitbucket.org using f1011a6a-b720-4819-b875-826292740ef0
Repository type: Git
Looking up smartlogtms/oms-dotnet-be for branches
Checking branch bugfix/oms-status-sales-channel from smartlogtms/oms-dotnet-be
Checking branch bugfix/oms-status-sales-channel-dev from smartlogtms/oms-dotnet-be
Checking branch bugfix/oms-status-sales-channel-stage from smartlogtms/oms-dotnet-be
Checking branch dev from smartlogtms/oms-dotnet-be
Checking branch staging from smartlogtms/oms-dotnet-be
      ‘Jenkinsfile’ found
    Met criteria
Changes detected: staging (f9ce04c856f0167232437f84a84f9afd878fb9b9 → d8773008c31e29556efea5c3fd86b06f80864e58)
Scheduled build for branch: staging

  5 branches were processed (query completed)
[Tue Dec 13 09:00:22 UTC 2022] com.cloudbees.jenkins.plugins.bitbucket.hooks.PushHookProcessor$1 UPDATED event from 192.168.122.141 ⇒ http://jenkins-smartlog.danghung.xyz/bitbucket-scmsource-hook/notify with timestamp Tue Dec 13 09:00:12 UTC 2022 processed in 4.6 sec
