Started
[Fri Mar 11 01:12:27 UTC 2022] Starting branch indexing...
Connecting to https://bitbucket.org using oauth-swm
Repository type: Git
Looking up smartlogwms/new-portal-fe for branches
Checking branch develop from smartlogwms/new-portal-fe
      ‘Jenkinsfile’ found
    Met criteria
No changes detected: develop (still at 3e2218c97b475708e81890c49db2e0a1a0b6f130)
Checking branch feature/new-report from smartlogwms/new-portal-fe
Checking branch feature/Init-core-project from smartlogwms/new-portal-fe
Checking branch feature/inbound-outbuond from smartlogwms/new-portal-fe
Checking branch feature/new-portal-layout from smartlogwms/new-portal-fe

  5 branches were processed
Looking up smartlogwms/new-portal-fe for pull requests
ERROR: [Fri Mar 11 01:12:31 UTC 2022] Could not fetch branches from source 193c77eb-6cf6-4e43-9ac3-c528e0996dfb
[Fri Mar 11 01:12:31 UTC 2022] Finished branch indexing. Indexing took 3.8 sec
FATAL: Failed to recompute children of new-portal-fe
com.cloudbees.jenkins.plugins.bitbucket.api.BitbucketRequestException: HTTP request error. Status: 403: Forbidden.
{"type": "error", "error": {"message": "Your credentials lack one or more required privilege scopes.", "detail": {"granted": ["issue", "project", "team"], "required": ["pullrequest"]}}}
	at com.cloudbees.jenkins.plugins.bitbucket.client.BitbucketCloudApiClient.getRequestAsInputStream(BitbucketCloudApiClient.java:911)
	at com.cloudbees.jenkins.plugins.bitbucket.client.BitbucketCloudApiClient.getRequest(BitbucketCloudApiClient.java:923)
	at com.cloudbees.jenkins.plugins.bitbucket.client.BitbucketCloudApiClient.getPullRequests(BitbucketCloudApiClient.java:284)
	at com.cloudbees.jenkins.plugins.bitbucket.BitbucketSCMSource$1.create(BitbucketSCMSource.java:569)
	at com.cloudbees.jenkins.plugins.bitbucket.LazyIterable.iterator(LazyIterable.java:57)
	at com.cloudbees.jenkins.plugins.bitbucket.BitbucketSCMSource.retrievePullRequests(BitbucketSCMSource.java:635)
	at com.cloudbees.jenkins.plugins.bitbucket.BitbucketSCMSource.retrieve(BitbucketSCMSource.java:608)
	at jenkins.scm.api.SCMSource._retrieve(SCMSource.java:373)
	at jenkins.scm.api.SCMSource.fetch(SCMSource.java:283)
	at jenkins.branch.MultiBranchProject.computeChildren(MultiBranchProject.java:641)
	at com.cloudbees.hudson.plugins.folder.computed.ComputedFolder.updateChildren(ComputedFolder.java:278)
	at com.cloudbees.hudson.plugins.folder.computed.FolderComputation.run(FolderComputation.java:166)
	at jenkins.branch.MultiBranchProject$BranchIndexing.run(MultiBranchProject.java:1032)
	at hudson.model.ResourceController.execute(ResourceController.java:99)
	at hudson.model.Executor.run(Executor.java:432)
Finished: FAILURE
