Started
[Fri Mar 31 11:22:52 UTC 2023] Starting branch indexing...
Connecting to https://bitbucket.org using f1011a6a-b720-4819-b875-826292740ef0
Repository type: Git
Looking up smartlogtms/stm-be-deliveree for branches
Checking branch dev from smartlogtms/stm-be-deliveree
      ‘Jenkinsfile-smartlog.groovy’ found
    Met criteria
No changes detected: dev (still at 5f41a6a4e8aa3e79c328a42458cbaf37ef6e34d2)
Checking branch qc from smartlogtms/stm-be-deliveree
      ‘Jenkinsfile-smartlog.groovy’ found
    Met criteria
Scheduled build for branch: qc
Checking branch DLVR-SSO from smartlogtms/stm-be-deliveree
Checking branch DLVR-SSO-v2 from smartlogtms/stm-be-deliveree
Checking branch STMSME-4208 from smartlogtms/stm-be-deliveree
Checking branch STMSME-851-add-update-lat-lng from smartlogtms/stm-be-deliveree
Checking branch add-deploy-gps from smartlogtms/stm-be-deliveree
Checking branch argocd from smartlogtms/stm-be-deliveree
Checking branch authen-test from smartlogtms/stm-be-deliveree
Checking branch bugfix/NIK-1373 from smartlogtms/stm-be-deliveree
Checking branch bugfix/NIK-1388 from smartlogtms/stm-be-deliveree
Checking branch bugfix/STMSME-1001 from smartlogtms/stm-be-deliveree
Checking branch bugfix/STMSME-1136-fix-distributor-name from smartlogtms/stm-be-deliveree
Checking branch bugfix/STMSME-1330 from smartlogtms/stm-be-deliveree
Checking branch bugfix/STMSME-1555-xoa-cung-duong from smartlogtms/stm-be-deliveree
Checking branch bugfix/STMSME-1808 from smartlogtms/stm-be-deliveree
Checking branch bugfix/STMSME-1841 from smartlogtms/stm-be-deliveree
Checking branch bugfix/STMSME-1916-fix-get from smartlogtms/stm-be-deliveree
Checking branch bugfix/STMSME-2152 from smartlogtms/stm-be-deliveree
Checking branch bugfix/STMSME-2288 from smartlogtms/stm-be-deliveree
Checking branch bugfix/STMSME-2292 from smartlogtms/stm-be-deliveree
Checking branch bugfix/STMSME-231 from smartlogtms/stm-be-deliveree
Checking branch bugfix/STMSME-2369 from smartlogtms/stm-be-deliveree
Checking branch bugfix/STMSME-2410-fix-code-trung from smartlogtms/stm-be-deliveree
Checking branch bugfix/STMSME-2462-get from smartlogtms/stm-be-deliveree
Checking branch bugfix/STMSME-2462-kpi from smartlogtms/stm-be-deliveree
Checking branch bugfix/STMSME-2463-fix-sync-gp from smartlogtms/stm-be-deliveree
Checking branch bugfix/STMSME-2466 from smartlogtms/stm-be-deliveree
Checking branch bugfix/STMSME-2502 from smartlogtms/stm-be-deliveree
Checking branch bugfix/STMSME-2503 from smartlogtms/stm-be-deliveree
Checking branch bugfix/STMSME-2508 from smartlogtms/stm-be-deliveree
Checking branch bugfix/STMSME-2536 from smartlogtms/stm-be-deliveree
Checking branch bugfix/STMSME-26 from smartlogtms/stm-be-deliveree
Checking branch bugfix/STMSME-2613-build-enum from smartlogtms/stm-be-deliveree
Checking branch bugfix/STMSME-2613-fix from smartlogtms/stm-be-deliveree
Checking branch bugfix/STMSME-2619 from smartlogtms/stm-be-deliveree
Checking branch bugfix/STMSME-2686 from smartlogtms/stm-be-deliveree
Checking branch bugfix/STMSME-2773 from smartlogtms/stm-be-deliveree
Checking branch bugfix/STMSME-2804 from smartlogtms/stm-be-deliveree
Checking branch bugfix/STMSME-2827 from smartlogtms/stm-be-deliveree
Checking branch bugfix/STMSME-2830 from smartlogtms/stm-be-deliveree
Checking branch bugfix/STMSME-2847 from smartlogtms/stm-be-deliveree
Checking branch bugfix/STMSME-2875 from smartlogtms/stm-be-deliveree
Checking branch bugfix/STMSME-2890-qc from smartlogtms/stm-be-deliveree
Checking branch bugfix/STMSME-2897 from smartlogtms/stm-be-deliveree
Checking branch bugfix/STMSME-2912 from smartlogtms/stm-be-deliveree
Checking branch bugfix/STMSME-2996 from smartlogtms/stm-be-deliveree
Checking branch bugfix/STMSME-3024 from smartlogtms/stm-be-deliveree
Checking branch bugfix/STMSME-3091 from smartlogtms/stm-be-deliveree
Checking branch bugfix/STMSME-3103 from smartlogtms/stm-be-deliveree
Checking branch bugfix/STMSME-3108 from smartlogtms/stm-be-deliveree
Checking branch bugfix/STMSME-3131 from smartlogtms/stm-be-deliveree
Checking branch bugfix/STMSME-3172 from smartlogtms/stm-be-deliveree
Checking branch bugfix/STMSME-3184 from smartlogtms/stm-be-deliveree
Checking branch bugfix/STMSME-3201 from smartlogtms/stm-be-deliveree
Checking branch bugfix/STMSME-3214-3215 from smartlogtms/stm-be-deliveree
Checking branch bugfix/STMSME-3301 from smartlogtms/stm-be-deliveree
Checking branch bugfix/STMSME-3301.2 from smartlogtms/stm-be-deliveree
Checking branch bugfix/STMSME-3350 from smartlogtms/stm-be-deliveree
Checking branch bugfix/STMSME-3367 from smartlogtms/stm-be-deliveree
Checking branch bugfix/STMSME-3397 from smartlogtms/stm-be-deliveree
Checking branch bugfix/STMSME-3404-recalled-etd from smartlogtms/stm-be-deliveree
Checking branch bugfix/STMSME-3544 from smartlogtms/stm-be-deliveree
Checking branch bugfix/STMSME-3710-double-cus-names from smartlogtms/stm-be-deliveree
Checking branch bugfix/STMSME-3841 from smartlogtms/stm-be-deliveree
Checking branch bugfix/STMSME-3943-recall-product from smartlogtms/stm-be-deliveree
Checking branch bugfix/STMSME-4015 from smartlogtms/stm-be-deliveree
Checking branch bugfix/STMSME-4052 from smartlogtms/stm-be-deliveree
Checking branch bugfix/STMSME-4266 from smartlogtms/stm-be-deliveree
Checking branch bugfix/STMSME-4388-bc from smartlogtms/stm-be-deliveree
Checking branch bugfix/STMSME-4433 from smartlogtms/stm-be-deliveree
Checking branch bugfix/STMSME-4727 from smartlogtms/stm-be-deliveree
Checking branch bugfix/STMSME-4787 from smartlogtms/stm-be-deliveree
Checking branch bugfix/STMSME-48 from smartlogtms/stm-be-deliveree
Checking branch bugfix/STMSME-5070 from smartlogtms/stm-be-deliveree
Checking branch bugfix/STMSME-5082 from smartlogtms/stm-be-deliveree
Checking branch bugfix/STMSME-5083 from smartlogtms/stm-be-deliveree
Checking branch bugfix/STMSME-5106 from smartlogtms/stm-be-deliveree
Checking branch bugfix/STMSME-5113-2 from smartlogtms/stm-be-deliveree
Checking branch bugfix/STMSME-5144 from smartlogtms/stm-be-deliveree
Checking branch bugfix/STMSME-5146 from smartlogtms/stm-be-deliveree
Checking branch bugfix/STMSME-5154 from smartlogtms/stm-be-deliveree
Checking branch bugfix/STMSME-5154-continue from smartlogtms/stm-be-deliveree
Checking branch bugfix/STMSME-5155 from smartlogtms/stm-be-deliveree
Checking branch bugfix/STMSME-5380-add-filter-vehicle from smartlogtms/stm-be-deliveree
Checking branch bugfix/STMSME-5479 from smartlogtms/stm-be-deliveree
Checking branch bugfix/STMSME-686 from smartlogtms/stm-be-deliveree
Checking branch bugfix/STMSME-768 from smartlogtms/stm-be-deliveree
Checking branch bugfix/STMSME-794-distributor-code-name from smartlogtms/stm-be-deliveree
Checking branch bugfix/STMSME-794-order-delivery-display from smartlogtms/stm-be-deliveree
Checking branch bugfix/STMSME-850 from smartlogtms/stm-be-deliveree
Checking branch bugfix/STMSME-857-gps-code-mobile from smartlogtms/stm-be-deliveree
Checking branch bugfix/add-action-log-user-group-name from smartlogtms/stm-be-deliveree
Checking branch bugfix/add-cloud-configurations from smartlogtms/stm-be-deliveree
Checking branch bugfix/add-created-date-equipment-materials from smartlogtms/stm-be-deliveree
Checking branch bugfix/add-fcm-event-data from smartlogtms/stm-be-deliveree
Checking branch bugfix/add-ignored-files from smartlogtms/stm-be-deliveree
Checking branch bugfix/add-issplit-propperty-to-determite-order-splitted from smartlogtms/stm-be-deliveree
Checking branch bugfix/add-location from smartlogtms/stm-be-deliveree
Checking branch bugfix/add-messages-when-cancel-trips from smartlogtms/stm-be-deliveree
Checking branch bugfix/add-order-transportation-address from smartlogtms/stm-be-deliveree
Checking branch bugfix/add-social-service-config-url from smartlogtms/stm-be-deliveree
Checking branch bugfix/add-trips-to-order-tracking-dto from smartlogtms/stm-be-deliveree
Checking branch bugfix/all-trips-with-products from smartlogtms/stm-be-deliveree
Checking branch bugfix/allow-null-dlvr-custom-reimbursement-model from smartlogtms/stm-be-deliveree
Checking branch bugfix/api-bc-phieu-nl from smartlogtms/stm-be-deliveree
Checking branch bugfix/api-get-vehicles-status from smartlogtms/stm-be-deliveree
Checking branch bugfix/api-get-vendors-customers from smartlogtms/stm-be-deliveree
Checking branch bugfix/api-order-tracking-locations from smartlogtms/stm-be-deliveree
Checking branch bugfix/api-phieu-sua-chua from smartlogtms/stm-be-deliveree
Checking branch bugfix/api-remove-trips from smartlogtms/stm-be-deliveree
Checking branch bugfix/api-rep-receipt-fuel from smartlogtms/stm-be-deliveree
Checking branch bugfix/api-return-order from smartlogtms/stm-be-deliveree
Checking branch bugfix/api-revert-approved-trips from smartlogtms/stm-be-deliveree
Checking branch bugfix/api-test-send-fcm-message from smartlogtms/stm-be-deliveree
Checking branch bugfix/api-update-orders-volume-and-cancel from smartlogtms/stm-be-deliveree
Checking branch bugfix/api-vehicles from smartlogtms/stm-be-deliveree
Checking branch bugfix/auto-plan-HttpPost from smartlogtms/stm-be-deliveree
Checking branch bugfix/auto-plan-edit-json-header from smartlogtms/stm-be-deliveree
Checking branch bugfix/auto-plan-vehicle-auth from smartlogtms/stm-be-deliveree
Checking branch bugfix/auto-plan-vehicle-groupview-admin from smartlogtms/stm-be-deliveree
Checking branch bugfix/booking-create-pod-recipient-info from smartlogtms/stm-be-deliveree
Checking branch bugfix/bugs-filter-trips-view-ops-manual from smartlogtms/stm-be-deliveree
Checking branch bugfix/change-warning-type from smartlogtms/stm-be-deliveree
Checking branch bugfix/check-complete from smartlogtms/stm-be-deliveree
Checking branch bugfix/check-logs from smartlogtms/stm-be-deliveree
Checking branch bugfix/clean-code from smartlogtms/stm-be-deliveree
Checking branch bugfix/cond-approve from smartlogtms/stm-be-deliveree
Checking branch bugfix/created-date from smartlogtms/stm-be-deliveree
Checking branch bugfix/dashboard-type from smartlogtms/stm-be-deliveree
Checking branch bugfix/data-accessibility-and-gps-values-handling from smartlogtms/stm-be-deliveree
Checking branch bugfix/delete-company-vendor from smartlogtms/stm-be-deliveree
Checking branch bugfix/delete-group-product-mappings from smartlogtms/stm-be-deliveree
Checking branch bugfix/delete-vendor from smartlogtms/stm-be-deliveree
Checking branch bugfix/email-driver-vendor from smartlogtms/stm-be-deliveree
Checking branch bugfix/enable-cross-tenant-api-get-order-info from smartlogtms/stm-be-deliveree
Checking branch bugfix/event-allow-push-notification from smartlogtms/stm-be-deliveree
Checking branch bugfix/fee-include from smartlogtms/stm-be-deliveree
Checking branch bugfix/filter-bs-rule-tx from smartlogtms/stm-be-deliveree
Checking branch bugfix/filter-bs-ten-quoc-gia from smartlogtms/stm-be-deliveree
Checking branch bugfix/filter-price from smartlogtms/stm-be-deliveree
Checking branch bugfix/filter-price-b from smartlogtms/stm-be-deliveree
Checking branch bugfix/filter-price-c from smartlogtms/stm-be-deliveree
Checking branch bugfix/filter-product-fix-ten-kh from smartlogtms/stm-be-deliveree
Checking branch bugfix/first-group from smartlogtms/stm-be-deliveree
Checking branch bugfix/fix-DataSourceRequest from smartlogtms/stm-be-deliveree
Checking branch bugfix/fix-LocationStatus from smartlogtms/stm-be-deliveree
Checking branch bugfix/fix-add-comment-when-create-trip from smartlogtms/stm-be-deliveree
Checking branch bugfix/fix-add-pod from smartlogtms/stm-be-deliveree
Checking branch bugfix/fix-adding-action-logs from smartlogtms/stm-be-deliveree
Checking branch bugfix/fix-admin-or-owner-ops-privileges from smartlogtms/stm-be-deliveree
Checking branch bugfix/fix-api-check-dlvr from smartlogtms/stm-be-deliveree
Checking branch bugfix/fix-api-get-fuels from smartlogtms/stm-be-deliveree
Checking branch bugfix/fix-api-merge-orders from smartlogtms/stm-be-deliveree
Checking branch bugfix/fix-api-remove-flm-vehicle from smartlogtms/stm-be-deliveree
Checking branch bugfix/fix-api-update-location-coordinates from smartlogtms/stm-be-deliveree
Checking branch bugfix/fix-api-upload-pods from smartlogtms/stm-be-deliveree
Checking branch bugfix/fix-asset-status from smartlogtms/stm-be-deliveree
Checking branch bugfix/fix-auto-email-report-format from smartlogtms/stm-be-deliveree
Checking branch bugfix/fix-auto-plan-location-from-to from smartlogtms/stm-be-deliveree
Checking branch bugfix/fix-auto-plan-location-pickup from smartlogtms/stm-be-deliveree
Checking branch bugfix/fix-auto-plan-save-trip from smartlogtms/stm-be-deliveree
Checking branch bugfix/fix-auto-send-mail-service from smartlogtms/stm-be-deliveree
Checking branch bugfix/fix-bug-dlvr-cost from smartlogtms/stm-be-deliveree
Checking branch bugfix/fix-bug-null-obj from smartlogtms/stm-be-deliveree
Checking branch bugfix/fix-bug-reimbursements from smartlogtms/stm-be-deliveree
Checking branch bugfix/fix-bug-report-filters-and-typos from smartlogtms/stm-be-deliveree
Checking branch bugfix/fix-bug-sme-3072 from smartlogtms/stm-be-deliveree
Checking branch bugfix/fix-bug-spint-30 from smartlogtms/stm-be-deliveree
Checking branch bugfix/fix-bug-sprint-34 from smartlogtms/stm-be-deliveree
Checking branch bugfix/fix-bug-sprint-39 from smartlogtms/stm-be-deliveree
Checking branch bugfix/fix-bugs from smartlogtms/stm-be-deliveree
Checking branch bugfix/fix-bugs-08082022 from smartlogtms/stm-be-deliveree
Checking branch bugfix/fix-bugs-dlvr from smartlogtms/stm-be-deliveree
Checking branch bugfix/fix-bugs-flm-vehicles from smartlogtms/stm-be-deliveree
Checking branch bugfix/fix-bugs-report-offline-and-online from smartlogtms/stm-be-deliveree
Checking branch bugfix/fix-bugs-trips-and-maps from smartlogtms/stm-be-deliveree
Checking branch bugfix/fix-build-ambigous-refs from smartlogtms/stm-be-deliveree
Checking branch bugfix/fix-build-job-services from smartlogtms/stm-be-deliveree
Checking branch bugfix/fix-code-conflict from smartlogtms/stm-be-deliveree
Checking branch bugfix/fix-complete-fin from smartlogtms/stm-be-deliveree
Checking branch bugfix/fix-cost-status-manager from smartlogtms/stm-be-deliveree
Checking branch bugfix/fix-cost-status-name from smartlogtms/stm-be-deliveree
Checking branch bugfix/fix-customer-formula-sample-columns from smartlogtms/stm-be-deliveree
Checking branch bugfix/fix-customer-roles from smartlogtms/stm-be-deliveree
Checking branch bugfix/fix-customer-shortname from smartlogtms/stm-be-deliveree
Checking branch bugfix/fix-customers-vendors from smartlogtms/stm-be-deliveree
Checking branch bugfix/fix-dash from smartlogtms/stm-be-deliveree
Checking branch bugfix/fix-date-hd from smartlogtms/stm-be-deliveree
Checking branch bugfix/fix-delete-trip-with-return-orders from smartlogtms/stm-be-deliveree
Checking branch bugfix/fix-district from smartlogtms/stm-be-deliveree
Checking branch bugfix/fix-driver-id from smartlogtms/stm-be-deliveree
Checking branch bugfix/fix-duplicate-recall-order-code from smartlogtms/stm-be-deliveree
Checking branch bugfix/fix-duplicate-trips from smartlogtms/stm-be-deliveree
Checking branch bugfix/fix-dvlr-update-booking-status-driver-name from smartlogtms/stm-be-deliveree
Checking branch bugfix/fix-enum from smartlogtms/stm-be-deliveree
Checking branch bugfix/fix-errors-ef6-NavigationBaseIncludeIgnored from smartlogtms/stm-be-deliveree
Checking branch bugfix/fix-errors-getting-display-name-538 from smartlogtms/stm-be-deliveree
Checking branch bugfix/fix-eta-etd-recall-order from smartlogtms/stm-be-deliveree
Checking branch bugfix/fix-event-users from smartlogtms/stm-be-deliveree
Checking branch bugfix/fix-events-null from smartlogtms/stm-be-deliveree
Checking branch bugfix/fix-file-type from smartlogtms/stm-be-deliveree
Checking branch bugfix/fix-file-type-param from smartlogtms/stm-be-deliveree
Checking branch bugfix/fix-filter-bc-vat-tu from smartlogtms/stm-be-deliveree
Checking branch bugfix/fix-filter-loai-diem from smartlogtms/stm-be-deliveree
Checking branch bugfix/fix-filter-property from smartlogtms/stm-be-deliveree
Checking branch bugfix/fix-flm-asset-timesheet-create-or-update from smartlogtms/stm-be-deliveree
Checking branch bugfix/fix-fpd-flow-20230111 from smartlogtms/stm-be-deliveree
Checking branch bugfix/fix-from-body from smartlogtms/stm-be-deliveree
Checking branch bugfix/fix-fuel-compare from smartlogtms/stm-be-deliveree
Checking branch bugfix/fix-geo-and-event-apis from smartlogtms/stm-be-deliveree
Checking branch bugfix/fix-geo-service from smartlogtms/stm-be-deliveree
Checking branch bugfix/fix-gps-json from smartlogtms/stm-be-deliveree
Checking branch bugfix/fix-guid from smartlogtms/stm-be-deliveree
Checking branch bugfix/fix-http-get from smartlogtms/stm-be-deliveree
Checking branch bugfix/fix-id-hdtx from smartlogtms/stm-be-deliveree
Checking branch bugfix/fix-include from smartlogtms/stm-be-deliveree
Checking branch bugfix/fix-include-save-trip from smartlogtms/stm-be-deliveree
Checking branch bugfix/fix-json-length from smartlogtms/stm-be-deliveree
Checking branch bugfix/fix-kpi-desc from smartlogtms/stm-be-deliveree
Checking branch bugfix/fix-kpi-desc-file from smartlogtms/stm-be-deliveree
Checking branch bugfix/fix-leave-complete-trip from smartlogtms/stm-be-deliveree
Checking branch bugfix/fix-linux-path from smartlogtms/stm-be-deliveree
Checking branch bugfix/fix-localized-string from smartlogtms/stm-be-deliveree
Checking branch bugfix/fix-location-cat-cus from smartlogtms/stm-be-deliveree
Checking branch bugfix/fix-location-id-send-dlvr from smartlogtms/stm-be-deliveree
Checking branch bugfix/fix-log-change-vehicle from smartlogtms/stm-be-deliveree
Checking branch bugfix/fix-logic-update-task-status from smartlogtms/stm-be-deliveree
Checking branch bugfix/fix-monitor-ui-filter-vehicle-types from smartlogtms/stm-be-deliveree
Checking branch bugfix/fix-new-bugs-20221123 from smartlogtms/stm-be-deliveree
Checking branch bugfix/fix-operation-monitor-apis from smartlogtms/stm-be-deliveree
Checking branch bugfix/fix-operation-tags from smartlogtms/stm-be-deliveree
Checking branch bugfix/fix-order-detail-tracking-status from smartlogtms/stm-be-deliveree
Checking branch bugfix/fix-order-tracking-status from smartlogtms/stm-be-deliveree
Checking branch bugfix/fix-osm-null-distance from smartlogtms/stm-be-deliveree
Checking branch bugfix/fix-permissions from smartlogtms/stm-be-deliveree
Checking branch bugfix/fix-pick-up-cond from smartlogtms/stm-be-deliveree
Checking branch bugfix/fix-pod-product from smartlogtms/stm-be-deliveree
Checking branch bugfix/fix-pod-remove-location from smartlogtms/stm-be-deliveree
Checking branch bugfix/fix-pod-upload-logic from smartlogtms/stm-be-deliveree
Checking branch bugfix/fix-post-locations from smartlogtms/stm-be-deliveree
Checking branch bugfix/fix-price-driver from smartlogtms/stm-be-deliveree
Checking branch bugfix/fix-price-station from smartlogtms/stm-be-deliveree
Checking branch bugfix/fix-product-quantity from smartlogtms/stm-be-deliveree
Checking branch bugfix/fix-product-quantity-manager from smartlogtms/stm-be-deliveree
Checking branch bugfix/fix-product-return-query from smartlogtms/stm-be-deliveree
Checking branch bugfix/fix-product-return-status from smartlogtms/stm-be-deliveree
Checking branch bugfix/fix-product-return-to-trip from smartlogtms/stm-be-deliveree
Checking branch bugfix/fix-product-volume-return from smartlogtms/stm-be-deliveree
Checking branch bugfix/fix-referid from smartlogtms/stm-be-deliveree
Checking branch bugfix/fix-reimbursement-approval-message from smartlogtms/stm-be-deliveree
Checking branch bugfix/fix-reject-order-tags from smartlogtms/stm-be-deliveree
Checking branch bugfix/fix-report-download-expires from smartlogtms/stm-be-deliveree
Checking branch bugfix/fix-report-setting from smartlogtms/stm-be-deliveree
Checking branch bugfix/fix-res-enums from smartlogtms/stm-be-deliveree
Checking branch bugfix/fix-resources from smartlogtms/stm-be-deliveree
Checking branch bugfix/fix-scope-geo from smartlogtms/stm-be-deliveree
Checking branch bugfix/fix-sort-atd-trip-mobile from smartlogtms/stm-be-deliveree
Checking branch bugfix/fix-start-trip from smartlogtms/stm-be-deliveree
Checking branch bugfix/fix-startup from smartlogtms/stm-be-deliveree
Checking branch bugfix/fix-station-fee-unapprove from smartlogtms/stm-be-deliveree
Checking branch bugfix/fix-station-lst from smartlogtms/stm-be-deliveree
Checking branch bugfix/fix-station-price-approve from smartlogtms/stm-be-deliveree
Checking branch bugfix/fix-status-come from smartlogtms/stm-be-deliveree
Checking branch bugfix/fix-status-input from smartlogtms/stm-be-deliveree
Checking branch bugfix/fix-stock from smartlogtms/stm-be-deliveree
Checking branch bugfix/fix-string-localized from smartlogtms/stm-be-deliveree
Checking branch bugfix/fix-swagger-header-guid-type from smartlogtms/stm-be-deliveree
Checking branch bugfix/fix-task-apis from smartlogtms/stm-be-deliveree
Checking branch bugfix/fix-template-parser-monitor-services from smartlogtms/stm-be-deliveree
Checking branch bugfix/fix-typos-and-add-params from smartlogtms/stm-be-deliveree
Checking branch bugfix/fix-user-permissions from smartlogtms/stm-be-deliveree
Checking branch bugfix/fix-vehicle-httppost from smartlogtms/stm-be-deliveree
Checking branch bugfix/fix-vehicle-include from smartlogtms/stm-be-deliveree
Checking branch bugfix/fix-vehicle-save-trip from smartlogtms/stm-be-deliveree
Checking branch bugfix/fix-ward from smartlogtms/stm-be-deliveree
Checking branch bugfix/fleet-fixed-cost from smartlogtms/stm-be-deliveree
Checking branch bugfix/flm-vehicles-update-models from smartlogtms/stm-be-deliveree
Checking branch bugfix/geo-fencing from smartlogtms/stm-be-deliveree
Checking branch bugfix/geo-master-info from smartlogtms/stm-be-deliveree
Checking branch bugfix/geofencing-system from smartlogtms/stm-be-deliveree
Checking branch bugfix/get-driver-contract from smartlogtms/stm-be-deliveree
Checking branch bugfix/gps-api-distance from smartlogtms/stm-be-deliveree
Checking branch bugfix/group-of-product-mapping from smartlogtms/stm-be-deliveree
Checking branch bugfix/include-group from smartlogtms/stm-be-deliveree
Checking branch bugfix/input-source from smartlogtms/stm-be-deliveree
Checking branch bugfix/is-location-return from smartlogtms/stm-be-deliveree
Checking branch bugfix/list-driving-licence from smartlogtms/stm-be-deliveree
Checking branch bugfix/load-excel-template from smartlogtms/stm-be-deliveree
Checking branch bugfix/load-excel-template-prod from smartlogtms/stm-be-deliveree
Checking branch bugfix/location-cancel-delivery from smartlogtms/stm-be-deliveree
Checking branch bugfix/location-come-web-trip-delivery from smartlogtms/stm-be-deliveree
Checking branch bugfix/location-product from smartlogtms/stm-be-deliveree
Checking branch bugfix/locations-optimize from smartlogtms/stm-be-deliveree
Checking branch bugfix/lst-supplier from smartlogtms/stm-be-deliveree
Checking branch bugfix/lst-supplier-fix from smartlogtms/stm-be-deliveree
Checking branch bugfix/luu-hop-dong-tx from smartlogtms/stm-be-deliveree
Checking branch bugfix/mobile-cancel-log from smartlogtms/stm-be-deliveree
Checking branch bugfix/mobile-dashboard-order from smartlogtms/stm-be-deliveree
Checking branch bugfix/mobile-manager-location-sort from smartlogtms/stm-be-deliveree
Checking branch bugfix/mobile-ord-code-gen-product-return from smartlogtms/stm-be-deliveree
Checking branch bugfix/mobile-upload-pod-location from smartlogtms/stm-be-deliveree
Checking branch bugfix/mobile-vendor-platform from smartlogtms/stm-be-deliveree
Checking branch bugfix/model-error from smartlogtms/stm-be-deliveree
Checking branch bugfix/modify-column-time-shift from smartlogtms/stm-be-deliveree
Checking branch bugfix/noti-mobile from smartlogtms/stm-be-deliveree
Checking branch bugfix/ord-detail-info from smartlogtms/stm-be-deliveree
Checking branch bugfix/order-to-ops from smartlogtms/stm-be-deliveree
Checking branch bugfix/prevent-split-tags-if-quantity-unchanged from smartlogtms/stm-be-deliveree
Checking branch bugfix/price-ex from smartlogtms/stm-be-deliveree
Checking branch bugfix/price-moq from smartlogtms/stm-be-deliveree
Checking branch bugfix/product-return-customerid from smartlogtms/stm-be-deliveree
Checking branch bugfix/product-return-order-code-auto-gen from smartlogtms/stm-be-deliveree
Checking branch bugfix/profits-calculation from smartlogtms/stm-be-deliveree
Checking branch bugfix/qc-fix-fpd-flow from smartlogtms/stm-be-deliveree
Checking branch bugfix/receipt-fuel-regno from smartlogtms/stm-be-deliveree
Checking branch bugfix/remote-tms-note-required from smartlogtms/stm-be-deliveree
Checking branch bugfix/remove-dlvr-apis from smartlogtms/stm-be-deliveree
Checking branch bugfix/remove-geo-cache from smartlogtms/stm-be-deliveree
Checking branch bugfix/remove-input-source from smartlogtms/stm-be-deliveree
Checking branch bugfix/remove-pod-check-when-cancel-completed-trips from smartlogtms/stm-be-deliveree
Checking branch bugfix/remove-stock-type from smartlogtms/stm-be-deliveree
Checking branch bugfix/remove_duplicate_helperprovider from smartlogtms/stm-be-deliveree
Checking branch bugfix/revert-products from smartlogtms/stm-be-deliveree
Checking branch bugfix/set-cancel-booking-status from smartlogtms/stm-be-deliveree
Checking branch bugfix/sme-1618-1619-1621 from smartlogtms/stm-be-deliveree
Checking branch bugfix/sme-1638-1637-fix-bug-notifications from smartlogtms/stm-be-deliveree
Checking branch bugfix/sme-1764 from smartlogtms/stm-be-deliveree
Checking branch bugfix/sme-1832 from smartlogtms/stm-be-deliveree
Checking branch bugfix/sme-1837 from smartlogtms/stm-be-deliveree
Checking branch bugfix/sme-1855 from smartlogtms/stm-be-deliveree
Checking branch bugfix/sme-2478 from smartlogtms/stm-be-deliveree
Checking branch bugfix/sme-3006 from smartlogtms/stm-be-deliveree
Checking branch bugfix/sme-3032 from smartlogtms/stm-be-deliveree
Checking branch bugfix/sme-630-643-647-653 from smartlogtms/stm-be-deliveree
Checking branch bugfix/sme-631 from smartlogtms/stm-be-deliveree
Checking branch bugfix/sme-653-fix-logic-remove-orders from smartlogtms/stm-be-deliveree
Checking branch bugfix/sme-683-fix-bug-join-info from smartlogtms/stm-be-deliveree
Checking branch bugfix/sme-691 from smartlogtms/stm-be-deliveree
Checking branch bugfix/sme-700 from smartlogtms/stm-be-deliveree
Checking branch bugfix/sme-708 from smartlogtms/stm-be-deliveree
Checking branch bugfix/sme-885-update-template from smartlogtms/stm-be-deliveree
Checking branch bugfix/sme-vn from smartlogtms/stm-be-deliveree
Checking branch bugfix/sonar-bugs from smartlogtms/stm-be-deliveree
Checking branch bugfix/sonarqube from smartlogtms/stm-be-deliveree
Checking branch bugfix/stmsme-1016 from smartlogtms/stm-be-deliveree
Checking branch bugfix/stmsme-29-fix-bug-dieu-phoi-manual from smartlogtms/stm-be-deliveree
Checking branch bugfix/stmsme-29-fix-split-order-api from smartlogtms/stm-be-deliveree
Checking branch bugfix/stmsme-4202-fix from smartlogtms/stm-be-deliveree
Checking branch bugfix/sum-type from smartlogtms/stm-be-deliveree
Checking branch bugfix/sys-setting from smartlogtms/stm-be-deliveree
Checking branch bugfix/trip-alerts from smartlogtms/stm-be-deliveree
Checking branch bugfix/trip-driver-name from smartlogtms/stm-be-deliveree
Checking branch bugfix/trips-complete-include from smartlogtms/stm-be-deliveree
Checking branch bugfix/trips-fix-include from smartlogtms/stm-be-deliveree
Checking branch bugfix/trips-manager-currency from smartlogtms/stm-be-deliveree
Checking branch bugfix/type-of-vehicle-enum-duplicate from smartlogtms/stm-be-deliveree
Checking branch bugfix/update-api-get-operation-trips from smartlogtms/stm-be-deliveree
Checking branch bugfix/update-comment-info from smartlogtms/stm-be-deliveree
Checking branch bugfix/update-dto-documents-fix-timesheet from smartlogtms/stm-be-deliveree
Checking branch bugfix/update-error-messages from smartlogtms/stm-be-deliveree
Checking branch bugfix/update-filter-report from smartlogtms/stm-be-deliveree
Checking branch bugfix/update-inhouse-vendors from smartlogtms/stm-be-deliveree
Checking branch bugfix/update-language-format from smartlogtms/stm-be-deliveree
Checking branch bugfix/update-log-level from smartlogtms/stm-be-deliveree
Checking branch bugfix/update-log-send-fcm from smartlogtms/stm-be-deliveree
Checking branch bugfix/update-logic-geneerate-trip-journey from smartlogtms/stm-be-deliveree
Checking branch bugfix/update-mapper-pricegroup from smartlogtms/stm-be-deliveree
Checking branch bugfix/update-message-log-SyncOMSData from smartlogtms/stm-be-deliveree
Checking branch bugfix/update-models-api-add-orders-into-trip from smartlogtms/stm-be-deliveree
Checking branch bugfix/update-monitor-distributor-query from smartlogtms/stm-be-deliveree
Checking branch bugfix/update-order-code from smartlogtms/stm-be-deliveree
Checking branch bugfix/update-orders-status-after-canceling-dlvr-booking from smartlogtms/stm-be-deliveree
Checking branch bugfix/update-product-has-upload from smartlogtms/stm-be-deliveree
Checking branch bugfix/update-query-partners from smartlogtms/stm-be-deliveree
Checking branch bugfix/update-report-code from smartlogtms/stm-be-deliveree
Checking branch bugfix/update-report-templates-and-appsettings from smartlogtms/stm-be-deliveree
Checking branch bugfix/update-req-type from smartlogtms/stm-be-deliveree
Checking branch bugfix/update-ressources-and-summary from smartlogtms/stm-be-deliveree
Checking branch bugfix/update-route-cancel-booking from smartlogtms/stm-be-deliveree
Checking branch bugfix/update-rule-calculate-order from smartlogtms/stm-be-deliveree
Checking branch bugfix/update-socket-authen from smartlogtms/stm-be-deliveree
Checking branch bugfix/update-sync-user-tenant from smartlogtms/stm-be-deliveree
Checking branch bugfix/update-task-scheduler from smartlogtms/stm-be-deliveree
Checking branch bugfix/update-view-profit from smartlogtms/stm-be-deliveree
Checking branch bugfix/user-avatar from smartlogtms/stm-be-deliveree
Checking branch bugfix/volume-bbgn-over from smartlogtms/stm-be-deliveree
Checking branch build-with-lokalise2 from smartlogtms/stm-be-deliveree
Checking branch deploy-sme from smartlogtms/stm-be-deliveree
Checking branch deploymenttest from smartlogtms/stm-be-deliveree
Checking branch dev_hung from smartlogtms/stm-be-deliveree
Checking branch feature/25_location_unicode from smartlogtms/stm-be-deliveree
Checking branch feature/43_category from smartlogtms/stm-be-deliveree
Checking branch feature/STMSME-1016-phieu-sua-chua from smartlogtms/stm-be-deliveree
Checking branch feature/STMSME-1031-rename from smartlogtms/stm-be-deliveree
Checking branch feature/STMSME-1033-pl-bg-ftl from smartlogtms/stm-be-deliveree
Checking branch feature/STMSME-113-filter-sort-request from smartlogtms/stm-be-deliveree
Checking branch feature/STMSME-1138 from smartlogtms/stm-be-deliveree
Checking branch feature/STMSME-1170-approve-multi from smartlogtms/stm-be-deliveree
Checking branch feature/STMSME-1170-non-reset-fee from smartlogtms/stm-be-deliveree
Checking branch feature/STMSME-122-api-bc-phieu from smartlogtms/stm-be-deliveree
Checking branch feature/STMSME-1280-ma-sort-trips from smartlogtms/stm-be-deliveree
Checking branch feature/STMSME-1297-ma-manager-trip-sort from smartlogtms/stm-be-deliveree
Checking branch feature/STMSME-151-xay-dung-view-danh-muc-doi-tram from smartlogtms/stm-be-deliveree
Checking branch feature/STMSME-170-dieu-phoi-thau from smartlogtms/stm-be-deliveree
Checking branch feature/STMSME-178 from smartlogtms/stm-be-deliveree
Checking branch feature/STMSME-1797-test from smartlogtms/stm-be-deliveree
Checking branch feature/STMSME-1819-fix-db from smartlogtms/stm-be-deliveree
Checking branch feature/STMSME-1819-luong-tx from smartlogtms/stm-be-deliveree
Checking branch feature/STMSME-1916-kpi-be from smartlogtms/stm-be-deliveree
Checking branch feature/STMSME-1950 from smartlogtms/stm-be-deliveree
Checking branch feature/STMSME-1974-auth-doi-xe from smartlogtms/stm-be-deliveree
Checking branch feature/STMSME-1983-auth-cus-contract from smartlogtms/stm-be-deliveree
Checking branch feature/STMSME-2-come-leave from smartlogtms/stm-be-deliveree
Checking branch feature/STMSME-2121 from smartlogtms/stm-be-deliveree
Checking branch feature/STMSME-2152 from smartlogtms/stm-be-deliveree
Checking branch feature/STMSME-22-danh-muc-doi-xe-update-asset-type from smartlogtms/stm-be-deliveree
Checking branch feature/STMSME-22-danh-muc-phuong-tien from smartlogtms/stm-be-deliveree
Checking branch feature/STMSME-22-danh-muc-phuong-tien-api-tinh-khau-hao from smartlogtms/stm-be-deliveree
Checking branch feature/STMSME-22-danh-muc-phuong-tien-bo-sung-filters+status from smartlogtms/stm-be-deliveree
Checking branch feature/STMSME-22-danh-muc-phuong-tien-thiet-bi-theo-xe from smartlogtms/stm-be-deliveree
Checking branch feature/STMSME-22-danh-muc-phuong-tien-update-route from smartlogtms/stm-be-deliveree
Checking branch feature/STMSME-2228 from smartlogtms/stm-be-deliveree
Checking branch feature/STMSME-2245-rang-buoc-tgian-check-geo from smartlogtms/stm-be-deliveree
Checking branch feature/STMSME-225 from smartlogtms/stm-be-deliveree
Checking branch feature/STMSME-226-api-update-vendor from smartlogtms/stm-be-deliveree
Checking branch feature/STMSME-2280-fixissue from smartlogtms/stm-be-deliveree
Checking branch feature/STMSME-2282-bao-cao-kpi from smartlogtms/stm-be-deliveree
Checking branch feature/STMSME-2288-chi-phi-thang from smartlogtms/stm-be-deliveree
Checking branch feature/STMSME-2292-temp from smartlogtms/stm-be-deliveree
Checking branch feature/STMSME-23-api-mobile-user-profile from smartlogtms/stm-be-deliveree
Checking branch feature/STMSME-230-chi-tiet-chuyen-tab-hanh-trinh from smartlogtms/stm-be-deliveree
Checking branch feature/STMSME-2312 from smartlogtms/stm-be-deliveree
Checking branch feature/STMSME-2350 from smartlogtms/stm-be-deliveree
Checking branch feature/STMSME-2599 from smartlogtms/stm-be-deliveree
Checking branch feature/STMSME-2621-geo-fencing from smartlogtms/stm-be-deliveree
Checking branch feature/STMSME-2657 from smartlogtms/stm-be-deliveree
Checking branch feature/STMSME-2712-bc-nhien-lieu-tieu-hao from smartlogtms/stm-be-deliveree
Checking branch feature/STMSME-2729-add-table-CAT_DriverFeeFLMDriver from smartlogtms/stm-be-deliveree
Checking branch feature/STMSME-274 from smartlogtms/stm-be-deliveree
Checking branch feature/STMSME-2847 from smartlogtms/stm-be-deliveree
Checking branch feature/STMSME-29-view-dieu-phoi-manual/api-filters from smartlogtms/stm-be-deliveree
Checking branch feature/STMSME-29-view-dieu-phoi-manual/api-orders-trips from smartlogtms/stm-be-deliveree
Checking branch feature/STMSME-290-auto-plan-auth from smartlogtms/stm-be-deliveree
Checking branch feature/STMSME-3000 from smartlogtms/stm-be-deliveree
Checking branch feature/STMSME-303 from smartlogtms/stm-be-deliveree
Checking branch feature/STMSME-3072 from smartlogtms/stm-be-deliveree
Checking branch feature/STMSME-309 from smartlogtms/stm-be-deliveree
Checking branch feature/STMSME-3098 from smartlogtms/stm-be-deliveree
Checking branch feature/STMSME-3192-note from smartlogtms/stm-be-deliveree
Checking branch feature/STMSME-32 from smartlogtms/stm-be-deliveree
Checking branch feature/STMSME-3240 from smartlogtms/stm-be-deliveree
Checking branch feature/STMSME-3252 from smartlogtms/stm-be-deliveree
Checking branch feature/STMSME-3252-exclude-location-recalled from smartlogtms/stm-be-deliveree
Checking branch feature/STMSME-3252-uom from smartlogtms/stm-be-deliveree
Checking branch feature/STMSME-3270-trip-locked from smartlogtms/stm-be-deliveree
Checking branch feature/STMSME-3296-product-return-etd-eta from smartlogtms/stm-be-deliveree
Checking branch feature/STMSME-3359 from smartlogtms/stm-be-deliveree
Checking branch feature/STMSME-3375 from smartlogtms/stm-be-deliveree
Checking branch feature/STMSME-3460-cancel-datetime from smartlogtms/stm-be-deliveree
Checking branch feature/STMSME-3525-deliveree-vendor from smartlogtms/stm-be-deliveree
Checking branch feature/STMSME-3556-empty-products from smartlogtms/stm-be-deliveree
Checking branch feature/STMSME-3651-dashboard-update from smartlogtms/stm-be-deliveree
Checking branch feature/STMSME-3769-notification from smartlogtms/stm-be-deliveree
Checking branch feature/STMSME-38-volume-transfer-bbgn from smartlogtms/stm-be-deliveree
Checking branch feature/STMSME-3802 from smartlogtms/stm-be-deliveree
Checking branch feature/STMSME-387-tao-chuyen-DLVR from smartlogtms/stm-be-deliveree
Checking branch feature/STMSME-3884 from smartlogtms/stm-be-deliveree
Checking branch feature/STMSME-3891 from smartlogtms/stm-be-deliveree
Checking branch feature/STMSME-3898 from smartlogtms/stm-be-deliveree
Checking branch feature/STMSME-39-mobile-fee-list from smartlogtms/stm-be-deliveree
Checking branch feature/STMSME-39-trouble-station-fee from smartlogtms/stm-be-deliveree
Checking branch feature/STMSME-4-view-tong-quan-giam-sat/api-filters from smartlogtms/stm-be-deliveree
Checking branch feature/STMSME-4094 from smartlogtms/stm-be-deliveree
Checking branch feature/STMSME-4202-phu-luc-hd from smartlogtms/stm-be-deliveree
Checking branch feature/STMSME-4279 from smartlogtms/stm-be-deliveree
Checking branch feature/STMSME-43-update-model-state from smartlogtms/stm-be-deliveree
Checking branch feature/STMSME-4374 from smartlogtms/stm-be-deliveree
Checking branch feature/STMSME-4416 from smartlogtms/stm-be-deliveree
Checking branch feature/STMSME-4418 from smartlogtms/stm-be-deliveree
Checking branch feature/STMSME-4420 from smartlogtms/stm-be-deliveree
Checking branch feature/STMSME-45 from smartlogtms/stm-be-deliveree
Checking branch feature/STMSME-4507 from smartlogtms/stm-be-deliveree
Checking branch feature/STMSME-4610 from smartlogtms/stm-be-deliveree
Checking branch feature/STMSME-4621 from smartlogtms/stm-be-deliveree
Checking branch feature/STMSME-4714-customer-location from smartlogtms/stm-be-deliveree
Checking branch feature/STMSME-4725 from smartlogtms/stm-be-deliveree
Checking branch feature/STMSME-4778-new from smartlogtms/stm-be-deliveree
Checking branch feature/STMSME-4808 from smartlogtms/stm-be-deliveree
Checking branch feature/STMSME-4832 from smartlogtms/stm-be-deliveree
Checking branch feature/STMSME-4848 from smartlogtms/stm-be-deliveree
Checking branch feature/STMSME-4851 from smartlogtms/stm-be-deliveree
Checking branch feature/STMSME-4858-order-code from smartlogtms/stm-be-deliveree
Checking branch feature/STMSME-4871 from smartlogtms/stm-be-deliveree
Checking branch feature/STMSME-4942 from smartlogtms/stm-be-deliveree
Checking branch feature/STMSME-4991 from smartlogtms/stm-be-deliveree
Checking branch feature/STMSME-5002 from smartlogtms/stm-be-deliveree
Checking branch feature/STMSME-5093 from smartlogtms/stm-be-deliveree
Checking branch feature/STMSME-5093-order-codes from smartlogtms/stm-be-deliveree
Checking branch feature/STMSME-5104 from smartlogtms/stm-be-deliveree
Checking branch feature/STMSME-5144 from smartlogtms/stm-be-deliveree
Checking branch feature/STMSME-5196-recall from smartlogtms/stm-be-deliveree
Checking branch feature/STMSME-52 from smartlogtms/stm-be-deliveree
Checking branch feature/STMSME-5299 from smartlogtms/stm-be-deliveree
Checking branch feature/STMSME-53 from smartlogtms/stm-be-deliveree
Checking branch feature/STMSME-5319 from smartlogtms/stm-be-deliveree
Checking branch feature/STMSME-5346 from smartlogtms/stm-be-deliveree
Checking branch feature/STMSME-5358 from smartlogtms/stm-be-deliveree
Checking branch feature/STMSME-5377 from smartlogtms/stm-be-deliveree
Checking branch feature/STMSME-538-new from smartlogtms/stm-be-deliveree
Checking branch feature/STMSME-5390 from smartlogtms/stm-be-deliveree
Checking branch feature/STMSME-5495 from smartlogtms/stm-be-deliveree
Checking branch feature/STMSME-5533 from smartlogtms/stm-be-deliveree
Checking branch feature/STMSME-56-accept-trip from smartlogtms/stm-be-deliveree
Checking branch feature/STMSME-5614 from smartlogtms/stm-be-deliveree
Checking branch feature/STMSME-686 from smartlogtms/stm-be-deliveree
Checking branch feature/STMSME-850 from smartlogtms/stm-be-deliveree
Checking branch feature/STMSME-9-view-chi-tiet-giam-sat from smartlogtms/stm-be-deliveree
Checking branch feature/STMSME-9-view-chi-tiet-giam-sat-2 from smartlogtms/stm-be-deliveree
Checking branch feature/STMSME-9-view-chi-tiet-giam-sat-3 from smartlogtms/stm-be-deliveree
Checking branch feature/STMSME-924 from smartlogtms/stm-be-deliveree
Checking branch feature/STMSME-CorrectFunctionManager from smartlogtms/stm-be-deliveree
Checking branch feature/STMSME-UpdateAuthorize from smartlogtms/stm-be-deliveree
Checking branch feature/STMSME-addGuid-UploadFile from smartlogtms/stm-be-deliveree
Checking branch feature/TotalCostApproved from smartlogtms/stm-be-deliveree
Checking branch feature/add-client-settings-customization from smartlogtms/stm-be-deliveree
Checking branch feature/add-country-id-to-report-filters from smartlogtms/stm-be-deliveree
Checking branch feature/add-createdtime-gps-positions from smartlogtms/stm-be-deliveree
Checking branch feature/add-cus-driver-fin-pl from smartlogtms/stm-be-deliveree
Checking branch feature/add-customer-to-users from smartlogtms/stm-be-deliveree
Checking branch feature/add-default-data from smartlogtms/stm-be-deliveree
Checking branch feature/add-dlvr-order-signal from smartlogtms/stm-be-deliveree
Checking branch feature/add-driver-customer-code-profile from smartlogtms/stm-be-deliveree
Checking branch feature/add-dto-summary from smartlogtms/stm-be-deliveree
Checking branch feature/add-event-syscustomerid from smartlogtms/stm-be-deliveree
Checking branch feature/add-events-resources from smartlogtms/stm-be-deliveree
Checking branch feature/add-geo-coding-service-PoSA from smartlogtms/stm-be-deliveree
Checking branch feature/add-group-permission-update-apis from smartlogtms/stm-be-deliveree
Checking branch feature/add-language-codes from smartlogtms/stm-be-deliveree
Checking branch feature/add-local-services from smartlogtms/stm-be-deliveree
Checking branch feature/add-log-channel from smartlogtms/stm-be-deliveree
Checking branch feature/add-mobile-function-codes from smartlogtms/stm-be-deliveree
Checking branch feature/add-new-status-to-api-get-orders from smartlogtms/stm-be-deliveree
Checking branch feature/add-redis-prefix from smartlogtms/stm-be-deliveree
Checking branch feature/add-report-keys from smartlogtms/stm-be-deliveree
Checking branch feature/add-sqs-consumer from smartlogtms/stm-be-deliveree
Checking branch feature/add-sqs-service from smartlogtms/stm-be-deliveree
Checking branch feature/add-table-flm-audit from smartlogtms/stm-be-deliveree
Checking branch feature/add-utilities-and-sysvar from smartlogtms/stm-be-deliveree
Checking branch feature/add-vendor-platform-code from smartlogtms/stm-be-deliveree
Checking branch feature/add-xss-attack-prevention-handler from smartlogtms/stm-be-deliveree
Checking branch feature/api-create-nameless-location from smartlogtms/stm-be-deliveree
Checking branch feature/api-hd-thau from smartlogtms/stm-be-deliveree
Checking branch feature/api-registration-integration from smartlogtms/stm-be-deliveree
Checking branch feature/api-versioning from smartlogtms/stm-be-deliveree
Checking branch feature/auth_gateway from smartlogtms/stm-be-deliveree
Checking branch feature/authorize-order-code from smartlogtms/stm-be-deliveree
Checking branch feature/auto-inscreament-value-seq from smartlogtms/stm-be-deliveree
Checking branch feature/auto-plan-auth-mon from smartlogtms/stm-be-deliveree
Checking branch feature/auto-plan-change-input-param from smartlogtms/stm-be-deliveree
Checking branch feature/auto-plan-get-output from smartlogtms/stm-be-deliveree
Checking branch feature/auto-plan-matrix from smartlogtms/stm-be-deliveree
Checking branch feature/auto-plan-vehicle-group-code from smartlogtms/stm-be-deliveree
Checking branch feature/cache_queue-service-refactor from smartlogtms/stm-be-deliveree
Checking branch feature/cancel-action-time from smartlogtms/stm-be-deliveree
Checking branch feature/cancel-reason-list from smartlogtms/stm-be-deliveree
Checking branch feature/change-auto-plan-service-url from smartlogtms/stm-be-deliveree
Checking branch feature/change-rule-kmgps from smartlogtms/stm-be-deliveree
Checking branch feature/code-first from smartlogtms/stm-be-deliveree
Checking branch feature/comment-saas-plan-priviledges from smartlogtms/stm-be-deliveree
Checking branch feature/comment-services-proxy from smartlogtms/stm-be-deliveree
Checking branch feature/complete-geo-signal from smartlogtms/stm-be-deliveree
Checking branch feature/cus-name-reason from smartlogtms/stm-be-deliveree
Checking branch feature/database-by-countrycode from smartlogtms/stm-be-deliveree
Checking branch feature/database/cat-partner-add-group-id from smartlogtms/stm-be-deliveree
Checking branch feature/default-order-by-created-date from smartlogtms/stm-be-deliveree
Checking branch feature/deploy-smartlog-sme from smartlogtms/stm-be-deliveree
Checking branch feature/driver-salary from smartlogtms/stm-be-deliveree
Checking branch feature/dymanic-index-column-code from smartlogtms/stm-be-deliveree
Checking branch feature/email-service from smartlogtms/stm-be-deliveree
Checking branch feature/entities/20210926 from smartlogtms/stm-be-deliveree
Checking branch feature/fee-createdby from smartlogtms/stm-be-deliveree
Checking branch feature/fees-approve-unapprove from smartlogtms/stm-be-deliveree
Checking branch feature/fix-bug-report from smartlogtms/stm-be-deliveree
Checking branch feature/fix-bug-sme-code-first from smartlogtms/stm-be-deliveree
Checking branch feature/fix-bugs-dlvr-integration from smartlogtms/stm-be-deliveree
Checking branch feature/fix-code-comparison from smartlogtms/stm-be-deliveree
Checking branch feature/fix-geo-fencing-update-posa-event from smartlogtms/stm-be-deliveree
Checking branch feature/fix-some-bugs-20221122 from smartlogtms/stm-be-deliveree
Checking branch feature/function-base-authorize-with-multiple-attributes from smartlogtms/stm-be-deliveree
Checking branch feature/get-order-statistics from smartlogtms/stm-be-deliveree
Checking branch feature/gps-services from smartlogtms/stm-be-deliveree
Checking branch feature/gps-services-renaming from smartlogtms/stm-be-deliveree
Checking branch feature/group-vehicle-order from smartlogtms/stm-be-deliveree
Checking branch feature/group-vehicle-sort from smartlogtms/stm-be-deliveree
Checking branch feature/http-post-dashboards from smartlogtms/stm-be-deliveree
Checking branch feature/http-request-extensions from smartlogtms/stm-be-deliveree
Checking branch feature/implement-load-user-image-from-activate-site from smartlogtms/stm-be-deliveree
Checking branch feature/init-local-services from smartlogtms/stm-be-deliveree
Checking branch feature/input-source from smartlogtms/stm-be-deliveree
Checking branch feature/input-source-remove from smartlogtms/stm-be-deliveree
Checking branch feature/local-services-logs-and-create-services from smartlogtms/stm-be-deliveree
Checking branch feature/location-maxweight from smartlogtms/stm-be-deliveree
Checking branch feature/location-type from smartlogtms/stm-be-deliveree
Checking branch feature/log-kmgps-mobile from smartlogtms/stm-be-deliveree
Checking branch feature/master-location-dateleave from smartlogtms/stm-be-deliveree
Checking branch feature/master-vehicle-code from smartlogtms/stm-be-deliveree
Checking branch feature/max-debit from smartlogtms/stm-be-deliveree
Checking branch feature/merge-queued-hosted-service from smartlogtms/stm-be-deliveree
Checking branch feature/message-localization from smartlogtms/stm-be-deliveree
Checking branch feature/migrate-gps from smartlogtms/stm-be-deliveree
Checking branch feature/migrate-trouble-station-driverid from smartlogtms/stm-be-deliveree
Checking branch feature/migration-add-cusdriverid from smartlogtms/stm-be-deliveree
Checking branch feature/migration-tools-sme from smartlogtms/stm-be-deliveree
Checking branch feature/mobile-date-come-leave from smartlogtms/stm-be-deliveree
Checking branch feature/mobile-leave-constraint from smartlogtms/stm-be-deliveree
Checking branch feature/mobile-manager-country-filter from smartlogtms/stm-be-deliveree
Checking branch feature/mobile-master-summary from smartlogtms/stm-be-deliveree
Checking branch feature/mobile-partner-locations from smartlogtms/stm-be-deliveree
Checking branch feature/mobile-service from smartlogtms/stm-be-deliveree
Checking branch feature/mobile-stations from smartlogtms/stm-be-deliveree
Checking branch feature/mobile-trip-detail-booking from smartlogtms/stm-be-deliveree
Checking branch feature/mobile-trip-detail-is-driver-accepted from smartlogtms/stm-be-deliveree
Checking branch feature/modify-context-and-add-new-services from smartlogtms/stm-be-deliveree
Checking branch feature/nikola_permissions from smartlogtms/stm-be-deliveree
Checking branch feature/notification-services from smartlogtms/stm-be-deliveree
Checking branch feature/order-to-ops-update-status from smartlogtms/stm-be-deliveree
Checking branch feature/pickup-delivery-cancel-reasons from smartlogtms/stm-be-deliveree
Checking branch feature/pod-file-product from smartlogtms/stm-be-deliveree
Checking branch feature/product-return-customer from smartlogtms/stm-be-deliveree
Checking branch feature/query-test from smartlogtms/stm-be-deliveree
Checking branch feature/recall-product from smartlogtms/stm-be-deliveree
Checking branch feature/refresh-package-cache from smartlogtms/stm-be-deliveree
Checking branch feature/reimbursement-fees-save-currency-id from smartlogtms/stm-be-deliveree
Checking branch feature/remove-to-location-get-delivery from smartlogtms/stm-be-deliveree
Checking branch feature/remove-todo from smartlogtms/stm-be-deliveree
Checking branch feature/resource-manager-from-files from smartlogtms/stm-be-deliveree
Checking branch feature/resource-templates from smartlogtms/stm-be-deliveree
Checking branch feature/return-note from smartlogtms/stm-be-deliveree
Checking branch feature/revert-input-source from smartlogtms/stm-be-deliveree
Checking branch feature/schedule-services from smartlogtms/stm-be-deliveree
Checking branch feature/show-environment-name-in-logs from smartlogtms/stm-be-deliveree
Checking branch feature/sme-1095-events-setting from smartlogtms/stm-be-deliveree
Checking branch feature/sme-1132-push-noti-cho-mobile-app from smartlogtms/stm-be-deliveree
Checking branch feature/sme-1859 from smartlogtms/stm-be-deliveree
Checking branch feature/sme-2318 from smartlogtms/stm-be-deliveree
Checking branch feature/sme-2340 from smartlogtms/stm-be-deliveree
Checking branch feature/sme-301-api-get-quote from smartlogtms/stm-be-deliveree
Checking branch feature/sme-306-api-update-booking-status from smartlogtms/stm-be-deliveree
Checking branch feature/sme-306-api-update-booking-status-new-body from smartlogtms/stm-be-deliveree
Checking branch feature/sme-399-report-downloader from smartlogtms/stm-be-deliveree
Checking branch feature/sme-618-quan-ly-chuyen-dlvr-view-dieu-phoi from smartlogtms/stm-be-deliveree
Checking branch feature/sme-719-update-tx-thau-dlvr from smartlogtms/stm-be-deliveree
Checking branch feature/sme-734-api-mau-bao-cao from smartlogtms/stm-be-deliveree
Checking branch feature/sme-926-giam-sat-chuyen-dlvr from smartlogtms/stm-be-deliveree
Checking branch feature/sme-code-first from smartlogtms/stm-be-deliveree
Checking branch feature/sme-code-first-config-preset from smartlogtms/stm-be-deliveree
Checking branch feature/sme-code-first-mobile-auto-planning from smartlogtms/stm-be-deliveree
Checking branch feature/sme-code-first-remove-container-tables from smartlogtms/stm-be-deliveree
Checking branch feature/sme-migrations-tools from smartlogtms/stm-be-deliveree
Checking branch feature/smes-3441 from smartlogtms/stm-be-deliveree
Checking branch feature/social-gateway from smartlogtms/stm-be-deliveree
Checking branch feature/social-services-integration from smartlogtms/stm-be-deliveree
Checking branch feature/socket-core from smartlogtms/stm-be-deliveree
Checking branch feature/socket-service from smartlogtms/stm-be-deliveree
Checking branch feature/socket-service-localization from smartlogtms/stm-be-deliveree
Checking branch feature/station-driver-id from smartlogtms/stm-be-deliveree
Checking branch feature/stm-authorization-db-context from smartlogtms/stm-be-deliveree
Checking branch feature/stm-sme-tool from smartlogtms/stm-be-deliveree
Checking branch feature/stmsme-246/create-api-update-location-position from smartlogtms/stm-be-deliveree
Checking branch feature/stmsme-513/routing-area-details from smartlogtms/stm-be-deliveree
Checking branch feature/stmsme-538-get-localized-address from smartlogtms/stm-be-deliveree
Checking branch feature/sys-setting-remove-unuse-code from smartlogtms/stm-be-deliveree
Checking branch feature/task-schedule-add-logic-end-of-months from smartlogtms/stm-be-deliveree
Checking branch feature/tech-update-flow-completing-shipments from smartlogtms/stm-be-deliveree
Checking branch feature/tenant-currency from smartlogtms/stm-be-deliveree
Checking branch feature/test-controller-get-master-manager from smartlogtms/stm-be-deliveree
Checking branch feature/test-language from smartlogtms/stm-be-deliveree
Checking branch feature/trip-total-approve-cost from smartlogtms/stm-be-deliveree
Checking branch feature/two-level-cache-and-eventbus from smartlogtms/stm-be-deliveree
Checking branch feature/type-of-package from smartlogtms/stm-be-deliveree
Checking branch feature/update-DITOLocationStatusID from smartlogtms/stm-be-deliveree
Checking branch feature/update-api-get-trip-info-ops-mon from smartlogtms/stm-be-deliveree
Checking branch feature/update-api-task-timeline from smartlogtms/stm-be-deliveree
Checking branch feature/update-app-permission-and-cache from smartlogtms/stm-be-deliveree
Checking branch feature/update-booking-request-json-default-value-handling from smartlogtms/stm-be-deliveree
Checking branch feature/update-cache-proj from smartlogtms/stm-be-deliveree
Checking branch feature/update-config-dlvr from smartlogtms/stm-be-deliveree
Checking branch feature/update-datasource-result-default-result from smartlogtms/stm-be-deliveree
Checking branch feature/update-datasourcerequest-filters from smartlogtms/stm-be-deliveree
Checking branch feature/update-date-time-format from smartlogtms/stm-be-deliveree
Checking branch feature/update-dto-CUS from smartlogtms/stm-be-deliveree
Checking branch feature/update-entities-v3 from smartlogtms/stm-be-deliveree
Checking branch feature/update-enum-type from smartlogtms/stm-be-deliveree
Checking branch feature/update-geo-services from smartlogtms/stm-be-deliveree
Checking branch feature/update-gps-codes from smartlogtms/stm-be-deliveree
Checking branch feature/update-group-view-list from smartlogtms/stm-be-deliveree
Checking branch feature/update-log-status-fields from smartlogtms/stm-be-deliveree
Checking branch feature/update-permissions-logic from smartlogtms/stm-be-deliveree
Checking branch feature/update-queue-error-log from smartlogtms/stm-be-deliveree
Checking branch feature/update-report-templates from smartlogtms/stm-be-deliveree
Checking branch feature/update-sme-29 from smartlogtms/stm-be-deliveree
Checking branch feature/update-sys-setting from smartlogtms/stm-be-deliveree
Checking branch feature/update-trouble-ditostation-cusdriver from smartlogtms/stm-be-deliveree
Checking branch feature/upload-update-fee from smartlogtms/stm-be-deliveree
Checking branch fix from smartlogtms/stm-be-deliveree
Checking branch fixbug/STMSME-2684 from smartlogtms/stm-be-deliveree
Checking branch fixbug/STMSME-3838 from smartlogtms/stm-be-deliveree
Checking branch fixbug/STMSME-4033 from smartlogtms/stm-be-deliveree
Checking branch fixbug/STMSME-4247 from smartlogtms/stm-be-deliveree
Checking branch fixbug/STMSME-5077 from smartlogtms/stm-be-deliveree
Checking branch fixbug/STMSME-5113 from smartlogtms/stm-be-deliveree
Checking branch fixbug/STMSME-AddCloudWatch from smartlogtms/stm-be-deliveree
Checking branch gps/geocoding-reverse-api from smartlogtms/stm-be-deliveree
Checking branch hotfix-0.4.3 from smartlogtms/stm-be-deliveree
Checking branch hotfix-0.4.4 from smartlogtms/stm-be-deliveree
Checking branch hotfix-trip-start from smartlogtms/stm-be-deliveree
Checking branch hotfix/0.3.1 from smartlogtms/stm-be-deliveree
Checking branch hotfix/add-function-codes from smartlogtms/stm-be-deliveree
Checking branch hotfix/config-authentication-nikola-admin from smartlogtms/stm-be-deliveree
Checking branch hotfix/fix-internal-auth from smartlogtms/stm-be-deliveree
Checking branch hotfix/fix-load-locations-autoplan from smartlogtms/stm-be-deliveree
Checking branch hotfix/load-location-auto-planning from smartlogtms/stm-be-deliveree
Checking branch hotfix/update-log-channel from smartlogtms/stm-be-deliveree
Checking branch hotfix/update-ops-master-privilege from smartlogtms/stm-be-deliveree
Checking branch hotfix/validate-input-quantity from smartlogtms/stm-be-deliveree
Checking branch htest from smartlogtms/stm-be-deliveree
Checking branch lokalise-2022-04-05_15-05-49 from smartlogtms/stm-be-deliveree
Checking branch lokalise-2023-01-10_10-33-47 from smartlogtms/stm-be-deliveree
Checking branch lokalise-2023-01-13_03-18-03 from smartlogtms/stm-be-deliveree
Checking branch lokalise-2023-01-16_08-58-30 from smartlogtms/stm-be-deliveree
Checking branch lokalise-2023-02-02_11-58-24 from smartlogtms/stm-be-deliveree
Checking branch lokalise-2023-02-07_09-29-04 from smartlogtms/stm-be-deliveree
Checking branch lokalise-2023-02-08_09-26-55 from smartlogtms/stm-be-deliveree
Checking branch lokalise-2023-02-10_03-22-41 from smartlogtms/stm-be-deliveree
Checking branch lokalise-2023-02-10_03-48-35 from smartlogtms/stm-be-deliveree
Checking branch lokalise-2023-02-16_04-04-02 from smartlogtms/stm-be-deliveree
Checking branch lokalise-2023-02-21_12-09-22 from smartlogtms/stm-be-deliveree
Checking branch lokalise-2023-02-22_03-20-12 from smartlogtms/stm-be-deliveree
Checking branch lokalise-2023-03-01_09-59-27 from smartlogtms/stm-be-deliveree
Checking branch lokalise-2023-03-07_10-15-04 from smartlogtms/stm-be-deliveree
Checking branch lokalise-2023-03-10_12-48-40 from smartlogtms/stm-be-deliveree
Checking branch lokalise-2023-03-12_00-16-08 from smartlogtms/stm-be-deliveree
Checking branch lokalise-2023-03-18_09-24-39 from smartlogtms/stm-be-deliveree
Checking branch master from smartlogtms/stm-be-deliveree
Checking branch merge-code from smartlogtms/stm-be-deliveree
Checking branch origin/split-project from smartlogtms/stm-be-deliveree
Checking branch production from smartlogtms/stm-be-deliveree
Checking branch production-sme from smartlogtms/stm-be-deliveree
      ‘Jenkinsfile-smartlog.groovy’ found
    Met criteria
No changes detected: production-sme (still at a1b7ddd332b894a56d19866a953778f7ace46194)
Checking branch qc-rebuild-geo from smartlogtms/stm-be-deliveree
Checking branch qc-sme from smartlogtms/stm-be-deliveree
Checking branch rebuild-app from smartlogtms/stm-be-deliveree
Checking branch rebuild-geo from smartlogtms/stm-be-deliveree
Checking branch refactor-local-service from smartlogtms/stm-be-deliveree
Checking branch release-0.3 from smartlogtms/stm-be-deliveree
Checking branch release-0.3.1 from smartlogtms/stm-be-deliveree
Checking branch release-0.3.2 from smartlogtms/stm-be-deliveree
Checking branch release-0.4 from smartlogtms/stm-be-deliveree
Checking branch release-0.4.1 from smartlogtms/stm-be-deliveree
Checking branch release-0.4.2 from smartlogtms/stm-be-deliveree
Checking branch release-0.4.3 from smartlogtms/stm-be-deliveree
Checking branch release-0.4.4 from smartlogtms/stm-be-deliveree
Checking branch release-0.4.5 from smartlogtms/stm-be-deliveree
Checking branch revert-2633 from smartlogtms/stm-be-deliveree
Checking branch revert-build-lokalise from smartlogtms/stm-be-deliveree
Checking branch smartlog-dev from smartlogtms/stm-be-deliveree
Checking branch update-add-dbcontext from smartlogtms/stm-be-deliveree
Checking branch update-enum-status from smartlogtms/stm-be-deliveree
Checking branch update-location-name from smartlogtms/stm-be-deliveree
Checking branch updatedotnet5to6-Api from smartlogtms/stm-be-deliveree
Checking branch updatedotnet5to6-Domain from smartlogtms/stm-be-deliveree
Checking branch updatedotnet5to6-TaskManagementSystem from smartlogtms/stm-be-deliveree
Checking branch updatedotnet5to6-gps from smartlogtms/stm-be-deliveree
Checking branch updatedotnet5to6-localservice from smartlogtms/stm-be-deliveree

  774 branches were processed
Looking up smartlogtms/stm-be-deliveree for pull requests
Checking PR-3056 from smartlogtms/stm-be-deliveree and branch feature/STMSME-CorrectFunctionManager
Checking PR-2994 from smartlogtms/stm-be-deliveree and branch fixbug/STMSME-AddCloudWatch
Checking PR-2958 from smartlogtms/stm-be-deliveree and branch feature/STMSME-addGuid-UploadFile
Checking PR-2947 from smartlogtms/stm-be-deliveree and branch feature/STMSME-UpdateAuthorize
Checking PR-2932 from smartlogtms/stm-be-deliveree and branch bugfix/STMSME-5113-2
Checking PR-2623 from smartlogtms/stm-be-deliveree and branch feature/STMSME-4848
Checking PR-2551 from smartlogtms/stm-be-deliveree and branch feature/STMSME-4610
Checking PR-2636 from smartlogtms/stm-be-deliveree and branch feature/STMSME-4725
Checking PR-2105 from smartlogtms/stm-be-deliveree and branch feature/migration-tools-sme
Checking PR-2479 from smartlogtms/stm-be-deliveree and branch bugfix/clean-code
Checking PR-2472 from smartlogtms/stm-be-deliveree and branch feature/STMSME-4621
Checking PR-2430 from smartlogtms/stm-be-deliveree and branch feature/add-client-settings-customization
Checking PR-2360 from smartlogtms/stm-be-deliveree and branch bugfix/fleet-fixed-cost
Checking PR-2343 from smartlogtms/stm-be-deliveree and branch feature/STMSME-3891
Checking PR-2271 from smartlogtms/stm-be-deliveree and branch feature/STMSME-4202-phu-luc-hd
Checking PR-1428 from smartlogtms/stm-be-deliveree and branch feature/database-by-countrycode
Checking PR-1433 from smartlogtms/stm-be-deliveree and branch feature/nikola_permissions
Checking PR-1067 from smartlogtms/stm-be-deliveree and branch feature/stmsme-538-get-localized-address

  18 pull requests were processed
[Fri Mar 31 11:23:07 UTC 2023] Finished branch indexing. Indexing took 14 sec
Evaluating orphaned items in stm-be-deliveree
Will remove argocd
Finished: SUCCESS
