[Sun Apr 11 19:16:50 UTC 2021] Received com.cloudbees.jenkins.plugins.bitbucket.hooks.PushHookProcessor$1 UPDATED event from 192.168.181.12 ⇒ http://jenkins-smartlog.danghung.xyz/bitbucket-scmsource-hook/notify with timestamp Sun Apr 11 19:16:50 UTC 2021
Connecting to https://bitbucket.org using danghung@gosmartlog.com/******
Repository type: Git
Looking up smartlogwms/pushnotification for branches
Checking branch dev from smartlogwms/pushnotification
      ‘Jenkinsfile’ found
    Met criteria
Changes detected: dev (ba8f9ba3f4506eba9562d934d06f0a7b66c9c0f3 → a4ef72e55352e1f39a3110ecd463da59530240d3)
Scheduled build for branch: dev

  1 branches were processed (query completed)
[Sun Apr 11 19:16:52 UTC 2021] com.cloudbees.jenkins.plugins.bitbucket.hooks.PushHookProcessor$1 UPDATED event from 192.168.181.12 ⇒ http://jenkins-smartlog.danghung.xyz/bitbucket-scmsource-hook/notify with timestamp Sun Apr 11 19:16:50 UTC 2021 processed in 1.5 sec
[Sun Apr 11 19:18:55 UTC 2021] Received com.cloudbees.jenkins.plugins.bitbucket.hooks.PushHookProcessor$1 UPDATED event from 192.168.167.169 ⇒ http://jenkins-smartlog.danghung.xyz/bitbucket-scmsource-hook/notify with timestamp Sun Apr 11 19:18:55 UTC 2021
Connecting to https://bitbucket.org using danghung@gosmartlog.com/******
Repository type: Git
Looking up smartlogwms/pushnotification for branches
Checking branch dev from smartlogwms/pushnotification
Checking branch production from smartlogwms/pushnotification
Checking branch master from smartlogwms/pushnotification

  3 branches were processed
Looking up smartlogwms/pushnotification for pull requests

  0 pull requests were processed
[Sun Apr 11 19:18:57 UTC 2021] com.cloudbees.jenkins.plugins.bitbucket.hooks.PushHookProcessor$1 UPDATED event from 192.168.167.169 ⇒ http://jenkins-smartlog.danghung.xyz/bitbucket-scmsource-hook/notify with timestamp Sun Apr 11 19:18:55 UTC 2021 processed in 1.5 sec
[Mon Apr 12 03:13:14 UTC 2021] Received com.cloudbees.jenkins.plugins.bitbucket.hooks.PushHookProcessor$1 UPDATED event from 192.168.167.169 ⇒ http://jenkins-smartlog.danghung.xyz/bitbucket-scmsource-hook/notify with timestamp Mon Apr 12 03:13:14 UTC 2021
Connecting to https://bitbucket.org using danghung@gosmartlog.com/******
Repository type: Git
Looking up smartlogwms/pushnotification for branches
Checking branch dev from smartlogwms/pushnotification
      ‘Jenkinsfile’ found
    Met criteria
Changes detected: dev (a4ef72e55352e1f39a3110ecd463da59530240d3 → 6279ad7b69438d8fa57aca51cb2e10714d6e7a5e)
Scheduled build for branch: dev

  1 branches were processed (query completed)
[Mon Apr 12 03:13:16 UTC 2021] com.cloudbees.jenkins.plugins.bitbucket.hooks.PushHookProcessor$1 UPDATED event from 192.168.167.169 ⇒ http://jenkins-smartlog.danghung.xyz/bitbucket-scmsource-hook/notify with timestamp Mon Apr 12 03:13:14 UTC 2021 processed in 1.6 sec
[Mon Apr 12 04:30:13 UTC 2021] Received com.cloudbees.jenkins.plugins.bitbucket.hooks.PushHookProcessor$1 UPDATED event from 192.168.167.169 ⇒ http://jenkins-smartlog.danghung.xyz/bitbucket-scmsource-hook/notify with timestamp Mon Apr 12 04:30:13 UTC 2021
Connecting to https://bitbucket.org using danghung@gosmartlog.com/******
Repository type: Git
Looking up smartlogwms/pushnotification for branches
Checking branch dev from smartlogwms/pushnotification
      ‘Jenkinsfile’ found
    Met criteria
Changes detected: dev (6279ad7b69438d8fa57aca51cb2e10714d6e7a5e → fd2d53b733dcbad03ad1bfd3ffb122a235b1b26d)
Scheduled build for branch: dev

  1 branches were processed (query completed)
[Mon Apr 12 04:30:15 UTC 2021] com.cloudbees.jenkins.plugins.bitbucket.hooks.PushHookProcessor$1 UPDATED event from 192.168.167.169 ⇒ http://jenkins-smartlog.danghung.xyz/bitbucket-scmsource-hook/notify with timestamp Mon Apr 12 04:30:13 UTC 2021 processed in 1.8 sec
[Mon Apr 12 04:33:26 UTC 2021] Received com.cloudbees.jenkins.plugins.bitbucket.hooks.PushHookProcessor$1 UPDATED event from 192.168.181.12 ⇒ http://jenkins-smartlog.danghung.xyz/bitbucket-scmsource-hook/notify with timestamp Mon Apr 12 04:33:26 UTC 2021
Connecting to https://bitbucket.org using danghung@gosmartlog.com/******
Repository type: Git
Looking up smartlogwms/pushnotification for branches
Checking branch dev from smartlogwms/pushnotification
      ‘Jenkinsfile’ found
    Met criteria
Changes detected: dev (fd2d53b733dcbad03ad1bfd3ffb122a235b1b26d → 7b4971cf61dcecbf00fa786ef59a38c15c3dfff5)
Scheduled build for branch: dev

  1 branches were processed (query completed)
[Mon Apr 12 04:33:28 UTC 2021] com.cloudbees.jenkins.plugins.bitbucket.hooks.PushHookProcessor$1 UPDATED event from 192.168.181.12 ⇒ http://jenkins-smartlog.danghung.xyz/bitbucket-scmsource-hook/notify with timestamp Mon Apr 12 04:33:26 UTC 2021 processed in 1.6 sec
[Mon Apr 12 07:53:00 UTC 2021] Received com.cloudbees.jenkins.plugins.bitbucket.hooks.PushHookProcessor$1 UPDATED event from 192.168.186.144 ⇒ http://jenkins-smartlog.danghung.xyz/bitbucket-scmsource-hook/notify with timestamp Mon Apr 12 07:53:00 UTC 2021
Connecting to https://bitbucket.org using danghung@gosmartlog.com/******
Repository type: Git
Looking up smartlogwms/pushnotification for branches
Checking branch dev from smartlogwms/pushnotification
      ‘Jenkinsfile’ found
    Met criteria
Changes detected: dev (7b4971cf61dcecbf00fa786ef59a38c15c3dfff5 → 5afe2807f41e4278190d5192a6031306a916c022)
Scheduled build for branch: dev

  1 branches were processed (query completed)
[Mon Apr 12 07:53:03 UTC 2021] com.cloudbees.jenkins.plugins.bitbucket.hooks.PushHookProcessor$1 UPDATED event from 192.168.186.144 ⇒ http://jenkins-smartlog.danghung.xyz/bitbucket-scmsource-hook/notify with timestamp Mon Apr 12 07:53:00 UTC 2021 processed in 3 sec
[Mon Apr 12 07:58:02 UTC 2021] Received com.cloudbees.jenkins.plugins.bitbucket.hooks.PushHookProcessor$1 UPDATED event from 192.168.186.144 ⇒ http://jenkins-smartlog.danghung.xyz/bitbucket-scmsource-hook/notify with timestamp Mon Apr 12 07:58:02 UTC 2021
Connecting to https://bitbucket.org using danghung@gosmartlog.com/******
Repository type: Git
Looking up smartlogwms/pushnotification for branches
Checking branch dev from smartlogwms/pushnotification
      ‘Jenkinsfile’ found
    Met criteria
Changes detected: dev (5afe2807f41e4278190d5192a6031306a916c022 → 002ba7c462ed99419861aad118cc3c3512f7216a)
Scheduled build for branch: dev

  1 branches were processed (query completed)
[Mon Apr 12 07:58:04 UTC 2021] com.cloudbees.jenkins.plugins.bitbucket.hooks.PushHookProcessor$1 UPDATED event from 192.168.186.144 ⇒ http://jenkins-smartlog.danghung.xyz/bitbucket-scmsource-hook/notify with timestamp Mon Apr 12 07:58:02 UTC 2021 processed in 2.7 sec
[Mon Apr 12 09:47:10 UTC 2021] Received com.cloudbees.jenkins.plugins.bitbucket.hooks.PushHookProcessor$1 UPDATED event from 192.168.167.169 ⇒ http://jenkins-smartlog.danghung.xyz/bitbucket-scmsource-hook/notify with timestamp Mon Apr 12 09:47:10 UTC 2021
Connecting to https://bitbucket.org using danghung@gosmartlog.com/******
Repository type: Git
Looking up smartlogwms/pushnotification for branches
Checking branch dev from smartlogwms/pushnotification
      ‘Jenkinsfile’ found
    Met criteria
Changes detected: dev (002ba7c462ed99419861aad118cc3c3512f7216a → b9b77060662e9c5303c1b5cd9a40af609e5d24f2)
Scheduled build for branch: dev

  1 branches were processed (query completed)
[Mon Apr 12 09:47:12 UTC 2021] com.cloudbees.jenkins.plugins.bitbucket.hooks.PushHookProcessor$1 UPDATED event from 192.168.167.169 ⇒ http://jenkins-smartlog.danghung.xyz/bitbucket-scmsource-hook/notify with timestamp Mon Apr 12 09:47:10 UTC 2021 processed in 1.6 sec
[Mon Apr 12 09:48:43 UTC 2021] Received com.cloudbees.jenkins.plugins.bitbucket.hooks.PushHookProcessor$1 UPDATED event from 192.168.186.144 ⇒ http://jenkins-smartlog.danghung.xyz/bitbucket-scmsource-hook/notify with timestamp Mon Apr 12 09:48:43 UTC 2021
Connecting to https://bitbucket.org using danghung@gosmartlog.com/******
Repository type: Git
Looking up smartlogwms/pushnotification for branches
Checking branch dev from smartlogwms/pushnotification
      ‘Jenkinsfile’ found
    Met criteria
Changes detected: dev (b9b77060662e9c5303c1b5cd9a40af609e5d24f2 → 10f1709c60e555d4ab7f78657f823c2e6093a869)
Scheduled build for branch: dev

  1 branches were processed (query completed)
[Mon Apr 12 09:48:46 UTC 2021] com.cloudbees.jenkins.plugins.bitbucket.hooks.PushHookProcessor$1 UPDATED event from 192.168.186.144 ⇒ http://jenkins-smartlog.danghung.xyz/bitbucket-scmsource-hook/notify with timestamp Mon Apr 12 09:48:43 UTC 2021 processed in 2.8 sec
[Tue Apr 13 07:46:01 UTC 2021] Received com.cloudbees.jenkins.plugins.bitbucket.hooks.PushHookProcessor$1 UPDATED event from 192.168.167.169 ⇒ http://jenkins-smartlog.danghung.xyz/bitbucket-scmsource-hook/notify with timestamp Tue Apr 13 07:46:01 UTC 2021
Connecting to https://bitbucket.org using danghung@gosmartlog.com/******
Repository type: Git
Looking up smartlogwms/pushnotification for branches
Checking branch dev from smartlogwms/pushnotification
Checking branch master from smartlogwms/pushnotification
Checking branch production from smartlogwms/pushnotification
      ‘Jenkinsfile’ found
    Met criteria
Changes detected: production (47a8ec6ca0e44fa85c478dd018f023c423063e8c → 2fb4e16d8a2eb246394ae37d59765b93654d2fd8)
Scheduled build for branch: production

  3 branches were processed (query completed)
[Tue Apr 13 07:46:03 UTC 2021] com.cloudbees.jenkins.plugins.bitbucket.hooks.PushHookProcessor$1 UPDATED event from 192.168.167.169 ⇒ http://jenkins-smartlog.danghung.xyz/bitbucket-scmsource-hook/notify with timestamp Tue Apr 13 07:46:01 UTC 2021 processed in 1.8 sec
[Tue Apr 20 09:29:42 UTC 2021] Received com.cloudbees.jenkins.plugins.bitbucket.hooks.PushHookProcessor$1 UPDATED event from 192.168.181.12 ⇒ http://jenkins-smartlog.danghung.xyz/bitbucket-scmsource-hook/notify with timestamp Tue Apr 20 09:29:42 UTC 2021
Connecting to https://bitbucket.org using danghung@gosmartlog.com/******
Repository type: Git
Looking up smartlogwms/pushnotification for branches
Checking branch production from smartlogwms/pushnotification
      ‘Jenkinsfile’ found
    Met criteria
Changes detected: production (2fb4e16d8a2eb246394ae37d59765b93654d2fd8 → 301c6196d01308d0306fbcce602518c4c484d461)
Scheduled build for branch: production

  1 branches were processed (query completed)
[Tue Apr 20 09:29:44 UTC 2021] com.cloudbees.jenkins.plugins.bitbucket.hooks.PushHookProcessor$1 UPDATED event from 192.168.181.12 ⇒ http://jenkins-smartlog.danghung.xyz/bitbucket-scmsource-hook/notify with timestamp Tue Apr 20 09:29:42 UTC 2021 processed in 2.2 sec
[Fri Apr 23 08:48:04 UTC 2021] Received com.cloudbees.jenkins.plugins.bitbucket.hooks.PushHookProcessor$1 UPDATED event from 192.168.186.144 ⇒ http://jenkins-smartlog.danghung.xyz/bitbucket-scmsource-hook/notify with timestamp Fri Apr 23 08:48:04 UTC 2021
Connecting to https://bitbucket.org using danghung@gosmartlog.com/******
Repository type: Git
Looking up smartlogwms/pushnotification for branches
Checking branch dev from smartlogwms/pushnotification
      ‘Jenkinsfile’ found
    Met criteria
Changes detected: dev (10f1709c60e555d4ab7f78657f823c2e6093a869 → 67339bb3793cbde7fbc33fb0ccc9b379cb7b568c)
Scheduled build for branch: dev

  1 branches were processed (query completed)
[Fri Apr 23 08:48:06 UTC 2021] com.cloudbees.jenkins.plugins.bitbucket.hooks.PushHookProcessor$1 UPDATED event from 192.168.186.144 ⇒ http://jenkins-smartlog.danghung.xyz/bitbucket-scmsource-hook/notify with timestamp Fri Apr 23 08:48:04 UTC 2021 processed in 1.8 sec
[Fri Apr 23 08:53:36 UTC 2021] Received com.cloudbees.jenkins.plugins.bitbucket.hooks.PushHookProcessor$1 UPDATED event from 192.168.186.144 ⇒ http://jenkins-smartlog.danghung.xyz/bitbucket-scmsource-hook/notify with timestamp Fri Apr 23 08:53:36 UTC 2021
Connecting to https://bitbucket.org using danghung@gosmartlog.com/******
Repository type: Git
Looking up smartlogwms/pushnotification for branches
Checking branch dev from smartlogwms/pushnotification
Checking branch production from smartlogwms/pushnotification
      ‘Jenkinsfile’ found
    Met criteria
Changes detected: production (301c6196d01308d0306fbcce602518c4c484d461 → 5a74290323c571c9fa4f0dc788b64c1f9461883d)
Scheduled build for branch: production

  2 branches were processed (query completed)
[Fri Apr 23 08:53:38 UTC 2021] com.cloudbees.jenkins.plugins.bitbucket.hooks.PushHookProcessor$1 UPDATED event from 192.168.186.144 ⇒ http://jenkins-smartlog.danghung.xyz/bitbucket-scmsource-hook/notify with timestamp Fri Apr 23 08:53:36 UTC 2021 processed in 1.6 sec
[Fri Apr 23 09:17:25 UTC 2021] Received com.cloudbees.jenkins.plugins.bitbucket.hooks.PushHookProcessor$1 UPDATED event from 192.168.181.12 ⇒ http://jenkins-smartlog.danghung.xyz/bitbucket-scmsource-hook/notify with timestamp Fri Apr 23 09:17:25 UTC 2021
Connecting to https://bitbucket.org using danghung@gosmartlog.com/******
Repository type: Git
Looking up smartlogwms/pushnotification for branches
Checking branch dev from smartlogwms/pushnotification
Checking branch production from smartlogwms/pushnotification
      ‘Jenkinsfile’ found
    Met criteria
Changes detected: production (5a74290323c571c9fa4f0dc788b64c1f9461883d → 1d1bd1a420fecc6d0cc7808c720f0c5eeec59db3)
Scheduled build for branch: production

  2 branches were processed (query completed)
[Fri Apr 23 09:17:27 UTC 2021] com.cloudbees.jenkins.plugins.bitbucket.hooks.PushHookProcessor$1 UPDATED event from 192.168.181.12 ⇒ http://jenkins-smartlog.danghung.xyz/bitbucket-scmsource-hook/notify with timestamp Fri Apr 23 09:17:25 UTC 2021 processed in 1.7 sec
[Fri Apr 23 09:24:48 UTC 2021] Received com.cloudbees.jenkins.plugins.bitbucket.hooks.PushHookProcessor$1 UPDATED event from 192.168.186.144 ⇒ http://jenkins-smartlog.danghung.xyz/bitbucket-scmsource-hook/notify with timestamp Fri Apr 23 09:24:48 UTC 2021
Connecting to https://bitbucket.org using danghung@gosmartlog.com/******
Repository type: Git
Looking up smartlogwms/pushnotification for branches
Checking branch dev from smartlogwms/pushnotification
      ‘Jenkinsfile’ found
    Met criteria
Changes detected: dev (67339bb3793cbde7fbc33fb0ccc9b379cb7b568c → 3f385629ae9795c286f5b9de6930cf6ae3cd3080)
Scheduled build for branch: dev

  1 branches were processed (query completed)
[Fri Apr 23 09:24:50 UTC 2021] com.cloudbees.jenkins.plugins.bitbucket.hooks.PushHookProcessor$1 UPDATED event from 192.168.186.144 ⇒ http://jenkins-smartlog.danghung.xyz/bitbucket-scmsource-hook/notify with timestamp Fri Apr 23 09:24:48 UTC 2021 processed in 1.6 sec
[Fri Apr 23 09:25:31 UTC 2021] Received com.cloudbees.jenkins.plugins.bitbucket.hooks.PushHookProcessor$1 UPDATED event from 192.168.167.169 ⇒ http://jenkins-smartlog.danghung.xyz/bitbucket-scmsource-hook/notify with timestamp Fri Apr 23 09:25:31 UTC 2021
Connecting to https://bitbucket.org using danghung@gosmartlog.com/******
Repository type: Git
Looking up smartlogwms/pushnotification for branches
Checking branch dev from smartlogwms/pushnotification
Checking branch production from smartlogwms/pushnotification
      ‘Jenkinsfile’ found
    Met criteria
Changes detected: production (1d1bd1a420fecc6d0cc7808c720f0c5eeec59db3 → 4d5cea5d8b0f3346e48545ed87adc5f0868731c2)
Scheduled build for branch: production

  2 branches were processed (query completed)
[Fri Apr 23 09:25:33 UTC 2021] com.cloudbees.jenkins.plugins.bitbucket.hooks.PushHookProcessor$1 UPDATED event from 192.168.167.169 ⇒ http://jenkins-smartlog.danghung.xyz/bitbucket-scmsource-hook/notify with timestamp Fri Apr 23 09:25:31 UTC 2021 processed in 1.6 sec
[Sat Nov 13 03:55:01 UTC 2021] Received com.cloudbees.jenkins.plugins.bitbucket.hooks.PushHookProcessor$1 UPDATED event from 192.168.104.18 ⇒ http://jenkins-smartlog.danghung.xyz/bitbucket-scmsource-hook/notify with timestamp Sat Nov 13 03:55:01 UTC 2021
Connecting to https://bitbucket.org using danghung@gosmartlog.com/******
Repository type: Git
Looking up smartlogwms/pushnotification for branches
Checking branch dev from smartlogwms/pushnotification
      ‘Jenkinsfile’ found
    Met criteria
Changes detected: dev (3f385629ae9795c286f5b9de6930cf6ae3cd3080 → 6f6d9dbbcd14881a0f9a0abc3960be937822052f)
Scheduled build for branch: dev

  1 branches were processed (query completed)
[Sat Nov 13 03:55:04 UTC 2021] com.cloudbees.jenkins.plugins.bitbucket.hooks.PushHookProcessor$1 UPDATED event from 192.168.104.18 ⇒ http://jenkins-smartlog.danghung.xyz/bitbucket-scmsource-hook/notify with timestamp Sat Nov 13 03:55:01 UTC 2021 processed in 2.7 sec
[Sat Nov 13 04:05:23 UTC 2021] Received com.cloudbees.jenkins.plugins.bitbucket.hooks.PushHookProcessor$1 UPDATED event from 192.168.104.18 ⇒ http://jenkins-smartlog.danghung.xyz/bitbucket-scmsource-hook/notify with timestamp Sat Nov 13 04:05:23 UTC 2021
Connecting to https://bitbucket.org using danghung@gosmartlog.com/******
Repository type: Git
Looking up smartlogwms/pushnotification for branches
Checking branch dev from smartlogwms/pushnotification
      ‘Jenkinsfile’ found
    Met criteria
Changes detected: dev (6f6d9dbbcd14881a0f9a0abc3960be937822052f → f8a00973fdf31a32b7136f25d73a570a668a6498)
Scheduled build for branch: dev

  1 branches were processed (query completed)
[Sat Nov 13 04:05:25 UTC 2021] com.cloudbees.jenkins.plugins.bitbucket.hooks.PushHookProcessor$1 UPDATED event from 192.168.104.18 ⇒ http://jenkins-smartlog.danghung.xyz/bitbucket-scmsource-hook/notify with timestamp Sat Nov 13 04:05:23 UTC 2021 processed in 1.5 sec
[Tue Nov 30 03:45:30 UTC 2021] Received com.cloudbees.jenkins.plugins.bitbucket.hooks.PushHookProcessor$1 UPDATED event from 192.168.127.42 ⇒ http://jenkins-smartlog.danghung.xyz/bitbucket-scmsource-hook/notify with timestamp Tue Nov 30 03:45:30 UTC 2021
Connecting to https://bitbucket.org using danghung@gosmartlog.com/******
Repository type: Git
Looking up smartlogwms/pushnotification for branches
Checking branch dev from smartlogwms/pushnotification
      ‘Jenkinsfile’ found
    Met criteria
Changes detected: dev (f8a00973fdf31a32b7136f25d73a570a668a6498 → 621facc7d134dafa784db9fe0e9c68b43c03fe41)
Scheduled build for branch: dev

  1 branches were processed (query completed)
[Tue Nov 30 03:45:32 UTC 2021] com.cloudbees.jenkins.plugins.bitbucket.hooks.PushHookProcessor$1 UPDATED event from 192.168.127.42 ⇒ http://jenkins-smartlog.danghung.xyz/bitbucket-scmsource-hook/notify with timestamp Tue Nov 30 03:45:30 UTC 2021 processed in 2 sec
[Tue Nov 30 03:51:48 UTC 2021] Received com.cloudbees.jenkins.plugins.bitbucket.hooks.PushHookProcessor$1 UPDATED event from 192.168.147.223 ⇒ http://jenkins-smartlog.danghung.xyz/bitbucket-scmsource-hook/notify with timestamp Tue Nov 30 03:51:48 UTC 2021
Connecting to https://bitbucket.org using danghung@gosmartlog.com/******
Repository type: Git
Looking up smartlogwms/pushnotification for branches
Checking branch dev from smartlogwms/pushnotification
      ‘Jenkinsfile’ found
    Met criteria
Changes detected: dev (621facc7d134dafa784db9fe0e9c68b43c03fe41 → 3eb0af764c6d7d19401647805c2ba11de090e738)
Scheduled build for branch: dev

  1 branches were processed (query completed)
[Tue Nov 30 03:51:49 UTC 2021] com.cloudbees.jenkins.plugins.bitbucket.hooks.PushHookProcessor$1 UPDATED event from 192.168.147.223 ⇒ http://jenkins-smartlog.danghung.xyz/bitbucket-scmsource-hook/notify with timestamp Tue Nov 30 03:51:48 UTC 2021 processed in 1.5 sec
[Tue Nov 30 04:14:19 UTC 2021] Received com.cloudbees.jenkins.plugins.bitbucket.hooks.PushHookProcessor$1 UPDATED event from 192.168.146.27 ⇒ http://jenkins-smartlog.danghung.xyz/bitbucket-scmsource-hook/notify with timestamp Tue Nov 30 04:14:19 UTC 2021
Connecting to https://bitbucket.org using danghung@gosmartlog.com/******
Repository type: Git
Looking up smartlogwms/pushnotification for branches
Checking branch dev from smartlogwms/pushnotification
      ‘Jenkinsfile’ found
    Met criteria
Changes detected: dev (3eb0af764c6d7d19401647805c2ba11de090e738 → 3be0a91015aecf0f696585cbc0ccde48fd68449d)
Scheduled build for branch: dev

  1 branches were processed (query completed)
[Tue Nov 30 04:14:21 UTC 2021] com.cloudbees.jenkins.plugins.bitbucket.hooks.PushHookProcessor$1 UPDATED event from 192.168.146.27 ⇒ http://jenkins-smartlog.danghung.xyz/bitbucket-scmsource-hook/notify with timestamp Tue Nov 30 04:14:19 UTC 2021 processed in 1.6 sec
[Mon Dec 06 09:01:32 UTC 2021] Received com.cloudbees.jenkins.plugins.bitbucket.hooks.PushHookProcessor$1 UPDATED event from 192.168.100.236 ⇒ http://jenkins-smartlog.danghung.xyz/bitbucket-scmsource-hook/notify with timestamp Mon Dec 06 09:01:32 UTC 2021
Connecting to https://bitbucket.org using danghung@gosmartlog.com/******
Repository type: Git
Looking up smartlogwms/pushnotification for branches
Checking branch dev from smartlogwms/pushnotification
      ‘Jenkinsfile’ found
    Met criteria
Changes detected: dev (3be0a91015aecf0f696585cbc0ccde48fd68449d → 2b81d16ed67e7901437baad0d42da12ea73db4c6)
Scheduled build for branch: dev

  1 branches were processed (query completed)
[Mon Dec 06 09:01:33 UTC 2021] com.cloudbees.jenkins.plugins.bitbucket.hooks.PushHookProcessor$1 UPDATED event from 192.168.100.236 ⇒ http://jenkins-smartlog.danghung.xyz/bitbucket-scmsource-hook/notify with timestamp Mon Dec 06 09:01:32 UTC 2021 processed in 1.7 sec
[Mon Dec 06 09:11:27 UTC 2021] Received com.cloudbees.jenkins.plugins.bitbucket.hooks.PushHookProcessor$1 UPDATED event from 192.168.109.44 ⇒ http://jenkins-smartlog.danghung.xyz/bitbucket-scmsource-hook/notify with timestamp Mon Dec 06 09:11:27 UTC 2021
Connecting to https://bitbucket.org using danghung@gosmartlog.com/******
Repository type: Git
Looking up smartlogwms/pushnotification for branches
Checking branch dev from smartlogwms/pushnotification
      ‘Jenkinsfile’ found
    Met criteria
Changes detected: dev (2b81d16ed67e7901437baad0d42da12ea73db4c6 → e8bfafa6e519a43ba02d153cdd9a8bbdf53a6c3e)
Scheduled build for branch: dev

  1 branches were processed (query completed)
[Mon Dec 06 09:11:29 UTC 2021] com.cloudbees.jenkins.plugins.bitbucket.hooks.PushHookProcessor$1 UPDATED event from 192.168.109.44 ⇒ http://jenkins-smartlog.danghung.xyz/bitbucket-scmsource-hook/notify with timestamp Mon Dec 06 09:11:27 UTC 2021 processed in 1.6 sec
[Mon Dec 06 09:17:05 UTC 2021] Received com.cloudbees.jenkins.plugins.bitbucket.hooks.PushHookProcessor$1 UPDATED event from 192.168.127.42 ⇒ http://jenkins-smartlog.danghung.xyz/bitbucket-scmsource-hook/notify with timestamp Mon Dec 06 09:17:05 UTC 2021
Connecting to https://bitbucket.org using danghung@gosmartlog.com/******
Repository type: Git
Looking up smartlogwms/pushnotification for branches
Checking branch dev from smartlogwms/pushnotification
      ‘Jenkinsfile’ found
    Met criteria
Changes detected: dev (e8bfafa6e519a43ba02d153cdd9a8bbdf53a6c3e → 0c9b654792c8d6aa9870a4e417e7d00ebac3132a)
Scheduled build for branch: dev

  1 branches were processed (query completed)
[Mon Dec 06 09:17:07 UTC 2021] com.cloudbees.jenkins.plugins.bitbucket.hooks.PushHookProcessor$1 UPDATED event from 192.168.127.42 ⇒ http://jenkins-smartlog.danghung.xyz/bitbucket-scmsource-hook/notify with timestamp Mon Dec 06 09:17:05 UTC 2021 processed in 1.6 sec
[Mon Dec 06 09:22:01 UTC 2021] Received com.cloudbees.jenkins.plugins.bitbucket.hooks.PushHookProcessor$1 UPDATED event from 192.168.170.14 ⇒ http://jenkins-smartlog.danghung.xyz/bitbucket-scmsource-hook/notify with timestamp Mon Dec 06 09:22:01 UTC 2021
Connecting to https://bitbucket.org using danghung@gosmartlog.com/******
Repository type: Git
Looking up smartlogwms/pushnotification for branches
Checking branch dev from smartlogwms/pushnotification
      ‘Jenkinsfile’ found
    Met criteria
Changes detected: dev (0c9b654792c8d6aa9870a4e417e7d00ebac3132a → 20968f54418372d38c0667907ac4cbcb5bd0f5ce)
Scheduled build for branch: dev

  1 branches were processed (query completed)
[Mon Dec 06 09:22:02 UTC 2021] com.cloudbees.jenkins.plugins.bitbucket.hooks.PushHookProcessor$1 UPDATED event from 192.168.170.14 ⇒ http://jenkins-smartlog.danghung.xyz/bitbucket-scmsource-hook/notify with timestamp Mon Dec 06 09:22:01 UTC 2021 processed in 1.8 sec
[Tue Dec 07 09:47:18 UTC 2021] Received com.cloudbees.jenkins.plugins.bitbucket.hooks.PushHookProcessor$1 UPDATED event from 192.168.183.43 ⇒ http://jenkins-smartlog.danghung.xyz/bitbucket-scmsource-hook/notify with timestamp Tue Dec 07 09:47:18 UTC 2021
Connecting to https://bitbucket.org using danghung@gosmartlog.com/******
Repository type: Git
Looking up smartlogwms/pushnotification for branches
Checking branch dev from smartlogwms/pushnotification
      ‘Jenkinsfile’ found
    Met criteria
Changes detected: dev (20968f54418372d38c0667907ac4cbcb5bd0f5ce → db6d5f713412979dbe07409aab96fb6ead10add1)
Scheduled build for branch: dev

  1 branches were processed (query completed)
[Tue Dec 07 09:47:20 UTC 2021] com.cloudbees.jenkins.plugins.bitbucket.hooks.PushHookProcessor$1 UPDATED event from 192.168.183.43 ⇒ http://jenkins-smartlog.danghung.xyz/bitbucket-scmsource-hook/notify with timestamp Tue Dec 07 09:47:18 UTC 2021 processed in 1.6 sec
[Tue Dec 07 14:57:49 UTC 2021] Received com.cloudbees.jenkins.plugins.bitbucket.hooks.PushHookProcessor$1 UPDATED event from 192.168.109.44 ⇒ http://jenkins-smartlog.danghung.xyz/bitbucket-scmsource-hook/notify with timestamp Tue Dec 07 14:57:49 UTC 2021
Connecting to https://bitbucket.org using danghung@gosmartlog.com/******
Repository type: Git
Looking up smartlogwms/pushnotification for branches
Checking branch dev from smartlogwms/pushnotification
Checking branch master from smartlogwms/pushnotification
Checking branch production from smartlogwms/pushnotification
      ‘Jenkinsfile’ found
    Met criteria
Changes detected: production (4d5cea5d8b0f3346e48545ed87adc5f0868731c2 → 0c8afc280b5cd20ded90e24cc8002e9ec3be2288)
Scheduled build for branch: production

  3 branches were processed (query completed)
[Tue Dec 07 14:57:50 UTC 2021] com.cloudbees.jenkins.plugins.bitbucket.hooks.PushHookProcessor$1 UPDATED event from 192.168.109.44 ⇒ http://jenkins-smartlog.danghung.xyz/bitbucket-scmsource-hook/notify with timestamp Tue Dec 07 14:57:49 UTC 2021 processed in 0.96 sec
[Mon Apr 18 07:36:23 UTC 2022] Received com.cloudbees.jenkins.plugins.bitbucket.hooks.PushHookProcessor$1 UPDATED event from 192.168.126.66 ⇒ http://jenkins-smartlog.danghung.xyz/bitbucket-scmsource-hook/notify with timestamp Mon Apr 18 07:36:18 UTC 2022
Connecting to https://bitbucket.org using oauth-swm
Repository type: Git
Looking up smartlogwms/pushnotification for branches
Checking branch dev from smartlogwms/pushnotification
Checking branch master from smartlogwms/pushnotification
Checking branch production from smartlogwms/pushnotification
      ‘Jenkinsfile’ found
    Met criteria
Changes detected: production (0c8afc280b5cd20ded90e24cc8002e9ec3be2288 → 0c0cb16fe10d03dedef9687231519432f9ec0f1d)
Scheduled build for branch: production

  3 branches were processed (query completed)
[Mon Apr 18 07:36:27 UTC 2022] com.cloudbees.jenkins.plugins.bitbucket.hooks.PushHookProcessor$1 UPDATED event from 192.168.126.66 ⇒ http://jenkins-smartlog.danghung.xyz/bitbucket-scmsource-hook/notify with timestamp Mon Apr 18 07:36:18 UTC 2022 processed in 3.7 sec
[Thu Dec 15 07:07:35 UTC 2022] Received com.cloudbees.jenkins.plugins.bitbucket.hooks.PushHookProcessor$1 UPDATED event from 192.168.106.12 ⇒ http://jenkins-smartlog.danghung.xyz/bitbucket-scmsource-hook/notify with timestamp Thu Dec 15 07:07:30 UTC 2022
Connecting to https://bitbucket.org using oauth-swm
Repository type: Git
Looking up smartlogwms/pushnotification for branches
Checking branch dev from smartlogwms/pushnotification
      ‘Jenkinsfile’ found
    Met criteria
Changes detected: dev (db6d5f713412979dbe07409aab96fb6ead10add1 → d14c9ab81bd842cc2d37b4000f62d34f155f1210)
Scheduled build for branch: dev

  1 branches were processed (query completed)
[Thu Dec 15 07:07:39 UTC 2022] com.cloudbees.jenkins.plugins.bitbucket.hooks.PushHookProcessor$1 UPDATED event from 192.168.106.12 ⇒ http://jenkins-smartlog.danghung.xyz/bitbucket-scmsource-hook/notify with timestamp Thu Dec 15 07:07:30 UTC 2022 processed in 4 sec
[Fri Dec 16 02:54:19 UTC 2022] Received com.cloudbees.jenkins.plugins.bitbucket.hooks.PushHookProcessor$1 UPDATED event from 192.168.128.242 ⇒ http://jenkins-smartlog.danghung.xyz/bitbucket-scmsource-hook/notify with timestamp Fri Dec 16 02:54:14 UTC 2022
Connecting to https://bitbucket.org using oauth-swm
Repository type: Git
Looking up smartlogwms/pushnotification for branches
Checking branch dev from smartlogwms/pushnotification
      ‘Jenkinsfile’ found
    Met criteria
Changes detected: dev (d14c9ab81bd842cc2d37b4000f62d34f155f1210 → 8fe7c86e2581519aff2e145a91450b0bf08e1c4f)
Scheduled build for branch: dev

  1 branches were processed (query completed)
[Fri Dec 16 02:54:23 UTC 2022] com.cloudbees.jenkins.plugins.bitbucket.hooks.PushHookProcessor$1 UPDATED event from 192.168.128.242 ⇒ http://jenkins-smartlog.danghung.xyz/bitbucket-scmsource-hook/notify with timestamp Fri Dec 16 02:54:14 UTC 2022 processed in 3.3 sec
[Fri Dec 16 03:08:58 UTC 2022] Received com.cloudbees.jenkins.plugins.bitbucket.hooks.PushHookProcessor$1 UPDATED event from 192.168.133.217 ⇒ http://jenkins-smartlog.danghung.xyz/bitbucket-scmsource-hook/notify with timestamp Fri Dec 16 03:08:53 UTC 2022
Connecting to https://bitbucket.org using oauth-swm
Repository type: Git
Looking up smartlogwms/pushnotification for branches
Checking branch dev from smartlogwms/pushnotification
      ‘Jenkinsfile’ found
    Met criteria
Changes detected: dev (8fe7c86e2581519aff2e145a91450b0bf08e1c4f → 689366a08831c824483f174f65e21ba1e5f8059b)
Scheduled build for branch: dev

  1 branches were processed (query completed)
[Fri Dec 16 03:09:02 UTC 2022] com.cloudbees.jenkins.plugins.bitbucket.hooks.PushHookProcessor$1 UPDATED event from 192.168.133.217 ⇒ http://jenkins-smartlog.danghung.xyz/bitbucket-scmsource-hook/notify with timestamp Fri Dec 16 03:08:53 UTC 2022 processed in 3.3 sec
[Fri Dec 16 03:18:13 UTC 2022] Received com.cloudbees.jenkins.plugins.bitbucket.hooks.PushHookProcessor$1 UPDATED event from 192.168.152.93 ⇒ http://jenkins-smartlog.danghung.xyz/bitbucket-scmsource-hook/notify with timestamp Fri Dec 16 03:18:07 UTC 2022
Connecting to https://bitbucket.org using oauth-swm
Repository type: Git
Looking up smartlogwms/pushnotification for branches
Checking branch dev from smartlogwms/pushnotification
      ‘Jenkinsfile’ found
    Met criteria
Changes detected: dev (689366a08831c824483f174f65e21ba1e5f8059b → 868b0488131169c643df8b6b5f27f3e5ec2e8d5b)
Scheduled build for branch: dev

  1 branches were processed (query completed)
[Fri Dec 16 03:18:16 UTC 2022] com.cloudbees.jenkins.plugins.bitbucket.hooks.PushHookProcessor$1 UPDATED event from 192.168.152.93 ⇒ http://jenkins-smartlog.danghung.xyz/bitbucket-scmsource-hook/notify with timestamp Fri Dec 16 03:18:07 UTC 2022 processed in 3.3 sec
[Fri Dec 16 03:23:01 UTC 2022] Received com.cloudbees.jenkins.plugins.bitbucket.hooks.PushHookProcessor$1 UPDATED event from 192.168.136.35 ⇒ http://jenkins-smartlog.danghung.xyz/bitbucket-scmsource-hook/notify with timestamp Fri Dec 16 03:22:56 UTC 2022
Connecting to https://bitbucket.org using oauth-swm
Repository type: Git
Looking up smartlogwms/pushnotification for branches
Checking branch dev from smartlogwms/pushnotification
      ‘Jenkinsfile’ found
    Met criteria
Changes detected: dev (868b0488131169c643df8b6b5f27f3e5ec2e8d5b → 2c93ddc72b6ceb5f963d67d88ddd68c8cbddf9d4)
Scheduled build for branch: dev

  1 branches were processed (query completed)
[Fri Dec 16 03:23:04 UTC 2022] com.cloudbees.jenkins.plugins.bitbucket.hooks.PushHookProcessor$1 UPDATED event from 192.168.136.35 ⇒ http://jenkins-smartlog.danghung.xyz/bitbucket-scmsource-hook/notify with timestamp Fri Dec 16 03:22:56 UTC 2022 processed in 3.4 sec
[Fri Dec 16 10:00:30 UTC 2022] Received com.cloudbees.jenkins.plugins.bitbucket.hooks.PushHookProcessor$1 UPDATED event from 192.168.111.204 ⇒ http://jenkins-smartlog.danghung.xyz/bitbucket-scmsource-hook/notify with timestamp Fri Dec 16 10:00:25 UTC 2022
Connecting to https://bitbucket.org using oauth-swm
Repository type: Git
Looking up smartlogwms/pushnotification for branches
Checking branch dev from smartlogwms/pushnotification
      ‘Jenkinsfile’ found
    Met criteria
Changes detected: dev (2c93ddc72b6ceb5f963d67d88ddd68c8cbddf9d4 → e0e7e6b7d0a0c3b4e6deca7de5cd52b61eba7ceb)
Scheduled build for branch: dev

  1 branches were processed (query completed)
[Fri Dec 16 10:00:33 UTC 2022] com.cloudbees.jenkins.plugins.bitbucket.hooks.PushHookProcessor$1 UPDATED event from 192.168.111.204 ⇒ http://jenkins-smartlog.danghung.xyz/bitbucket-scmsource-hook/notify with timestamp Fri Dec 16 10:00:25 UTC 2022 processed in 3.2 sec
